The following COBY arguments will be processed:
COBY(
    box = [
        20,
        20,
        10,
    ],
    membrane = "lipid:POPC hole:circle:radius:3:cx:-5:cy:-5 hole:ellipse:xradius:1.5:yradius:3:cx:-5:cy:5 hole:square:length:5:cx:5:cy:5 hole:rectangle:xlength:2:ylength:6:cx:5:cy:-5",
    solvation = "default",
    itp_input = "file:toppar/top_for_COBY.itp",
    out_sys = "output_systems/Holes3_MultipleHoles/output_Holes3_MultipleHoles",
    out_top = "output_systems/Holes3_MultipleHoles/topol_Holes3_MultipleHoles.top",
    out_log = "output_systems/Holes3_MultipleHoles/log_Holes3_MultipleHoles.log",
    sn = "Holes3_MultipleHoles",
)
Setting random seed to: 1749800531
-------------------------- PREPROCESSING DEFINITIONS ---------------------------
Loading topology file(s)
    Finished loading topologies. Number of moleculetypes found: 194 

Preprocessing lipid scaffolds
    Number of lipids preprocessed: 6109 

Preprocessing lipid definitions
    Number of lipids preprocessed: 0 

Preprocessing ion definitions
    Number of positive ions preprocessed: 8
    Number of negative ions preprocessed: 11 

Preprocessing solvent definitions
    Number of solvents preprocessed: 64
---------------------- DEFINITIONS PREPROCESSING COMPLETE ----------------------
                            (Time spent: 0.5744 [s])                            

---------------------------- PREPROCESSING COMMANDS ----------------------------
Preprocessing membrane requests
    Starting membrane argument: 1
    Number of membranes preprocessed: 1
Preprocessing solvation requests
    Starting solvation argument: 1
    Number of solvent commands preprocessed: 1
------------------------ COMMAND PREPROCESSING COMPLETE ------------------------
                            (Time spent: 0.001 [s])                             

----------------------- CREATING LEAFLET BOUNDARY BOXES ------------------------
Starting membrane nr 1
    Starting upper leaflet
        Base parameters: x=20.0nm y=20.0nm APL=0.6nm^2
    Starting lower leaflet
        Base parameters: x=20.0nm y=20.0nm APL=0.6nm^2
------------------------ LEAFLET BOUNDARY BOXES CREATED ------------------------
                            (Time spent: 0.0009 [s])                             

------------------------ CREATING HOLED BOUNDARY BOXES -------------------------
Starting membrane nr 1
    Calculating holed boundary box
        Starting upper leaflet
        Starting lower leaflet
------------------------- HOLED BOUNDARY BOXES CREATED -------------------------
                            (Time spent: 0.0028 [s])                             

--------------------------- CALCULATING LIPID RATIOS ---------------------------
Starting membrane nr 1
    Starting upper leaflet
        Lipid optimization 'lipid_optim' setting: force_fill
            Forcefully filling leaflet until all grid points have a lipid

            Maximum number of lipids allowed in subleaflet: 534
            
        Maximum number of lipids allowed in leaflet: 534
        Final deviations from expected ratios: Difference in %-values
            Maximum: 0.0
            Average: 0.0
            Minimum: 0.0
        Leaflet specific lipid data (Combined subleafs)
            Name : Final lipids : Final % : Expected % : Starting % : Starting lipids
            POPC : 534          : 100.0   : 100.0      : 100.0      : 534            

    Starting lower leaflet
        Lipid optimization 'lipid_optim' setting: force_fill
            Forcefully filling leaflet until all grid points have a lipid

            Maximum number of lipids allowed in subleaflet: 534
            
        Maximum number of lipids allowed in leaflet: 534
        Final deviations from expected ratios: Difference in %-values
            Maximum: 0.0
            Average: 0.0
            Minimum: 0.0
        Leaflet specific lipid data (Combined subleafs)
            Name : Final lipids : Final % : Expected % : Starting % : Starting lipids
            POPC : 534          : 100.0   : 100.0      : 100.0      : 534            

    Membrane-wide lipid data
            Name : Total lipids : Total %
            POPC : 1068         : 100.0  
---------------------- LIPID RATIO CALCULATIONS COMPLETE -----------------------
                            (Time spent: 0.0007 [s])                             

----------------------------- CREATING LIPID GRID ------------------------------
Starting membrane nr 1
    Starting upper leaflet
            Total leaflet optimization time: 0.6031 [s]

    Starting lower leaflet
            Total leaflet optimization time: 0.6793 [s]
------------------------------ LIPID GRID CREATED ------------------------------
                            (Time spent: 1.4096 [s])                             

------------------------------- CREATING LIPIDS --------------------------------
Starting membrane nr 1
    Starting upper leaflet
    Starting lower leaflet
--------------------------- LIPID CREATION COMPLETE ----------------------------
                            (Time spent: 0.1824 [s])                             

------------------------------- SOLVATING SYSTEM -------------------------------
Starting solvation nr 1
    Calculating box volume: (all values in [nm^3])
        Bead radius used for volume calculations 'bead_radius': 0.264 [nm]
        Solvent box volume: 4000.0
        Excluded volume:    987.763
            Solute volume:  0.0
            Lipid volume:   987.763
            Protein volume: 0.0
        Free volume:        3012.237
        Solvent volume:     3025.094

    Solvent box charge information:
        Solvent box charge before solvent insertion: 0.0
            Prior solvent beads:  0
            Lipid beads:          0.0
            Protein beads:        0
        Solvent box charge after solvent insertion:  0.0
            New solvent beads: 0.0
                Solvent       (solv): 0
                Positive ions (pos):  273.0
                Negative ions (neg):  -273.0

    Calculating the number of available grid points
        Final number of 3D grid points available for molecule placement: 125693
        Inserting 25743 solvent molecules into random grid points:
            Currently at solvent number: 1
            Currently at solvent number: 25000
            Currently at solvent number: 25743

Solvent data for whole system
        Name : Totals : Total % : Molarity(box) : Molarity(free) : Molarity(solvent) : Charge
        W    : 25197  : 97.879  : 10.46         : 13.89          : 13.831            : 0     
        NA   : 273    : 1.06    : 0.113         : 0.15           : 0.15              : 1.0   
        CL   : 273    : 1.06    : 0.113         : 0.15           : 0.15              : -1.0  
------------------------------ SOLVATION COMPLETE ------------------------------
                            (Time spent: 0.569 [s])                              

                          +--------------------------+                          
--------------------------+ FINAL SYSTEM CHARGE: 0.0 +--------------------------
                          +--------------------------+                          

-------------------------------- WRITING FILES ---------------------------------
Writing structure files (PDB/GRO)
    PDB file written: output_systems/Holes3_MultipleHoles/output_Holes3_MultipleHoles.pdb
    GRO file written: output_systems/Holes3_MultipleHoles/output_Holes3_MultipleHoles.gro
    CIF file written: output_systems/Holes3_MultipleHoles/output_Holes3_MultipleHoles.cif

Writing topology file (TOP)
    TOP file written: output_systems/Holes3_MultipleHoles/topol_Holes3_MultipleHoles.top 

Writing log file (LOG)
