The following COBY arguments will be processed:
COBY(
    box = [
        16,
        16,
    ],
    stacked_membranes = "number:2 distance:10:10 distance_type:surface membrane_argument:positions:1:2 apl:0.5 lipid:POPC solvation_argument:positions:1 default solvation_argument:positions:2 default salt_molarity:0.4",
    protein = [
        "file:example_proteins/3f5w_martinized.pdb moleculetypes:3f5w_monomer_0_martinized:3f5w_monomer_1_martinized:3f5w_monomer_2_martinized:3f5w_monomer_3_martinized cen_method:axis cz:7",
        "file:example_proteins/3f5w_martinized.pdb moleculetypes:3f5w_monomer_0_martinized:3f5w_monomer_1_martinized:3f5w_monomer_2_martinized:3f5w_monomer_3_martinized cen_method:axis cz:-7 rx:180",
    ],
    itp_input = [
        "file:toppar/top_for_COBY.itp",
        "file:toppar/PotassiumChannel/3f5w_martinized.top",
    ],
    out_sys = "output_systems/Paper_Subfigure_Main_g_Electrophysiology/output_Paper_Subfigure_Main_g_Electrophysiology",
    out_top = "output_systems/Paper_Subfigure_Main_g_Electrophysiology/topol_Paper_Subfigure_Main_g_Electrophysiology.top",
    out_log = "output_systems/Paper_Subfigure_Main_g_Electrophysiology/log_Paper_Subfigure_Main_g_Electrophysiology.log",
    sn = "Paper_Subfigure_Main_g_Electrophysiology",
)
Setting random seed to: 1749800586
-------------------------- PREPROCESSING DEFINITIONS ---------------------------
Loading topology file(s)
    Finished loading topologies. Number of moleculetypes found: 198 

Preprocessing lipid scaffolds
    Number of lipids preprocessed: 6109 

Preprocessing lipid definitions
    Number of lipids preprocessed: 0 

Preprocessing ion definitions
    Number of positive ions preprocessed: 8
    Number of negative ions preprocessed: 11 

Preprocessing solvent definitions
    Number of solvents preprocessed: 64
---------------------- DEFINITIONS PREPROCESSING COMPLETE ----------------------
                            (Time spent: 0.7893 [s])                            

----------------- PRE-PREPROCESSING STACKED MEMBRANE COMMANDS ------------------
Prepreprocessing stacked membranes request:
    Starting argument: 1
Preprocessing membrane requests
    Starting membrane argument: 1
Preprocessing membrane requests
    Starting membrane argument: 1
Number of membranes preprocessed: 1
----------------- STACKED MEMBRANE PRE-PREPROCESSING COMPLETE ------------------
                            (Time spent: 0.0015 [s])                            

---------------------------- PREPROCESSING COMMANDS ----------------------------
Preprocessing protein requests
    Starting protein: 1
    Starting protein: 2
    Number of molecule insertions preprocessed: 2
Preprocessing membrane requests
    Starting membrane argument: 1
    Starting membrane argument: 2
    Number of membranes preprocessed: 2
Preprocessing solvation requests
    Starting solvation argument: 1
    Starting solvation argument: 2
    Starting solvation argument: 3
    Starting solvation argument: 4
    Number of solvent commands preprocessed: 4
------------------------ COMMAND PREPROCESSING COMPLETE ------------------------
                            (Time spent: 0.0279 [s])                            

------------------------------ PROTEIN PLACEMENT -------------------------------
Starting protein nr 1
    Total charge of protein is: 4.0
    Centering protein using 'axis' at x/y/z: 155.86 155.861 -40.395 (Input file coordinate system [Å])
    New protein center at x/y/z: 0 0 70 (Internal coordinate system [Å])
    Finished placing protein nr 1

Starting protein nr 2
    Total charge of protein is: 4.0
    Centering protein using 'axis' at x/y/z: 155.86 155.861 -40.395 (Input file coordinate system [Å])
    New protein center at x/y/z: 0 0 -70 (Internal coordinate system [Å])
    Finished placing protein nr 2
-------------------------- PROTEIN PLACEMENT COMPLETE --------------------------
                            (Time spent: 0.016 [s])                              

----------------------- CREATING LEAFLET BOUNDARY BOXES ------------------------
Starting membrane nr 1
    Starting upper leaflet
        Base parameters: x=16.0nm y=16.0nm APL=0.5nm^2
    Starting lower leaflet
        Base parameters: x=16.0nm y=16.0nm APL=0.5nm^2

Starting membrane nr 2
    Starting upper leaflet
        Base parameters: x=16.0nm y=16.0nm APL=0.5nm^2
    Starting lower leaflet
        Base parameters: x=16.0nm y=16.0nm APL=0.5nm^2
------------------------ LEAFLET BOUNDARY BOXES CREATED ------------------------
                            (Time spent: 0.0012 [s])                             

------------------------ CREATING HOLED BOUNDARY BOXES -------------------------
Starting membrane nr 1
    Finding protein beads inside leaflets
        Starting upper leaflet
            320 protein beads found within leaflet

        Starting lower leaflet
            492 protein beads found within leaflet

    Calculating holed boundary box
        Starting upper leaflet
        Starting lower leaflet

Starting membrane nr 2
    Finding protein beads inside leaflets
        Starting upper leaflet
            492 protein beads found within leaflet

        Starting lower leaflet
            320 protein beads found within leaflet

    Calculating holed boundary box
        Starting upper leaflet
        Starting lower leaflet
------------------------- HOLED BOUNDARY BOXES CREATED -------------------------
                            (Time spent: 0.7528 [s])                             

--------------------------- CALCULATING LIPID RATIOS ---------------------------
Starting membrane nr 1
    Starting upper leaflet
        Lipid optimization 'lipid_optim' setting: force_fill
            Forcefully filling leaflet until all grid points have a lipid

            Maximum number of lipids allowed in subleaflet: 486
            
        Maximum number of lipids allowed in leaflet: 486
        Final deviations from expected ratios: Difference in %-values
            Maximum: 0.0
            Average: 0.0
            Minimum: 0.0
        Leaflet specific lipid data (Combined subleafs)
            Name : Final lipids : Final % : Expected % : Starting % : Starting lipids
            POPC : 486          : 100.0   : 100.0      : 100.0      : 486            

    Starting lower leaflet
        Lipid optimization 'lipid_optim' setting: force_fill
            Forcefully filling leaflet until all grid points have a lipid

            Maximum number of lipids allowed in subleaflet: 472
            
        Maximum number of lipids allowed in leaflet: 472
        Final deviations from expected ratios: Difference in %-values
            Maximum: 0.0
            Average: 0.0
            Minimum: 0.0
        Leaflet specific lipid data (Combined subleafs)
            Name : Final lipids : Final % : Expected % : Starting % : Starting lipids
            POPC : 472          : 100.0   : 100.0      : 100.0      : 472            

    Membrane-wide lipid data
            Name : Total lipids : Total %
            POPC : 958          : 100.0  

Starting membrane nr 2
    Starting upper leaflet
        Lipid optimization 'lipid_optim' setting: force_fill
            Forcefully filling leaflet until all grid points have a lipid

            Maximum number of lipids allowed in subleaflet: 472
            
        Maximum number of lipids allowed in leaflet: 472
        Final deviations from expected ratios: Difference in %-values
            Maximum: 0.0
            Average: 0.0
            Minimum: 0.0
        Leaflet specific lipid data (Combined subleafs)
            Name : Final lipids : Final % : Expected % : Starting % : Starting lipids
            POPC : 472          : 100.0   : 100.0      : 100.0      : 472            

    Starting lower leaflet
        Lipid optimization 'lipid_optim' setting: force_fill
            Forcefully filling leaflet until all grid points have a lipid

            Maximum number of lipids allowed in subleaflet: 486
            
        Maximum number of lipids allowed in leaflet: 486
        Final deviations from expected ratios: Difference in %-values
            Maximum: 0.0
            Average: 0.0
            Minimum: 0.0
        Leaflet specific lipid data (Combined subleafs)
            Name : Final lipids : Final % : Expected % : Starting % : Starting lipids
            POPC : 486          : 100.0   : 100.0      : 100.0      : 486            

    Membrane-wide lipid data
            Name : Total lipids : Total %
            POPC : 958          : 100.0  


Lipid data for whole system
            Name : Total lipids : Total %
            POPC : 958          : 100.0  
---------------------- LIPID RATIO CALCULATIONS COMPLETE -----------------------
                            (Time spent: 0.0014 [s])                             

----------------------------- CREATING LIPID GRID ------------------------------
Starting membrane nr 1
    Starting upper leaflet
            Total leaflet optimization time: 0.5689 [s]

    Starting lower leaflet
            Total leaflet optimization time: 0.5876 [s]

Starting membrane nr 2
    Starting upper leaflet
            Total leaflet optimization time: 0.7443 [s]

    Starting lower leaflet
            Total leaflet optimization time: 0.5028 [s]
------------------------------ LIPID GRID CREATED ------------------------------
                            (Time spent: 2.5669 [s])                             

------------------------------- CREATING LIPIDS --------------------------------
Starting membrane nr 1
    Starting upper leaflet
    Starting lower leaflet
Starting membrane nr 2
    Starting upper leaflet
    Starting lower leaflet
--------------------------- LIPID CREATION COMPLETE ----------------------------
                            (Time spent: 0.3357 [s])                             

------------------------------- SOLVATING SYSTEM -------------------------------
Starting solvation nr 1
    Calculating box volume: (all values in [nm^3])
        Bead radius used for volume calculations 'bead_radius': 0.264 [nm]
        Solvent box volume: 1812.992
        Excluded volume:    510.529
            Solute volume:  0.0
            Lipid volume:   436.54
            Protein volume: 36.995
        Free volume:        1302.463
        Solvent volume:     1308.029

    Solvent box charge information:
        Solvent box charge before solvent insertion: 4.0
            Prior solvent beads:  0
            Lipid beads:          0.0
            Protein beads:        4.0
        Solvent box charge after solvent insertion:  0.0
            New solvent beads: -4.0
                Solvent       (solv): 0
                Positive ions (pos):  118.0
                Negative ions (neg):  -122.0

    Calculating the number of available grid points
        Final number of 3D grid points available for molecule placement: 64608
        Inserting 11135 solvent molecules into random grid points:
            Currently at solvent number: 1
            Currently at solvent number: 11135

    Solvent data for the the specific solvation command
        Name : Totals : Total % : Molarity(box) : Molarity(free) : Molarity(solvent) : Charge
        W    : 10895  : 97.845  : 9.979         : 13.89          : 13.831            : 0     
        NA   : 118    : 1.06    : 0.108         : 0.15           : 0.15              : 1.0   
        CL   : 122    : 1.096   : 0.112         : 0.156          : 0.155             : -1.0  

Starting solvation nr 2
    Calculating box volume: (all values in [nm^3])
        Bead radius used for volume calculations 'bead_radius': 0.264 [nm]
        Solvent box volume: 1812.992
        Excluded volume:    510.529
            Solute volume:  0.0
            Lipid volume:   436.54
            Protein volume: 36.995
        Free volume:        1302.463
        Solvent volume:     1308.029

    Solvent box charge information:
        Solvent box charge before solvent insertion: 4.0
            Prior solvent beads:  0
            Lipid beads:          0.0
            Protein beads:        4.0
        Solvent box charge after solvent insertion:  0.0
            New solvent beads: -4.0
                Solvent       (solv): 0
                Positive ions (pos):  118.0
                Negative ions (neg):  -122.0

    Calculating the number of available grid points
        Final number of 3D grid points available for molecule placement: 64608
        Inserting 11135 solvent molecules into random grid points:
            Currently at solvent number: 1
            Currently at solvent number: 11135

    Solvent data for the the specific solvation command
        Name : Totals : Total % : Molarity(box) : Molarity(free) : Molarity(solvent) : Charge
        W    : 10895  : 97.845  : 9.979         : 13.89          : 13.831            : 0     
        NA   : 118    : 1.06    : 0.108         : 0.15           : 0.15              : 1.0   
        CL   : 122    : 1.096   : 0.112         : 0.156          : 0.155             : -1.0  

Starting solvation nr 3
    Calculating box volume: (all values in [nm^3])
        Bead radius used for volume calculations 'bead_radius': 0.264 [nm]
        Solvent box volume: 1812.992
        Excluded volume:    499.431
            Solute volume:  0.0
            Lipid volume:   449.488
            Protein volume: 24.972
        Free volume:        1313.561
        Solvent volume:     1319.194

    Solvent box charge information:
        Solvent box charge before solvent insertion: 0.0
            Prior solvent beads:  0
            Lipid beads:          0.0
            Protein beads:        0.0
        Solvent box charge after solvent insertion:  0.0
            New solvent beads: 0.0
                Solvent       (solv): 0
                Positive ions (pos):  318.0
                Negative ions (neg):  -318.0

    Calculating the number of available grid points
        Final number of 3D grid points available for molecule placement: 64508
        Inserting 11624 solvent molecules into random grid points:
            Currently at solvent number: 1
            Currently at solvent number: 11624

    Solvent data for the the specific solvation command
        Name : Totals : Total % : Molarity(box) : Molarity(free) : Molarity(solvent) : Charge
        W    : 10988  : 94.529  : 10.064        : 13.89          : 13.831            : 0     
        NA   : 318    : 2.736   : 0.291         : 0.402          : 0.4               : 1.0   
        CL   : 318    : 2.736   : 0.291         : 0.402          : 0.4               : -1.0  

Starting solvation nr 4
    Calculating box volume: (all values in [nm^3])
        Bead radius used for volume calculations 'bead_radius': 0.264 [nm]
        Solvent box volume: 1812.992
        Excluded volume:    499.431
            Solute volume:  0.0
            Lipid volume:   449.488
            Protein volume: 24.972
        Free volume:        1313.561
        Solvent volume:     1319.194

    Solvent box charge information:
        Solvent box charge before solvent insertion: 0.0
            Prior solvent beads:  0
            Lipid beads:          0.0
            Protein beads:        0.0
        Solvent box charge after solvent insertion:  0.0
            New solvent beads: 0.0
                Solvent       (solv): 0
                Positive ions (pos):  318.0
                Negative ions (neg):  -318.0

    Calculating the number of available grid points
        Final number of 3D grid points available for molecule placement: 64508
        Inserting 11624 solvent molecules into random grid points:
            Currently at solvent number: 1
            Currently at solvent number: 11624

    Solvent data for the the specific solvation command
        Name : Totals : Total % : Molarity(box) : Molarity(free) : Molarity(solvent) : Charge
        W    : 10988  : 94.529  : 10.064        : 13.89          : 13.831            : 0     
        NA   : 318    : 2.736   : 0.291         : 0.402          : 0.4               : 1.0   
        CL   : 318    : 2.736   : 0.291         : 0.402          : 0.4               : -1.0  

Solvent data for whole system
        Name : Totals : Total % : Molarity(box) : Molarity(free) : Molarity(solvent) : Charge
        W    : 43766  : 96.151  : 10.021        : 10.723         : 13.831            : 0     
        NA   : 872    : 1.916   : 0.2           : 0.214          : 0.276             : 1.0   
        CL   : 880    : 1.933   : 0.202         : 0.216          : 0.278             : -1.0  
------------------------------ SOLVATION COMPLETE ------------------------------
                            (Time spent: 0.517 [s])                              

                          +--------------------------+                          
--------------------------+ FINAL SYSTEM CHARGE: 0.0 +--------------------------
                          +--------------------------+                          

-------------------------------- WRITING FILES ---------------------------------
Writing structure files (PDB/GRO)
    PDB file written: output_systems/Paper_Subfigure_Main_g_Electrophysiology/output_Paper_Subfigure_Main_g_Electrophysiology.pdb
    GRO file written: output_systems/Paper_Subfigure_Main_g_Electrophysiology/output_Paper_Subfigure_Main_g_Electrophysiology.gro
    CIF file written: output_systems/Paper_Subfigure_Main_g_Electrophysiology/output_Paper_Subfigure_Main_g_Electrophysiology.cif

Writing topology file (TOP)
    TOP file written: output_systems/Paper_Subfigure_Main_g_Electrophysiology/topol_Paper_Subfigure_Main_g_Electrophysiology.top 

Writing log file (LOG)
