The following COBY arguments will be processed:
COBY(
    box = [
        80,
        30,
        10,
    ],
    membrane = [
        "lipid:POPC optimize_run:True gridsplits:False cx:-30 xlength:18 patch:ellipse:cx:3:cy:0:xradius:12.0:yradius:15.0 hole:ellipse:cx:3:cy:0:xradius:8.0:yradius:11.0",
        "lipid:POPC optimize_run:True gridsplits:False cx:-10 xlength:18 patch:ellipse:cx:0:cy:0:xradius:9.0:yradius:15.0 hole:ellipse:cx:0:cy:0:xradius:5.0:yradius:11.0",
        "lipid:POPC optimize_run:True gridsplits:False cx:10 xlength:18 patch:rectangle:cx:-7.9:cy:0:xlength:4:ylength:30",
        "lipid:POPC optimize_run:True gridsplits:False cx:10 xlength:18 patch:ellipse:cx:-6.0:cy:6.5:xradius:14.0:yradius:8.5 hole:ellipse:cx:-6.0:cy:6.5:xradius:10.0:yradius:4.5 patch:ellipse:cx:-6.0:cy:-6.5:xradius:15.0:yradius:8.5 hole:ellipse:cx:-6.0:cy:-6.5:xradius:11.0:yradius:4.5 hole:rectangle:cx:-8.0:cy:0:xlength:4:ylength:30",
        "lipid:POPC optimize_run:True gridsplits:False cx:30 xlength:18 patch:rectangle:cx:0:cy:-7.5:xlength:4:ylength:17.0 patch:rectangle:cx:-5.0:cy:9.5:xlength:4:ylength:20:rotate:30 patch:rectangle:cx:5.0:cy:9.5:xlength:4:ylength:20:rotate:-30",
    ],
    solvation = "default",
    itp_input = "file:toppar/top_for_COBY.itp",
    out_sys = "output_systems/COBY_Logo/output_COBY_Logo",
    out_top = "output_systems/COBY_Logo/topol_COBY_Logo.top",
    out_log = "output_systems/COBY_Logo/log_COBY_Logo.log",
    sn = "COBY_Logo",
)
Setting random seed to: 1749800588
-------------------------- PREPROCESSING DEFINITIONS ---------------------------
Loading topology file(s)
    Finished loading topologies. Number of moleculetypes found: 194 

Preprocessing lipid scaffolds
    Number of lipids preprocessed: 6109 

Preprocessing lipid definitions
    Number of lipids preprocessed: 0 

Preprocessing ion definitions
    Number of positive ions preprocessed: 8
    Number of negative ions preprocessed: 11 

Preprocessing solvent definitions
    Number of solvents preprocessed: 64
---------------------- DEFINITIONS PREPROCESSING COMPLETE ----------------------
                            (Time spent: 0.5768 [s])                            

---------------------------- PREPROCESSING COMMANDS ----------------------------
Preprocessing membrane requests
    Starting membrane argument: 1
    Starting membrane argument: 2
    Starting membrane argument: 3
    Starting membrane argument: 4
    Starting membrane argument: 5
    Number of membranes preprocessed: 5
Preprocessing solvation requests
    Starting solvation argument: 1
    Number of solvent commands preprocessed: 1
------------------------ COMMAND PREPROCESSING COMPLETE ------------------------
                            (Time spent: 0.0037 [s])                            

----------------------- CREATING LEAFLET BOUNDARY BOXES ------------------------
Starting membrane nr 1
    Starting upper leaflet
        Base parameters: x=18.0nm y=30.0nm APL=0.6nm^2
    Starting lower leaflet
        Base parameters: x=18.0nm y=30.0nm APL=0.6nm^2

Starting membrane nr 2
    Starting upper leaflet
        Base parameters: x=18.0nm y=30.0nm APL=0.6nm^2
    Starting lower leaflet
        Base parameters: x=18.0nm y=30.0nm APL=0.6nm^2

Starting membrane nr 3
    Starting upper leaflet
        Base parameters: x=18.0nm y=30.0nm APL=0.6nm^2
    Starting lower leaflet
        Base parameters: x=18.0nm y=30.0nm APL=0.6nm^2

Starting membrane nr 4
    Starting upper leaflet
        Base parameters: x=18.0nm y=30.0nm APL=0.6nm^2
    Starting lower leaflet
        Base parameters: x=18.0nm y=30.0nm APL=0.6nm^2

Starting membrane nr 5
    Starting upper leaflet
        Base parameters: x=18.0nm y=30.0nm APL=0.6nm^2
    Starting lower leaflet
        Base parameters: x=18.0nm y=30.0nm APL=0.6nm^2
------------------------ LEAFLET BOUNDARY BOXES CREATED ------------------------
                            (Time spent: 0.0026 [s])                             

------------------------ CREATING HOLED BOUNDARY BOXES -------------------------
Starting membrane nr 1
    Calculating holed boundary box
        Starting upper leaflet
        Starting lower leaflet

Starting membrane nr 2
    Calculating holed boundary box
        Starting upper leaflet
        Starting lower leaflet

Starting membrane nr 3
    Calculating holed boundary box
        Starting upper leaflet
        Starting lower leaflet

Starting membrane nr 4
    Calculating holed boundary box
        Starting upper leaflet
        Starting lower leaflet

Starting membrane nr 5
    Calculating holed boundary box
        Starting upper leaflet
        Starting lower leaflet
------------------------- HOLED BOUNDARY BOXES CREATED -------------------------
                            (Time spent: 0.0093 [s])                             

--------------------------- CALCULATING LIPID RATIOS ---------------------------
Starting membrane nr 1
    Starting upper leaflet
        Lipid optimization 'lipid_optim' setting: force_fill
            Forcefully filling leaflet until all grid points have a lipid

            Maximum number of lipids allowed in subleaflet: 330
            
        Maximum number of lipids allowed in leaflet: 330
        Final deviations from expected ratios: Difference in %-values
            Maximum: 0.0
            Average: 0.0
            Minimum: 0.0
        Leaflet specific lipid data (Combined subleafs)
            Name : Final lipids : Final % : Expected % : Starting % : Starting lipids
            POPC : 330          : 100.0   : 100.0      : 100.0      : 330            

    Starting lower leaflet
        Lipid optimization 'lipid_optim' setting: force_fill
            Forcefully filling leaflet until all grid points have a lipid

            Maximum number of lipids allowed in subleaflet: 330
            
        Maximum number of lipids allowed in leaflet: 330
        Final deviations from expected ratios: Difference in %-values
            Maximum: 0.0
            Average: 0.0
            Minimum: 0.0
        Leaflet specific lipid data (Combined subleafs)
            Name : Final lipids : Final % : Expected % : Starting % : Starting lipids
            POPC : 330          : 100.0   : 100.0      : 100.0      : 330            

    Membrane-wide lipid data
            Name : Total lipids : Total %
            POPC : 660          : 100.0  

Starting membrane nr 2
    Starting upper leaflet
        Lipid optimization 'lipid_optim' setting: force_fill
            Forcefully filling leaflet until all grid points have a lipid

            Maximum number of lipids allowed in subleaflet: 418
            
        Maximum number of lipids allowed in leaflet: 418
        Final deviations from expected ratios: Difference in %-values
            Maximum: 0.0
            Average: 0.0
            Minimum: 0.0
        Leaflet specific lipid data (Combined subleafs)
            Name : Final lipids : Final % : Expected % : Starting % : Starting lipids
            POPC : 418          : 100.0   : 100.0      : 100.0      : 418            

    Starting lower leaflet
        Lipid optimization 'lipid_optim' setting: force_fill
            Forcefully filling leaflet until all grid points have a lipid

            Maximum number of lipids allowed in subleaflet: 418
            
        Maximum number of lipids allowed in leaflet: 418
        Final deviations from expected ratios: Difference in %-values
            Maximum: 0.0
            Average: 0.0
            Minimum: 0.0
        Leaflet specific lipid data (Combined subleafs)
            Name : Final lipids : Final % : Expected % : Starting % : Starting lipids
            POPC : 418          : 100.0   : 100.0      : 100.0      : 418            

    Membrane-wide lipid data
            Name : Total lipids : Total %
            POPC : 836          : 100.0  

Starting membrane nr 3
    Starting upper leaflet
        Lipid optimization 'lipid_optim' setting: force_fill
            Forcefully filling leaflet until all grid points have a lipid

            Maximum number of lipids allowed in subleaflet: 155
            
        Maximum number of lipids allowed in leaflet: 155
        Final deviations from expected ratios: Difference in %-values
            Maximum: 0.0
            Average: 0.0
            Minimum: 0.0
        Leaflet specific lipid data (Combined subleafs)
            Name : Final lipids : Final % : Expected % : Starting % : Starting lipids
            POPC : 155          : 100.0   : 100.0      : 100.0      : 155            

    Starting lower leaflet
        Lipid optimization 'lipid_optim' setting: force_fill
            Forcefully filling leaflet until all grid points have a lipid

            Maximum number of lipids allowed in subleaflet: 155
            
        Maximum number of lipids allowed in leaflet: 155
        Final deviations from expected ratios: Difference in %-values
            Maximum: 0.0
            Average: 0.0
            Minimum: 0.0
        Leaflet specific lipid data (Combined subleafs)
            Name : Final lipids : Final % : Expected % : Starting % : Starting lipids
            POPC : 155          : 100.0   : 100.0      : 100.0      : 155            

    Membrane-wide lipid data
            Name : Total lipids : Total %
            POPC : 310          : 100.0  

Starting membrane nr 4
    Starting upper leaflet
        Lipid optimization 'lipid_optim' setting: force_fill
            Forcefully filling leaflet until all grid points have a lipid

            Maximum number of lipids allowed in subleaflet: 355
            
        Maximum number of lipids allowed in leaflet: 355
        Final deviations from expected ratios: Difference in %-values
            Maximum: 0.0
            Average: 0.0
            Minimum: 0.0
        Leaflet specific lipid data (Combined subleafs)
            Name : Final lipids : Final % : Expected % : Starting % : Starting lipids
            POPC : 355          : 100.0   : 100.0      : 100.0      : 355            

    Starting lower leaflet
        Lipid optimization 'lipid_optim' setting: force_fill
            Forcefully filling leaflet until all grid points have a lipid

            Maximum number of lipids allowed in subleaflet: 355
            
        Maximum number of lipids allowed in leaflet: 355
        Final deviations from expected ratios: Difference in %-values
            Maximum: 0.0
            Average: 0.0
            Minimum: 0.0
        Leaflet specific lipid data (Combined subleafs)
            Name : Final lipids : Final % : Expected % : Starting % : Starting lipids
            POPC : 355          : 100.0   : 100.0      : 100.0      : 355            

    Membrane-wide lipid data
            Name : Total lipids : Total %
            POPC : 710          : 100.0  

Starting membrane nr 5
    Starting upper leaflet
        Lipid optimization 'lipid_optim' setting: force_fill
            Forcefully filling leaflet until all grid points have a lipid

            Maximum number of lipids allowed in subleaflet: 302
            
        Maximum number of lipids allowed in leaflet: 302
        Final deviations from expected ratios: Difference in %-values
            Maximum: 0.0
            Average: 0.0
            Minimum: 0.0
        Leaflet specific lipid data (Combined subleafs)
            Name : Final lipids : Final % : Expected % : Starting % : Starting lipids
            POPC : 302          : 100.0   : 100.0      : 100.0      : 302            

    Starting lower leaflet
        Lipid optimization 'lipid_optim' setting: force_fill
            Forcefully filling leaflet until all grid points have a lipid

            Maximum number of lipids allowed in subleaflet: 302
            
        Maximum number of lipids allowed in leaflet: 302
        Final deviations from expected ratios: Difference in %-values
            Maximum: 0.0
            Average: 0.0
            Minimum: 0.0
        Leaflet specific lipid data (Combined subleafs)
            Name : Final lipids : Final % : Expected % : Starting % : Starting lipids
            POPC : 302          : 100.0   : 100.0      : 100.0      : 302            

    Membrane-wide lipid data
            Name : Total lipids : Total %
            POPC : 604          : 100.0  


Lipid data for whole system
            Name : Total lipids : Total %
            POPC : 604          : 100.0  
---------------------- LIPID RATIO CALCULATIONS COMPLETE -----------------------
                            (Time spent: 0.0033 [s])                             

----------------------------- CREATING LIPID GRID ------------------------------
Starting membrane nr 1
    Starting upper leaflet
            Total leaflet optimization time: 7.4067 [s]

    Starting lower leaflet
            Total leaflet optimization time: 5.024 [s]

Starting membrane nr 2
    Starting upper leaflet
            Total leaflet optimization time: 0.9409 [s]

    Starting lower leaflet
            Total leaflet optimization time: 1.1311 [s]

Starting membrane nr 3
    Starting upper leaflet
            Total leaflet optimization time: 0.0 [s]

    Starting lower leaflet
            Total leaflet optimization time: 0.0 [s]

Starting membrane nr 4
    Starting upper leaflet
            Total leaflet optimization time: 0.8822 [s]

    Starting lower leaflet
            Total leaflet optimization time: 0.8818 [s]

Starting membrane nr 5
    Starting upper leaflet
            Total leaflet optimization time: 0.9622 [s]

    Starting lower leaflet
            Total leaflet optimization time: 0.9017 [s]
------------------------------ LIPID GRID CREATED ------------------------------
                           (Time spent: 18.8269 [s])                             

------------------------------- CREATING LIPIDS --------------------------------
Starting membrane nr 1
    Starting upper leaflet
    Starting lower leaflet
Starting membrane nr 2
    Starting upper leaflet
    Starting lower leaflet
Starting membrane nr 3
    Starting upper leaflet
    Starting lower leaflet
Starting membrane nr 4
    Starting upper leaflet
    Starting lower leaflet
Starting membrane nr 5
    Starting upper leaflet
    Starting lower leaflet
--------------------------- LIPID CREATION COMPLETE ----------------------------
                            (Time spent: 0.5605 [s])                             

------------------------------- SOLVATING SYSTEM -------------------------------
Starting solvation nr 1
    Calculating box volume: (all values in [nm^3])
        Bead radius used for volume calculations 'bead_radius': 0.264 [nm]
        Solvent box volume: 24000.0
        Excluded volume:    2885.601
            Solute volume:  0.0
            Lipid volume:   2885.601
            Protein volume: 0.0
        Free volume:        21114.399
        Solvent volume:     21204.23

    Solvent box charge information:
        Solvent box charge before solvent insertion: 0.0
            Prior solvent beads:  0
            Lipid beads:          0.0
            Protein beads:        0
        Solvent box charge after solvent insertion:  0.0
            New solvent beads: 0.0
                Solvent       (solv): 0
                Positive ions (pos):  1915.0
                Negative ions (neg):  -1915.0

    Calculating the number of available grid points
        Final number of 3D grid points available for molecule placement: 991058
        Inserting 180447 solvent molecules into random grid points:
            Currently at solvent number: 1
            Currently at solvent number: 25000
            Currently at solvent number: 50000
            Currently at solvent number: 75000
            Currently at solvent number: 100000
            Currently at solvent number: 125000
            Currently at solvent number: 150000
            Currently at solvent number: 175000
            Currently at solvent number: 180447

Solvent data for whole system
        Name : Totals : Total % : Molarity(box) : Molarity(free) : Molarity(solvent) : Charge
        W    : 176617 : 97.877  : 12.22         : 13.89          : 13.831            : 0     
        NA   : 1915   : 1.061   : 0.132         : 0.151          : 0.15              : 1.0   
        CL   : 1915   : 1.061   : 0.132         : 0.151          : 0.15              : -1.0  
------------------------------ SOLVATION COMPLETE ------------------------------
                            (Time spent: 2.674 [s])                              

                          +--------------------------+                          
--------------------------+ FINAL SYSTEM CHARGE: 0.0 +--------------------------
                          +--------------------------+                          

-------------------------------- WRITING FILES ---------------------------------
Writing structure files (PDB/GRO)
    PDB file written: output_systems/COBY_Logo/output_COBY_Logo.pdb
    GRO file written: output_systems/COBY_Logo/output_COBY_Logo.gro
    CIF file written: output_systems/COBY_Logo/output_COBY_Logo.cif

Writing topology file (TOP)
    TOP file written: output_systems/COBY_Logo/topol_COBY_Logo.top 

Writing log file (LOG)
