The following COBY arguments will be processed:
COBY(
    box = [
        20,
        20,
        10,
    ],
    membrane = "lipid:POPC hole:polygon:point:-3:3:point:3:3:point:5:7:point:7:-5:point:3:-2:point:-2:-5:point:0:-2 hole:polygon:point:-4:-3:point:-8:-5:point:-8:7:point:-2:6:point:-5:5:point:-5:0",
    solvation = "default",
    itp_input = "file:toppar/top_for_COBY.itp",
    out_sys = "output_systems/Holes4_Polygons/output_Holes4_Polygons",
    out_top = "output_systems/Holes4_Polygons/topol_Holes4_Polygons.top",
    out_log = "output_systems/Holes4_Polygons/log_Holes4_Polygons.log",
    sn = "Holes4_Polygons",
)
Setting random seed to: 1749800535
-------------------------- PREPROCESSING DEFINITIONS ---------------------------
Loading topology file(s)
    Finished loading topologies. Number of moleculetypes found: 194 

Preprocessing lipid scaffolds
    Number of lipids preprocessed: 6109 

Preprocessing lipid definitions
    Number of lipids preprocessed: 0 

Preprocessing ion definitions
    Number of positive ions preprocessed: 8
    Number of negative ions preprocessed: 11 

Preprocessing solvent definitions
    Number of solvents preprocessed: 64
---------------------- DEFINITIONS PREPROCESSING COMPLETE ----------------------
                            (Time spent: 1.0188 [s])                            

---------------------------- PREPROCESSING COMMANDS ----------------------------
Preprocessing membrane requests
    Starting membrane argument: 1
    Number of membranes preprocessed: 1
Preprocessing solvation requests
    Starting solvation argument: 1
    Number of solvent commands preprocessed: 1
------------------------ COMMAND PREPROCESSING COMPLETE ------------------------
                            (Time spent: 0.001 [s])                             

----------------------- CREATING LEAFLET BOUNDARY BOXES ------------------------
Starting membrane nr 1
    Starting upper leaflet
        Base parameters: x=20.0nm y=20.0nm APL=0.6nm^2
    Starting lower leaflet
        Base parameters: x=20.0nm y=20.0nm APL=0.6nm^2
------------------------ LEAFLET BOUNDARY BOXES CREATED ------------------------
                            (Time spent: 0.0008 [s])                             

------------------------ CREATING HOLED BOUNDARY BOXES -------------------------
Starting membrane nr 1
    Calculating holed boundary box
        Starting upper leaflet
        Starting lower leaflet
------------------------- HOLED BOUNDARY BOXES CREATED -------------------------
                            (Time spent: 0.0012 [s])                             

--------------------------- CALCULATING LIPID RATIOS ---------------------------
Starting membrane nr 1
    Starting upper leaflet
        Lipid optimization 'lipid_optim' setting: force_fill
            Forcefully filling leaflet until all grid points have a lipid

            Maximum number of lipids allowed in subleaflet: 517
            
        Maximum number of lipids allowed in leaflet: 517
        Final deviations from expected ratios: Difference in %-values
            Maximum: 0.0
            Average: 0.0
            Minimum: 0.0
        Leaflet specific lipid data (Combined subleafs)
            Name : Final lipids : Final % : Expected % : Starting % : Starting lipids
            POPC : 517          : 100.0   : 100.0      : 100.0      : 517            

    Starting lower leaflet
        Lipid optimization 'lipid_optim' setting: force_fill
            Forcefully filling leaflet until all grid points have a lipid

            Maximum number of lipids allowed in subleaflet: 517
            
        Maximum number of lipids allowed in leaflet: 517
        Final deviations from expected ratios: Difference in %-values
            Maximum: 0.0
            Average: 0.0
            Minimum: 0.0
        Leaflet specific lipid data (Combined subleafs)
            Name : Final lipids : Final % : Expected % : Starting % : Starting lipids
            POPC : 517          : 100.0   : 100.0      : 100.0      : 517            

    Membrane-wide lipid data
            Name : Total lipids : Total %
            POPC : 1034         : 100.0  
---------------------- LIPID RATIO CALCULATIONS COMPLETE -----------------------
                            (Time spent: 0.0007 [s])                             

----------------------------- CREATING LIPID GRID ------------------------------
Starting membrane nr 1
    Starting upper leaflet
            Total leaflet optimization time: 0.6478 [s]

    Starting lower leaflet
            Total leaflet optimization time: 0.6072 [s]
------------------------------ LIPID GRID CREATED ------------------------------
                            (Time spent: 1.3943 [s])                             

------------------------------- CREATING LIPIDS --------------------------------
Starting membrane nr 1
    Starting upper leaflet
    Starting lower leaflet
--------------------------- LIPID CREATION COMPLETE ----------------------------
                            (Time spent: 0.1838 [s])                             

------------------------------- SOLVATING SYSTEM -------------------------------
Starting solvation nr 1
    Calculating box volume: (all values in [nm^3])
        Bead radius used for volume calculations 'bead_radius': 0.264 [nm]
        Solvent box volume: 4000.0
        Excluded volume:    956.318
            Solute volume:  0.0
            Lipid volume:   956.318
            Protein volume: 0.0
        Free volume:        3043.682
        Solvent volume:     3056.669

    Solvent box charge information:
        Solvent box charge before solvent insertion: 0.0
            Prior solvent beads:  0
            Lipid beads:          0.0
            Protein beads:        0
        Solvent box charge after solvent insertion:  0.0
            New solvent beads: 0.0
                Solvent       (solv): 0
                Positive ions (pos):  276.0
                Negative ions (neg):  -276.0

    Calculating the number of available grid points
        Final number of 3D grid points available for molecule placement: 127676
        Inserting 26012 solvent molecules into random grid points:
            Currently at solvent number: 1
            Currently at solvent number: 25000
            Currently at solvent number: 26012

Solvent data for whole system
        Name : Totals : Total % : Molarity(box) : Molarity(free) : Molarity(solvent) : Charge
        W    : 25460  : 97.878  : 10.569        : 13.89          : 13.831            : 0     
        NA   : 276    : 1.061   : 0.115         : 0.151          : 0.15              : 1.0   
        CL   : 276    : 1.061   : 0.115         : 0.151          : 0.15              : -1.0  
------------------------------ SOLVATION COMPLETE ------------------------------
                            (Time spent: 0.445 [s])                              

                          +--------------------------+                          
--------------------------+ FINAL SYSTEM CHARGE: 0.0 +--------------------------
                          +--------------------------+                          

-------------------------------- WRITING FILES ---------------------------------
Writing structure files (PDB/GRO)
    PDB file written: output_systems/Holes4_Polygons/output_Holes4_Polygons.pdb
    GRO file written: output_systems/Holes4_Polygons/output_Holes4_Polygons.gro
    CIF file written: output_systems/Holes4_Polygons/output_Holes4_Polygons.cif

Writing topology file (TOP)
    TOP file written: output_systems/Holes4_Polygons/topol_Holes4_Polygons.top 

Writing log file (LOG)
