The following COBY arguments will be processed:
COBY(
    protein = [
        "file:example_proteins/24bp_CG.pdb moleculetypes:Nucleic_A+Nucleic_B rx:-90 cz:-8.418 cx:-5",
        "file:example_proteins/24bp_CG.pdb moleculetypes:Nucleic_A+Nucleic_B rx:-90 cz:-1.4179999999999993 cx:-5",
        "file:example_proteins/24bp_CG.pdb moleculetypes:Nucleic_A+Nucleic_B rx:-90 cz:5.582000000000001 cx:-5",
        "file:example_proteins/24bp_CG.pdb moleculetypes:Nucleic_A+Nucleic_B rx:-90 cz:12.582 cx:-5",
        "file:example_proteins/24bp_CG.pdb moleculetypes:Nucleic_A+Nucleic_B rx:-90 cz:-8.418 cx:0",
        "file:example_proteins/24bp_CG.pdb moleculetypes:Nucleic_A+Nucleic_B rx:-90 cz:-1.4179999999999993 cx:0",
        "file:example_proteins/24bp_CG.pdb moleculetypes:Nucleic_A+Nucleic_B rx:-90 cz:5.582000000000001 cx:0",
        "file:example_proteins/24bp_CG.pdb moleculetypes:Nucleic_A+Nucleic_B rx:-90 cz:12.582 cx:0",
        "file:example_proteins/24bp_CG.pdb moleculetypes:Nucleic_A+Nucleic_B rx:-90 cz:-8.418 cx:5",
        "file:example_proteins/24bp_CG.pdb moleculetypes:Nucleic_A+Nucleic_B rx:-90 cz:-1.4179999999999993 cx:5",
        "file:example_proteins/24bp_CG.pdb moleculetypes:Nucleic_A+Nucleic_B rx:-90 cz:5.582000000000001 cx:5",
        "file:example_proteins/24bp_CG.pdb moleculetypes:Nucleic_A+Nucleic_B rx:-90 cz:12.582 cx:5",
    ],
    stacked_membranes = "number:4 distance:7 distance_type:center pbc:top membrane_argument:positions:1:2:3:4 lipid:DOPE:params:M2 gridsplits:False optimize_max_steps:1000 optimize_push_tolerance:0.1 optimize_lipid_push_multiplier:2 optimize_edge_push_multiplier:2 optimize_run:True solvation_argument:positions:1:2:3:4 default solv_per_lipid:7",
    itp_input = [
        "include:toppar/M2_DNA/martini_v2.1-dna.itp",
        "include:toppar/M2_DNA/PLASMA-v01-PA2.itp",
        "include:toppar/M2_DNA/martini_v2.0_ions.itp",
        "include:toppar/M2_DNA/Nucleic_A+Nucleic_B.itp",
    ],
    out_sys = "output_systems/Paper_Subfigure_Main_c_MultilamelarWithDNA/output_Paper_Subfigure_Main_c_MultilamelarWithDNA",
    out_top = "output_systems/Paper_Subfigure_Main_c_MultilamelarWithDNA/topol_Paper_Subfigure_Main_c_MultilamelarWithDNA.top",
    out_log = "output_systems/Paper_Subfigure_Main_c_MultilamelarWithDNA/log_Paper_Subfigure_Main_c_MultilamelarWithDNA.log",
    sn = "Paper_Subfigure_Main_c_MultilamelarWithDNA",
)
Setting random seed to: 1749800722
-------------------------- PREPROCESSING DEFINITIONS ---------------------------
Loading topology file(s)
    Finished loading topologies. Number of moleculetypes found: 70 

Preprocessing lipid scaffolds
    Number of lipids preprocessed: 6109 

Preprocessing lipid definitions
    Number of lipids preprocessed: 0 

Preprocessing ion definitions
    Number of positive ions preprocessed: 8
    Number of negative ions preprocessed: 11 

Preprocessing solvent definitions
    Number of solvents preprocessed: 64
---------------------- DEFINITIONS PREPROCESSING COMPLETE ----------------------
                            (Time spent: 0.7038 [s])                            

----------------- PRE-PREPROCESSING STACKED MEMBRANE COMMANDS ------------------
Prepreprocessing stacked membranes request:
    Starting argument: 1
Preprocessing membrane requests
    Starting membrane argument: 1
Preprocessing membrane requests
    Starting membrane argument: 1
Preprocessing membrane requests
    Starting membrane argument: 1
Preprocessing membrane requests
    Starting membrane argument: 1
Number of membranes preprocessed: 1
----------------- STACKED MEMBRANE PRE-PREPROCESSING COMPLETE ------------------
                            (Time spent: 0.0031 [s])                            

---------------------------- PREPROCESSING COMMANDS ----------------------------
Preprocessing protein requests
    Starting protein: 1
    Starting protein: 2
    Starting protein: 3
    Starting protein: 4
    Starting protein: 5
    Starting protein: 6
    Starting protein: 7
    Starting protein: 8
    Starting protein: 9
    Starting protein: 10
    Starting protein: 11
    Starting protein: 12
    Number of molecule insertions preprocessed: 12
Preprocessing membrane requests
    Starting membrane argument: 1
    Starting membrane argument: 2
    Starting membrane argument: 3
    Starting membrane argument: 4
    Number of membranes preprocessed: 4
Preprocessing solvation requests
    Starting solvation argument: 1
    Starting solvation argument: 2
    Starting solvation argument: 3
    Starting solvation argument: 4
    Starting solvation argument: 5
    Starting solvation argument: 6
    Starting solvation argument: 7
    Starting solvation argument: 8
    Number of solvent commands preprocessed: 8
------------------------ COMMAND PREPROCESSING COMPLETE ------------------------
                            (Time spent: 0.0637 [s])                            

------------------------------ PROTEIN PLACEMENT -------------------------------
Starting protein nr 1
    Total charge of protein is: -46.0
    Centering protein using 'cog' at x/y/z: 0.092 0.126 38.87 (Input file coordinate system [Å])
    New protein center at x/y/z: -50 0 -84.18 (Internal coordinate system [Å])
    Finished placing protein nr 1

Starting protein nr 2
    Total charge of protein is: -46.0
    Centering protein using 'cog' at x/y/z: 0.092 0.126 38.87 (Input file coordinate system [Å])
    New protein center at x/y/z: -50 0 -14.18 (Internal coordinate system [Å])
    Finished placing protein nr 2

Starting protein nr 3
    Total charge of protein is: -46.0
    Centering protein using 'cog' at x/y/z: 0.092 0.126 38.87 (Input file coordinate system [Å])
    New protein center at x/y/z: -50 0 55.82 (Internal coordinate system [Å])
    Finished placing protein nr 3

Starting protein nr 4
    Total charge of protein is: -46.0
    Centering protein using 'cog' at x/y/z: 0.092 0.126 38.87 (Input file coordinate system [Å])
    New protein center at x/y/z: -50 0 125.82 (Internal coordinate system [Å])
    Finished placing protein nr 4

Starting protein nr 5
    Total charge of protein is: -46.0
    Centering protein using 'cog' at x/y/z: 0.092 0.126 38.87 (Input file coordinate system [Å])
    New protein center at x/y/z: 0 0 -84.18 (Internal coordinate system [Å])
    Finished placing protein nr 5

Starting protein nr 6
    Total charge of protein is: -46.0
    Centering protein using 'cog' at x/y/z: 0.092 0.126 38.87 (Input file coordinate system [Å])
    New protein center at x/y/z: 0 0 -14.18 (Internal coordinate system [Å])
    Finished placing protein nr 6

Starting protein nr 7
    Total charge of protein is: -46.0
    Centering protein using 'cog' at x/y/z: 0.092 0.126 38.87 (Input file coordinate system [Å])
    New protein center at x/y/z: 0 0 55.82 (Internal coordinate system [Å])
    Finished placing protein nr 7

Starting protein nr 8
    Total charge of protein is: -46.0
    Centering protein using 'cog' at x/y/z: 0.092 0.126 38.87 (Input file coordinate system [Å])
    New protein center at x/y/z: 0 0 125.82 (Internal coordinate system [Å])
    Finished placing protein nr 8

Starting protein nr 9
    Total charge of protein is: -46.0
    Centering protein using 'cog' at x/y/z: 0.092 0.126 38.87 (Input file coordinate system [Å])
    New protein center at x/y/z: 50 0 -84.18 (Internal coordinate system [Å])
    Finished placing protein nr 9

Starting protein nr 10
    Total charge of protein is: -46.0
    Centering protein using 'cog' at x/y/z: 0.092 0.126 38.87 (Input file coordinate system [Å])
    New protein center at x/y/z: 50 0 -14.18 (Internal coordinate system [Å])
    Finished placing protein nr 10

Starting protein nr 11
    Total charge of protein is: -46.0
    Centering protein using 'cog' at x/y/z: 0.092 0.126 38.87 (Input file coordinate system [Å])
    New protein center at x/y/z: 50 0 55.82 (Internal coordinate system [Å])
    Finished placing protein nr 11

Starting protein nr 12
    Total charge of protein is: -46.0
    Centering protein using 'cog' at x/y/z: 0.092 0.126 38.87 (Input file coordinate system [Å])
    New protein center at x/y/z: 50 0 125.82 (Internal coordinate system [Å])
    Finished placing protein nr 12
-------------------------- PROTEIN PLACEMENT COMPLETE --------------------------
                            (Time spent: 0.0596 [s])                             

----------------------- CREATING LEAFLET BOUNDARY BOXES ------------------------
Starting membrane nr 1
    Starting upper leaflet
        Base parameters: x=15.0nm y=15.0nm APL=0.6nm^2
    Starting lower leaflet
        Base parameters: x=15.0nm y=15.0nm APL=0.6nm^2

Starting membrane nr 2
    Starting upper leaflet
        Base parameters: x=15.0nm y=15.0nm APL=0.6nm^2
    Starting lower leaflet
        Base parameters: x=15.0nm y=15.0nm APL=0.6nm^2

Starting membrane nr 3
    Starting upper leaflet
        Base parameters: x=15.0nm y=15.0nm APL=0.6nm^2
    Starting lower leaflet
        Base parameters: x=15.0nm y=15.0nm APL=0.6nm^2

Starting membrane nr 4
    Starting upper leaflet
        Base parameters: x=15.0nm y=15.0nm APL=0.6nm^2
    Starting lower leaflet
        Base parameters: x=15.0nm y=15.0nm APL=0.6nm^2
------------------------ LEAFLET BOUNDARY BOXES CREATED ------------------------
                            (Time spent: 0.0021 [s])                             

------------------------ CREATING HOLED BOUNDARY BOXES -------------------------
Starting membrane nr 1
    Finding protein beads inside leaflets
        Starting upper leaflet
            No proteins beads found within leaflet

        Starting lower leaflet
            No proteins beads found within leaflet

    Calculating holed boundary box
        Starting upper leaflet
        Starting lower leaflet

Starting membrane nr 2
    Finding protein beads inside leaflets
        Starting upper leaflet
            No proteins beads found within leaflet

        Starting lower leaflet
            No proteins beads found within leaflet

    Calculating holed boundary box
        Starting upper leaflet
        Starting lower leaflet

Starting membrane nr 3
    Finding protein beads inside leaflets
        Starting upper leaflet
            No proteins beads found within leaflet

        Starting lower leaflet
            No proteins beads found within leaflet

    Calculating holed boundary box
        Starting upper leaflet
        Starting lower leaflet

Starting membrane nr 4
    Finding protein beads inside leaflets
        Starting upper leaflet
            No proteins beads found within leaflet

        Starting lower leaflet
            No proteins beads found within leaflet

    Calculating holed boundary box
        Starting upper leaflet
        Starting lower leaflet
------------------------- HOLED BOUNDARY BOXES CREATED -------------------------
                            (Time spent: 0.0242 [s])                             

--------------------------- CALCULATING LIPID RATIOS ---------------------------
Starting membrane nr 1
    Starting upper leaflet
        Lipid optimization 'lipid_optim' setting: force_fill
            Forcefully filling leaflet until all grid points have a lipid

            Maximum number of lipids allowed in subleaflet: 375
            
        Maximum number of lipids allowed in leaflet: 375
        Final deviations from expected ratios: Difference in %-values
            Maximum: 0.0
            Average: 0.0
            Minimum: 0.0
        Leaflet specific lipid data (Combined subleafs)
            Name : Final lipids : Final % : Expected % : Starting % : Starting lipids
            DOPE : 375          : 100.0   : 100.0      : 100.0      : 375            

    Starting lower leaflet
        Lipid optimization 'lipid_optim' setting: force_fill
            Forcefully filling leaflet until all grid points have a lipid

            Maximum number of lipids allowed in subleaflet: 375
            
        Maximum number of lipids allowed in leaflet: 375
        Final deviations from expected ratios: Difference in %-values
            Maximum: 0.0
            Average: 0.0
            Minimum: 0.0
        Leaflet specific lipid data (Combined subleafs)
            Name : Final lipids : Final % : Expected % : Starting % : Starting lipids
            DOPE : 375          : 100.0   : 100.0      : 100.0      : 375            

    Membrane-wide lipid data
            Name : Total lipids : Total %
            DOPE : 750          : 100.0  

Starting membrane nr 2
    Starting upper leaflet
        Lipid optimization 'lipid_optim' setting: force_fill
            Forcefully filling leaflet until all grid points have a lipid

            Maximum number of lipids allowed in subleaflet: 375
            
        Maximum number of lipids allowed in leaflet: 375
        Final deviations from expected ratios: Difference in %-values
            Maximum: 0.0
            Average: 0.0
            Minimum: 0.0
        Leaflet specific lipid data (Combined subleafs)
            Name : Final lipids : Final % : Expected % : Starting % : Starting lipids
            DOPE : 375          : 100.0   : 100.0      : 100.0      : 375            

    Starting lower leaflet
        Lipid optimization 'lipid_optim' setting: force_fill
            Forcefully filling leaflet until all grid points have a lipid

            Maximum number of lipids allowed in subleaflet: 375
            
        Maximum number of lipids allowed in leaflet: 375
        Final deviations from expected ratios: Difference in %-values
            Maximum: 0.0
            Average: 0.0
            Minimum: 0.0
        Leaflet specific lipid data (Combined subleafs)
            Name : Final lipids : Final % : Expected % : Starting % : Starting lipids
            DOPE : 375          : 100.0   : 100.0      : 100.0      : 375            

    Membrane-wide lipid data
            Name : Total lipids : Total %
            DOPE : 750          : 100.0  

Starting membrane nr 3
    Starting upper leaflet
        Lipid optimization 'lipid_optim' setting: force_fill
            Forcefully filling leaflet until all grid points have a lipid

            Maximum number of lipids allowed in subleaflet: 375
            
        Maximum number of lipids allowed in leaflet: 375
        Final deviations from expected ratios: Difference in %-values
            Maximum: 0.0
            Average: 0.0
            Minimum: 0.0
        Leaflet specific lipid data (Combined subleafs)
            Name : Final lipids : Final % : Expected % : Starting % : Starting lipids
            DOPE : 375          : 100.0   : 100.0      : 100.0      : 375            

    Starting lower leaflet
        Lipid optimization 'lipid_optim' setting: force_fill
            Forcefully filling leaflet until all grid points have a lipid

            Maximum number of lipids allowed in subleaflet: 375
            
        Maximum number of lipids allowed in leaflet: 375
        Final deviations from expected ratios: Difference in %-values
            Maximum: 0.0
            Average: 0.0
            Minimum: 0.0
        Leaflet specific lipid data (Combined subleafs)
            Name : Final lipids : Final % : Expected % : Starting % : Starting lipids
            DOPE : 375          : 100.0   : 100.0      : 100.0      : 375            

    Membrane-wide lipid data
            Name : Total lipids : Total %
            DOPE : 750          : 100.0  

Starting membrane nr 4
    Starting upper leaflet
        Lipid optimization 'lipid_optim' setting: force_fill
            Forcefully filling leaflet until all grid points have a lipid

            Maximum number of lipids allowed in subleaflet: 375
            
        Maximum number of lipids allowed in leaflet: 375
        Final deviations from expected ratios: Difference in %-values
            Maximum: 0.0
            Average: 0.0
            Minimum: 0.0
        Leaflet specific lipid data (Combined subleafs)
            Name : Final lipids : Final % : Expected % : Starting % : Starting lipids
            DOPE : 375          : 100.0   : 100.0      : 100.0      : 375            

    Starting lower leaflet
        Lipid optimization 'lipid_optim' setting: force_fill
            Forcefully filling leaflet until all grid points have a lipid

            Maximum number of lipids allowed in subleaflet: 375
            
        Maximum number of lipids allowed in leaflet: 375
        Final deviations from expected ratios: Difference in %-values
            Maximum: 0.0
            Average: 0.0
            Minimum: 0.0
        Leaflet specific lipid data (Combined subleafs)
            Name : Final lipids : Final % : Expected % : Starting % : Starting lipids
            DOPE : 375          : 100.0   : 100.0      : 100.0      : 375            

    Membrane-wide lipid data
            Name : Total lipids : Total %
            DOPE : 750          : 100.0  


Lipid data for whole system
            Name : Total lipids : Total %
            DOPE : 750          : 100.0  
---------------------- LIPID RATIO CALCULATIONS COMPLETE -----------------------
                            (Time spent: 0.0026 [s])                             

----------------------------- CREATING LIPID GRID ------------------------------
Starting membrane nr 1
    Starting upper leaflet
            Total leaflet optimization time: 0.0 [s]

    Starting lower leaflet
            Total leaflet optimization time: 0.0 [s]

Starting membrane nr 2
    Starting upper leaflet
            Total leaflet optimization time: 0.0 [s]

    Starting lower leaflet
            Total leaflet optimization time: 0.0 [s]

Starting membrane nr 3
    Starting upper leaflet
            Total leaflet optimization time: 0.0 [s]

    Starting lower leaflet
            Total leaflet optimization time: 0.0 [s]

Starting membrane nr 4
    Starting upper leaflet
            Total leaflet optimization time: 0.0 [s]

    Starting lower leaflet
            Total leaflet optimization time: 0.0 [s]
------------------------------ LIPID GRID CREATED ------------------------------
                            (Time spent: 0.248 [s])                              

------------------------------- CREATING LIPIDS --------------------------------
Starting membrane nr 1
    Starting upper leaflet
    Starting lower leaflet
Starting membrane nr 2
    Starting upper leaflet
    Starting lower leaflet
Starting membrane nr 3
    Starting upper leaflet
    Starting lower leaflet
Starting membrane nr 4
    Starting upper leaflet
    Starting lower leaflet
--------------------------- LIPID CREATION COMPLETE ----------------------------
                            (Time spent: 0.5071 [s])                             

------------------------------- SOLVATING SYSTEM -------------------------------
Starting solvation nr 1
    Calculating box volume: (all values in [nm^3])
        Bead radius used for volume calculations 'bead_radius': 0.264 [nm]
        Solvent box volume: 787.5
        Excluded volume:    422.204
            Solute volume:  0.0
            Lipid volume:   346.827
            Protein volume: 37.689
        Free volume:        365.296
        Solvent volume:     315.151

    Solvent box charge information:
        Solvent box charge before solvent insertion: -72.0
            Prior solvent beads:  0
            Lipid beads:          0.0
            Protein beads:        -72.0
        Solvent box charge after solvent insertion:  0.0
            New solvent beads: 72.0
                Solvent       (solv): 0
                Positive ions (pos):  100.0
                Negative ions (neg):  -28.0

    Calculating the number of available grid points
        Final number of 3D grid points available for molecule placement: 11139
        Inserting 2753 solvent molecules into random grid points:
            Currently at solvent number: 1
            Currently at solvent number: 2753

    Solvent data for the the specific solvation command
        Name : Totals : Total % : Molarity(box) : Molarity(free) : Molarity(solvent) : Charge
        W    : 2625   : 95.351  : 5.535         : 11.933         : 13.831            : 0     
        NA   : 100    : 3.632   : 0.211         : 0.455          : 0.527             : 1.0   
        CL   : 28     : 1.017   : 0.059         : 0.127          : 0.148             : -1.0  

Starting solvation nr 2
    Calculating box volume: (all values in [nm^3])
        Bead radius used for volume calculations 'bead_radius': 0.264 [nm]
        Solvent box volume: 787.5
            Main box: 319.05
            Extra included volumes: 468.45
        Excluded volume:    414.805
            Solute volume:  0.0
            Lipid volume:   346.827
            Protein volume: 33.989
        Free volume:        372.695
        Solvent volume:     315.151

    Solvent box charge information:
        Solvent box charge before solvent insertion: -66.0
            Prior solvent beads:  0
            Lipid beads:          0.0
            Protein beads:        -66.0
        Solvent box charge after solvent insertion:  0.0
            New solvent beads: 66.0
                Solvent       (solv): 0
                Positive ions (pos):  94.0
                Negative ions (neg):  -28.0

    Calculating the number of available grid points
        Final number of 3D grid points available for molecule placement: 12132
        Inserting 2747 solvent molecules into random grid points:
            Currently at solvent number: 1
            Currently at solvent number: 2747

    Solvent data for the the specific solvation command
        Name : Totals : Total % : Molarity(box) : Molarity(free) : Molarity(solvent) : Charge
        W    : 2625   : 95.559  : 5.535         : 11.696         : 13.831            : 0     
        NA   : 94     : 3.422   : 0.198         : 0.419          : 0.495             : 1.0   
        CL   : 28     : 1.019   : 0.059         : 0.125          : 0.148             : -1.0  

Starting solvation nr 3
    Calculating box volume: (all values in [nm^3])
        Bead radius used for volume calculations 'bead_radius': 0.264 [nm]
        Solvent box volume: 787.5
        Excluded volume:    422.204
            Solute volume:  0.0
            Lipid volume:   346.827
            Protein volume: 37.689
        Free volume:        365.296
        Solvent volume:     315.151

    Solvent box charge information:
        Solvent box charge before solvent insertion: -72.0
            Prior solvent beads:  0
            Lipid beads:          0.0
            Protein beads:        -72.0
        Solvent box charge after solvent insertion:  0.0
            New solvent beads: 72.0
                Solvent       (solv): 0
                Positive ions (pos):  100.0
                Negative ions (neg):  -28.0

    Calculating the number of available grid points
        Final number of 3D grid points available for molecule placement: 11151
        Inserting 2753 solvent molecules into random grid points:
            Currently at solvent number: 1
            Currently at solvent number: 2753

    Solvent data for the the specific solvation command
        Name : Totals : Total % : Molarity(box) : Molarity(free) : Molarity(solvent) : Charge
        W    : 2625   : 95.351  : 5.535         : 11.933         : 13.831            : 0     
        NA   : 100    : 3.632   : 0.211         : 0.455          : 0.527             : 1.0   
        CL   : 28     : 1.017   : 0.059         : 0.127          : 0.148             : -1.0  

Starting solvation nr 4
    Calculating box volume: (all values in [nm^3])
        Bead radius used for volume calculations 'bead_radius': 0.264 [nm]
        Solvent box volume: 787.5
        Excluded volume:    414.805
            Solute volume:  0.0
            Lipid volume:   346.827
            Protein volume: 33.989
        Free volume:        372.695
        Solvent volume:     315.151

    Solvent box charge information:
        Solvent box charge before solvent insertion: -66.0
            Prior solvent beads:  0
            Lipid beads:          0.0
            Protein beads:        -66.0
        Solvent box charge after solvent insertion:  0.0
            New solvent beads: 66.0
                Solvent       (solv): 0
                Positive ions (pos):  94.0
                Negative ions (neg):  -28.0

    Calculating the number of available grid points
        Final number of 3D grid points available for molecule placement: 11191
        Inserting 2747 solvent molecules into random grid points:
            Currently at solvent number: 1
            Currently at solvent number: 2747

    Solvent data for the the specific solvation command
        Name : Totals : Total % : Molarity(box) : Molarity(free) : Molarity(solvent) : Charge
        W    : 2625   : 95.559  : 5.535         : 11.696         : 13.831            : 0     
        NA   : 94     : 3.422   : 0.198         : 0.419          : 0.495             : 1.0   
        CL   : 28     : 1.019   : 0.059         : 0.125          : 0.148             : -1.0  

Starting solvation nr 5
    Calculating box volume: (all values in [nm^3])
        Bead radius used for volume calculations 'bead_radius': 0.264 [nm]
        Solvent box volume: 787.5
        Excluded volume:    422.204
            Solute volume:  0.0
            Lipid volume:   346.827
            Protein volume: 37.689
        Free volume:        365.296
        Solvent volume:     315.151

    Solvent box charge information:
        Solvent box charge before solvent insertion: -72.0
            Prior solvent beads:  0
            Lipid beads:          0.0
            Protein beads:        -72.0
        Solvent box charge after solvent insertion:  0.0
            New solvent beads: 72.0
                Solvent       (solv): 0
                Positive ions (pos):  100.0
                Negative ions (neg):  -28.0

    Calculating the number of available grid points
        Final number of 3D grid points available for molecule placement: 11040
        Inserting 2753 solvent molecules into random grid points:
            Currently at solvent number: 1
            Currently at solvent number: 2753

    Solvent data for the the specific solvation command
        Name : Totals : Total % : Molarity(box) : Molarity(free) : Molarity(solvent) : Charge
        W    : 2625   : 95.351  : 5.535         : 11.933         : 13.831            : 0     
        NA   : 100    : 3.632   : 0.211         : 0.455          : 0.527             : 1.0   
        CL   : 28     : 1.017   : 0.059         : 0.127          : 0.148             : -1.0  

Starting solvation nr 6
    Calculating box volume: (all values in [nm^3])
        Bead radius used for volume calculations 'bead_radius': 0.264 [nm]
        Solvent box volume: 787.5
        Excluded volume:    414.805
            Solute volume:  0.0
            Lipid volume:   346.827
            Protein volume: 33.989
        Free volume:        372.695
        Solvent volume:     315.151

    Solvent box charge information:
        Solvent box charge before solvent insertion: -66.0
            Prior solvent beads:  0
            Lipid beads:          0.0
            Protein beads:        -66.0
        Solvent box charge after solvent insertion:  0.0
            New solvent beads: 66.0
                Solvent       (solv): 0
                Positive ions (pos):  94.0
                Negative ions (neg):  -28.0

    Calculating the number of available grid points
        Final number of 3D grid points available for molecule placement: 11222
        Inserting 2747 solvent molecules into random grid points:
            Currently at solvent number: 1
            Currently at solvent number: 2747

    Solvent data for the the specific solvation command
        Name : Totals : Total % : Molarity(box) : Molarity(free) : Molarity(solvent) : Charge
        W    : 2625   : 95.559  : 5.535         : 11.696         : 13.831            : 0     
        NA   : 94     : 3.422   : 0.198         : 0.419          : 0.495             : 1.0   
        CL   : 28     : 1.019   : 0.059         : 0.125          : 0.148             : -1.0  

Starting solvation nr 7
    Calculating box volume: (all values in [nm^3])
        Bead radius used for volume calculations 'bead_radius': 0.264 [nm]
        Solvent box volume: 787.5
        Excluded volume:    422.204
            Solute volume:  0.0
            Lipid volume:   346.827
            Protein volume: 37.689
        Free volume:        365.296
        Solvent volume:     315.151

    Solvent box charge information:
        Solvent box charge before solvent insertion: -72.0
            Prior solvent beads:  0
            Lipid beads:          0.0
            Protein beads:        -72.0
        Solvent box charge after solvent insertion:  0.0
            New solvent beads: 72.0
                Solvent       (solv): 0
                Positive ions (pos):  100.0
                Negative ions (neg):  -28.0

    Calculating the number of available grid points
        Final number of 3D grid points available for molecule placement: 11083
        Inserting 2753 solvent molecules into random grid points:
            Currently at solvent number: 1
            Currently at solvent number: 2753

    Solvent data for the the specific solvation command
        Name : Totals : Total % : Molarity(box) : Molarity(free) : Molarity(solvent) : Charge
        W    : 2625   : 95.351  : 5.535         : 11.933         : 13.831            : 0     
        NA   : 100    : 3.632   : 0.211         : 0.455          : 0.527             : 1.0   
        CL   : 28     : 1.017   : 0.059         : 0.127          : 0.148             : -1.0  

Starting solvation nr 8
    Calculating box volume: (all values in [nm^3])
        Bead radius used for volume calculations 'bead_radius': 0.264 [nm]
        Solvent box volume: 787.5
        Excluded volume:    414.805
            Solute volume:  0.0
            Lipid volume:   346.827
            Protein volume: 33.989
        Free volume:        372.695
        Solvent volume:     315.151

    Solvent box charge information:
        Solvent box charge before solvent insertion: -66.0
            Prior solvent beads:  0
            Lipid beads:          0.0
            Protein beads:        -66.0
        Solvent box charge after solvent insertion:  0.0
            New solvent beads: 66.0
                Solvent       (solv): 0
                Positive ions (pos):  94.0
                Negative ions (neg):  -28.0

    Calculating the number of available grid points
        Final number of 3D grid points available for molecule placement: 11155
        Inserting 2747 solvent molecules into random grid points:
            Currently at solvent number: 1
            Currently at solvent number: 2747

    Solvent data for the the specific solvation command
        Name : Totals : Total % : Molarity(box) : Molarity(free) : Molarity(solvent) : Charge
        W    : 2625   : 95.559  : 5.535         : 11.696         : 13.831            : 0     
        NA   : 94     : 3.422   : 0.198         : 0.419          : 0.495             : 1.0   
        CL   : 28     : 1.019   : 0.059         : 0.125          : 0.148             : -1.0  

Solvent data for whole system
        Name : Totals : Total % : Molarity(box) : Molarity(free) : Molarity(solvent) : Charge
        W    : 21000  : 95.455  : 5.535         : 5.891          : 13.831            : 0     
        NA   : 776    : 3.527   : 0.205         : 0.218          : 0.511             : 1.0   
        CL   : 224    : 1.018   : 0.059         : 0.063          : 0.148             : -1.0  
------------------------------ SOLVATION COMPLETE ------------------------------
                            (Time spent: 0.486 [s])                              

                          +--------------------------+                          
--------------------------+ FINAL SYSTEM CHARGE: 0.0 +--------------------------
                          +--------------------------+                          

-------------------------------- WRITING FILES ---------------------------------
Writing structure files (PDB/GRO)
    PDB file written: output_systems/Paper_Subfigure_Main_c_MultilamelarWithDNA/output_Paper_Subfigure_Main_c_MultilamelarWithDNA.pdb
    GRO file written: output_systems/Paper_Subfigure_Main_c_MultilamelarWithDNA/output_Paper_Subfigure_Main_c_MultilamelarWithDNA.gro
    CIF file written: output_systems/Paper_Subfigure_Main_c_MultilamelarWithDNA/output_Paper_Subfigure_Main_c_MultilamelarWithDNA.cif

Writing topology file (TOP)
    TOP file written: output_systems/Paper_Subfigure_Main_c_MultilamelarWithDNA/topol_Paper_Subfigure_Main_c_MultilamelarWithDNA.top 

Writing log file (LOG)
