The following COBY arguments will be processed:
COBY(
    box = [
        10,
        10,
        10,
    ],
    membrane = "lipid:POPC",
    solvation = "solv:W:5 solv:SW:3 pos:NA:5 pos:CA:1 neg:CL:1 ratio_method:coarse",
    itp_input = [
        "file:toppar/top_for_COBY.itp",
        "include:toppar/extra_water/martini3_SW.itp",
    ],
    out_sys = "output_systems/Solvation4_MixedSolvent/output_Solvation4_MixedSolvent",
    out_top = "output_systems/Solvation4_MixedSolvent/topol_Solvation4_MixedSolvent.top",
    out_log = "output_systems/Solvation4_MixedSolvent/log_Solvation4_MixedSolvent.log",
    sn = "Solvation4_MixedSolvent",
)
Setting random seed to: 1749800572
-------------------------- PREPROCESSING DEFINITIONS ---------------------------
Loading topology file(s)
    Finished loading topologies. Number of moleculetypes found: 195 

Preprocessing lipid scaffolds
    Number of lipids preprocessed: 6109 

Preprocessing lipid definitions
    Number of lipids preprocessed: 0 

Preprocessing ion definitions
    Number of positive ions preprocessed: 8
    Number of negative ions preprocessed: 11 

Preprocessing solvent definitions
    Number of solvents preprocessed: 64
---------------------- DEFINITIONS PREPROCESSING COMPLETE ----------------------
                            (Time spent: 0.6012 [s])                            

---------------------------- PREPROCESSING COMMANDS ----------------------------
Preprocessing membrane requests
    Starting membrane argument: 1
    Number of membranes preprocessed: 1
Preprocessing solvation requests
    Starting solvation argument: 1
    Number of solvent commands preprocessed: 1
------------------------ COMMAND PREPROCESSING COMPLETE ------------------------
                            (Time spent: 0.001 [s])                             

----------------------- CREATING LEAFLET BOUNDARY BOXES ------------------------
Starting membrane nr 1
    Starting upper leaflet
        Base parameters: x=10.0nm y=10.0nm APL=0.6nm^2
    Starting lower leaflet
        Base parameters: x=10.0nm y=10.0nm APL=0.6nm^2
------------------------ LEAFLET BOUNDARY BOXES CREATED ------------------------
                            (Time spent: 0.0008 [s])                             

------------------------ CREATING HOLED BOUNDARY BOXES -------------------------
Starting membrane nr 1
    Calculating holed boundary box
        Starting upper leaflet
        Starting lower leaflet
------------------------- HOLED BOUNDARY BOXES CREATED -------------------------
                            (Time spent: 0.0004 [s])                             

--------------------------- CALCULATING LIPID RATIOS ---------------------------
Starting membrane nr 1
    Starting upper leaflet
        Lipid optimization 'lipid_optim' setting: force_fill
            Forcefully filling leaflet until all grid points have a lipid

            Maximum number of lipids allowed in subleaflet: 167
            
        Maximum number of lipids allowed in leaflet: 167
        Final deviations from expected ratios: Difference in %-values
            Maximum: 0.0
            Average: 0.0
            Minimum: 0.0
        Leaflet specific lipid data (Combined subleafs)
            Name : Final lipids : Final % : Expected % : Starting % : Starting lipids
            POPC : 167          : 100.0   : 100.0      : 100.0      : 167            

    Starting lower leaflet
        Lipid optimization 'lipid_optim' setting: force_fill
            Forcefully filling leaflet until all grid points have a lipid

            Maximum number of lipids allowed in subleaflet: 167
            
        Maximum number of lipids allowed in leaflet: 167
        Final deviations from expected ratios: Difference in %-values
            Maximum: 0.0
            Average: 0.0
            Minimum: 0.0
        Leaflet specific lipid data (Combined subleafs)
            Name : Final lipids : Final % : Expected % : Starting % : Starting lipids
            POPC : 167          : 100.0   : 100.0      : 100.0      : 167            

    Membrane-wide lipid data
            Name : Total lipids : Total %
            POPC : 334          : 100.0  
---------------------- LIPID RATIO CALCULATIONS COMPLETE -----------------------
                            (Time spent: 0.0007 [s])                             

----------------------------- CREATING LIPID GRID ------------------------------
Starting membrane nr 1
    Starting upper leaflet
            Total leaflet optimization time: 0.0 [s]

    Starting lower leaflet
            Total leaflet optimization time: 0.0 [s]
------------------------------ LIPID GRID CREATED ------------------------------
                            (Time spent: 0.0251 [s])                             

------------------------------- CREATING LIPIDS --------------------------------
Starting membrane nr 1
    Starting upper leaflet
    Starting lower leaflet
--------------------------- LIPID CREATION COMPLETE ----------------------------
                            (Time spent: 0.056 [s])                              

------------------------------- SOLVATING SYSTEM -------------------------------
Starting solvation nr 1
    Calculating box volume: (all values in [nm^3])
        Bead radius used for volume calculations 'bead_radius': 0.264 [nm]
        Solvent box volume: 1000.0
        Excluded volume:    308.907
            Solute volume:  0.0
            Lipid volume:   308.907
            Protein volume: 0.0
        Free volume:        691.093
        Solvent volume:     694.054

    Solvent box charge information:
        Solvent box charge before solvent insertion: 0.0
            Prior solvent beads:  0
            Lipid beads:          0.0
            Protein beads:        0
        Solvent box charge after solvent insertion:  0.0
            New solvent beads: 0.0
                Solvent       (solv): 0
                Positive ions (pos):  72.0
                Negative ions (neg):  -72.0

    Calculating the number of available grid points
        Final number of 3D grid points available for molecule placement: 27767
        Inserting 6513 solvent molecules into random grid points:
            Currently at solvent number: 1
            Currently at solvent number: 6513

Solvent data for whole system
        Name : Totals : Total % : Molarity(box) : Molarity(free) : Molarity(solvent) : Charge
        SW   : 2392   : 36.727  : 3.972         : 5.747          : 5.723             : 0     
        W    : 3987   : 61.216  : 6.621         : 9.58           : 9.539             : 0     
        CA   : 10     : 0.154   : 0.017         : 0.024          : 0.024             : 2.0   
        NA   : 52     : 0.798   : 0.086         : 0.125          : 0.124             : 1.0   
        CL   : 72     : 1.105   : 0.12          : 0.173          : 0.172             : -1.0  
------------------------------ SOLVATION COMPLETE ------------------------------
                            (Time spent: 0.054 [s])                              

                          +--------------------------+                          
--------------------------+ FINAL SYSTEM CHARGE: 0.0 +--------------------------
                          +--------------------------+                          

-------------------------------- WRITING FILES ---------------------------------
Writing structure files (PDB/GRO)
    PDB file written: output_systems/Solvation4_MixedSolvent/output_Solvation4_MixedSolvent.pdb
    GRO file written: output_systems/Solvation4_MixedSolvent/output_Solvation4_MixedSolvent.gro
    CIF file written: output_systems/Solvation4_MixedSolvent/output_Solvation4_MixedSolvent.cif

Writing topology file (TOP)
    TOP file written: output_systems/Solvation4_MixedSolvent/topol_Solvation4_MixedSolvent.top 

Writing log file (LOG)
