The following COBY arguments will be processed:
COBY(
    box = [
        20,
        20,
        10,
    ],
    membrane = "lipid:POPC hole:circle:radius:3:cx:-5:cy:0",
    solvation = "default",
    itp_input = "file:toppar/top_for_COBY.itp",
    out_sys = "output_systems/Holes1_HoledMembrane_HoleFilled/output_Holes1_HoledMembrane_HoleFilled",
    out_top = "output_systems/Holes1_HoledMembrane_HoleFilled/topol_Holes1_HoledMembrane_HoleFilled.top",
    out_log = "output_systems/Holes1_HoledMembrane_HoleFilled/log_Holes1_HoledMembrane_HoleFilled.log",
    sn = "Holes1_HoledMembrane_HoleFilled",
)
Setting random seed to: 1749800523
-------------------------- PREPROCESSING DEFINITIONS ---------------------------
Loading topology file(s)
    Finished loading topologies. Number of moleculetypes found: 194 

Preprocessing lipid scaffolds
    Number of lipids preprocessed: 6109 

Preprocessing lipid definitions
    Number of lipids preprocessed: 0 

Preprocessing ion definitions
    Number of positive ions preprocessed: 8
    Number of negative ions preprocessed: 11 

Preprocessing solvent definitions
    Number of solvents preprocessed: 64
---------------------- DEFINITIONS PREPROCESSING COMPLETE ----------------------
                            (Time spent: 0.6641 [s])                            

---------------------------- PREPROCESSING COMMANDS ----------------------------
Preprocessing membrane requests
    Starting membrane argument: 1
    Number of membranes preprocessed: 1
Preprocessing solvation requests
    Starting solvation argument: 1
    Number of solvent commands preprocessed: 1
------------------------ COMMAND PREPROCESSING COMPLETE ------------------------
                            (Time spent: 0.0013 [s])                            

----------------------- CREATING LEAFLET BOUNDARY BOXES ------------------------
Starting membrane nr 1
    Starting upper leaflet
        Base parameters: x=20.0nm y=20.0nm APL=0.6nm^2
    Starting lower leaflet
        Base parameters: x=20.0nm y=20.0nm APL=0.6nm^2
------------------------ LEAFLET BOUNDARY BOXES CREATED ------------------------
                            (Time spent: 0.0012 [s])                             

------------------------ CREATING HOLED BOUNDARY BOXES -------------------------
Starting membrane nr 1
    Calculating holed boundary box
        Starting upper leaflet
        Starting lower leaflet
------------------------- HOLED BOUNDARY BOXES CREATED -------------------------
                            (Time spent: 0.0322 [s])                             

--------------------------- CALCULATING LIPID RATIOS ---------------------------
Starting membrane nr 1
    Starting upper leaflet
        Lipid optimization 'lipid_optim' setting: force_fill
            Forcefully filling leaflet until all grid points have a lipid

            Maximum number of lipids allowed in subleaflet: 620
            
        Maximum number of lipids allowed in leaflet: 620
        Final deviations from expected ratios: Difference in %-values
            Maximum: 0.0
            Average: 0.0
            Minimum: 0.0
        Leaflet specific lipid data (Combined subleafs)
            Name : Final lipids : Final % : Expected % : Starting % : Starting lipids
            POPC : 620          : 100.0   : 100.0      : 100.0      : 620            

    Starting lower leaflet
        Lipid optimization 'lipid_optim' setting: force_fill
            Forcefully filling leaflet until all grid points have a lipid

            Maximum number of lipids allowed in subleaflet: 620
            
        Maximum number of lipids allowed in leaflet: 620
        Final deviations from expected ratios: Difference in %-values
            Maximum: 0.0
            Average: 0.0
            Minimum: 0.0
        Leaflet specific lipid data (Combined subleafs)
            Name : Final lipids : Final % : Expected % : Starting % : Starting lipids
            POPC : 620          : 100.0   : 100.0      : 100.0      : 620            

    Membrane-wide lipid data
            Name : Total lipids : Total %
            POPC : 1240         : 100.0  
---------------------- LIPID RATIO CALCULATIONS COMPLETE -----------------------
                            (Time spent: 0.0008 [s])                             

----------------------------- CREATING LIPID GRID ------------------------------
Starting membrane nr 1
    Starting upper leaflet
            Total leaflet optimization time: 0.7163 [s]

    Starting lower leaflet
            Total leaflet optimization time: 0.6622 [s]
------------------------------ LIPID GRID CREATED ------------------------------
                            (Time spent: 1.4698 [s])                             

------------------------------- CREATING LIPIDS --------------------------------
Starting membrane nr 1
    Starting upper leaflet
    Starting lower leaflet
--------------------------- LIPID CREATION COMPLETE ----------------------------
                            (Time spent: 0.2305 [s])                             

------------------------------- SOLVATING SYSTEM -------------------------------
Starting solvation nr 1
    Calculating box volume: (all values in [nm^3])
        Bead radius used for volume calculations 'bead_radius': 0.264 [nm]
        Solvent box volume: 4000.0
        Excluded volume:    1146.841
            Solute volume:  0.0
            Lipid volume:   1146.841
            Protein volume: 0.0
        Free volume:        2853.159
        Solvent volume:     2865.297

    Solvent box charge information:
        Solvent box charge before solvent insertion: 0.0
            Prior solvent beads:  0
            Lipid beads:          0.0
            Protein beads:        0
        Solvent box charge after solvent insertion:  0.0
            New solvent beads: 0.0
                Solvent       (solv): 0
                Positive ions (pos):  259.0
                Negative ions (neg):  -259.0

    Calculating the number of available grid points
        Final number of 3D grid points available for molecule placement: 118692
        Inserting 24384 solvent molecules into random grid points:
            Currently at solvent number: 1
            Currently at solvent number: 24384

Solvent data for whole system
        Name : Totals : Total % : Molarity(box) : Molarity(free) : Molarity(solvent) : Charge
        W    : 23866  : 97.876  : 9.908         : 13.89          : 13.831            : 0     
        NA   : 259    : 1.062   : 0.108         : 0.151          : 0.15              : 1.0   
        CL   : 259    : 1.062   : 0.108         : 0.151          : 0.15              : -1.0  
------------------------------ SOLVATION COMPLETE ------------------------------
                             (Time spent: 0.67 [s])                              

                          +--------------------------+                          
--------------------------+ FINAL SYSTEM CHARGE: 0.0 +--------------------------
                          +--------------------------+                          

-------------------------------- WRITING FILES ---------------------------------
Writing structure files (PDB/GRO)
    PDB file written: output_systems/Holes1_HoledMembrane_HoleFilled/output_Holes1_HoledMembrane_HoleFilled.pdb
    GRO file written: output_systems/Holes1_HoledMembrane_HoleFilled/output_Holes1_HoledMembrane_HoleFilled.gro
    CIF file written: output_systems/Holes1_HoledMembrane_HoleFilled/output_Holes1_HoledMembrane_HoleFilled.cif

Writing topology file (TOP)
    TOP file written: output_systems/Holes1_HoledMembrane_HoleFilled/topol_Holes1_HoledMembrane_HoleFilled.top 

Writing log file (LOG)
