The following COBY arguments will be processed:
COBY(
    box = [
        20,
        20,
        10,
    ],
    membrane = "lipid:DMPC:params:SIRAH apl:0.68 gridsplits:False optimize_push_tolerance:0.1 optimize_run:True",
    solvation = "params:SIRAH solv:WT4 pos:NaW neg:ClW kick:0.02 solv_molarity:3.915 salt_molarity:1.6",
    molecule_import = [
        "file:example_lipids/SIRAH_DMPC.pdb moleculetype:DMPC params:SIRAH scale:x:0.75 scale:y:0.75 scale:z:0.5",
        "file:example_solutes/SIRAH/SIRAH_water_WT4.pdb moleculetype:WT4 params:SIRAH density:0.99669 molar_mass:18.01528 mapping_ratio:1 scale:0.7",
        "file:example_solutes/SIRAH/SIRAH_potassium_NaW.pdb moleculetype:NaW params:SIRAH",
        "file:example_solutes/SIRAH/SIRAH_chloride_ClW.pdb moleculetype:ClW params:SIRAH",
    ],
    itp_input = [
        "include:toppar/SIRAH_ff/forcefield.itp",
        "include:toppar/SIRAH_ff/DMPC.itp",
        "include:toppar/SIRAH_ff/wt4.itp",
        "include:toppar/SIRAH_ff/sirah_ions.itp",
    ],
    out_sys = "output_systems/Paper_Subfigure_Main_j_ImportLipid/output_Paper_Subfigure_Main_j_ImportLipid",
    out_top = "output_systems/Paper_Subfigure_Main_j_ImportLipid/topol_Paper_Subfigure_Main_j_ImportLipid.top",
    out_log = "output_systems/Paper_Subfigure_Main_j_ImportLipid/log_Paper_Subfigure_Main_j_ImportLipid.log",
    sn = "Paper_Subfigure_Main_j_ImportLipid",
)
Setting random seed to: 1749800736
-------------------------- PREPROCESSING DEFINITIONS ---------------------------
Loading topology file(s)
    Finished loading topologies. Number of moleculetypes found: 4 

Preprocessing lipid scaffolds
    Number of lipids preprocessed: 6109 

Preprocessing lipid definitions
    Number of lipids preprocessed: 4 

Preprocessing ion definitions
    Number of positive ions preprocessed: 12
    Number of negative ions preprocessed: 15 

Preprocessing solvent definitions
    Number of solvents preprocessed: 76
---------------------- DEFINITIONS PREPROCESSING COMPLETE ----------------------
                            (Time spent: 1.8639 [s])                            

---------------------------- PREPROCESSING COMMANDS ----------------------------
Preprocessing membrane requests
    Starting membrane argument: 1
    Number of membranes preprocessed: 1
Preprocessing solvation requests
    Starting solvation argument: 1
    Number of solvent commands preprocessed: 1
------------------------ COMMAND PREPROCESSING COMPLETE ------------------------
                            (Time spent: 0.001 [s])                             

----------------------- CREATING LEAFLET BOUNDARY BOXES ------------------------
Starting membrane nr 1
    Starting upper leaflet
        Base parameters: x=20.0nm y=20.0nm APL=0.68nm^2
    Starting lower leaflet
        Base parameters: x=20.0nm y=20.0nm APL=0.68nm^2
------------------------ LEAFLET BOUNDARY BOXES CREATED ------------------------
                            (Time spent: 0.0009 [s])                             

------------------------ CREATING HOLED BOUNDARY BOXES -------------------------
Starting membrane nr 1
    Calculating holed boundary box
        Starting upper leaflet
        Starting lower leaflet
------------------------- HOLED BOUNDARY BOXES CREATED -------------------------
                            (Time spent: 0.0005 [s])                             

--------------------------- CALCULATING LIPID RATIOS ---------------------------
Starting membrane nr 1
    Starting upper leaflet
        Lipid optimization 'lipid_optim' setting: force_fill
            Forcefully filling leaflet until all grid points have a lipid

            Maximum number of lipids allowed in subleaflet: 588
            
        Maximum number of lipids allowed in leaflet: 588
        Final deviations from expected ratios: Difference in %-values
            Maximum: 0.0
            Average: 0.0
            Minimum: 0.0
        Leaflet specific lipid data (Combined subleafs)
            Name : Final lipids : Final % : Expected % : Starting % : Starting lipids
            DMPC : 588          : 100.0   : 100.0      : 100.0      : 588            

    Starting lower leaflet
        Lipid optimization 'lipid_optim' setting: force_fill
            Forcefully filling leaflet until all grid points have a lipid

            Maximum number of lipids allowed in subleaflet: 588
            
        Maximum number of lipids allowed in leaflet: 588
        Final deviations from expected ratios: Difference in %-values
            Maximum: 0.0
            Average: 0.0
            Minimum: 0.0
        Leaflet specific lipid data (Combined subleafs)
            Name : Final lipids : Final % : Expected % : Starting % : Starting lipids
            DMPC : 588          : 100.0   : 100.0      : 100.0      : 588            

    Membrane-wide lipid data
            Name : Total lipids : Total %
            DMPC : 1176         : 100.0  
---------------------- LIPID RATIO CALCULATIONS COMPLETE -----------------------
                            (Time spent: 0.0007 [s])                             

----------------------------- CREATING LIPID GRID ------------------------------
Starting membrane nr 1
    Starting upper leaflet
WARNING: Chosen apl (0.68 [nm^2]) and buffer (0.099 [nm]) cause lipids to be very closely packed. Optimization may be slow and some lipid overlaps may not be avoidable. Consider increasing the apl using the subargument 'apl' or decreasing the plane buffer using the subargument 'plane_buffer'
            Total leaflet optimization time: 0.9957 [s]

    Starting lower leaflet
WARNING: Chosen apl (0.68 [nm^2]) and buffer (0.099 [nm]) cause lipids to be very closely packed. Optimization may be slow and some lipid overlaps may not be avoidable. Consider increasing the apl using the subargument 'apl' or decreasing the plane buffer using the subargument 'plane_buffer'
            Total leaflet optimization time: 0.945 [s]
------------------------------ LIPID GRID CREATED ------------------------------
                            (Time spent: 2.0338 [s])                             

------------------------------- CREATING LIPIDS --------------------------------
Starting membrane nr 1
    Starting upper leaflet
    Starting lower leaflet
--------------------------- LIPID CREATION COMPLETE ----------------------------
                            (Time spent: 0.2125 [s])                             

------------------------------- SOLVATING SYSTEM -------------------------------
Starting solvation nr 1
    Calculating box volume: (all values in [nm^3])
        Bead radius used for volume calculations 'bead_radius': 0.264 [nm]
        Solvent box volume: 4000.0
        Excluded volume:    1178.287
            Solute volume:  0.0
            Lipid volume:   1178.287
            Protein volume: 0.0
        Free volume:        2821.713
        Solvent volume:     199.686

    Solvent box charge information:
        Solvent box charge before solvent insertion: 0.0
            Prior solvent beads:  0
            Lipid beads:          0.0
            Protein beads:        0
        Solvent box charge after solvent insertion:  0.0
            New solvent beads: 0.0
                Solvent       (solv): 0.0
                Positive ions (pos):  192.0
                Negative ions (neg):  -192.0
WARNING: Requested solvent is too large for the grid resolution. Adjusting grid resolution to prevent molecule overlaps.
WARNING: Original grid resolution was: 0.264 [nm]
WARNING: New grid resolution is:       0.5763 [nm]
WARNING: Calculation: (largest molecule size + 2 * particle kick value) * 1.2 


    Calculating the number of available grid points
        Final number of 3D grid points available for molecule placement: 12698
        Inserting 7037 solvent molecules into random grid points:
            Currently at solvent number: 1
            Currently at solvent number: 7037

Solvent data for whole system
        Name : Totals : Total % : Molarity(box) : Molarity(free) : Molarity(solvent) : Charge
        WT4  : 6653   : 94.543  : 2.762         : 3.915          : 55.325            : 0.0   
        NaW  : 192    : 2.728   : 0.08          : 0.113          : 1.597             : 1.0   
        ClW  : 192    : 2.728   : 0.08          : 0.113          : 1.597             : -1.0  
------------------------------ SOLVATION COMPLETE ------------------------------
                             (Time spent: 0.43 [s])                              

                          +--------------------------+                          
--------------------------+ FINAL SYSTEM CHARGE: 0.0 +--------------------------
                          +--------------------------+                          

-------------------------------- WRITING FILES ---------------------------------
Writing structure files (PDB/GRO)
    PDB file written: output_systems/Paper_Subfigure_Main_j_ImportLipid/output_Paper_Subfigure_Main_j_ImportLipid.pdb
    GRO file written: output_systems/Paper_Subfigure_Main_j_ImportLipid/output_Paper_Subfigure_Main_j_ImportLipid.gro
    CIF file written: output_systems/Paper_Subfigure_Main_j_ImportLipid/output_Paper_Subfigure_Main_j_ImportLipid.cif

Writing topology file (TOP)
    TOP file written: output_systems/Paper_Subfigure_Main_j_ImportLipid/topol_Paper_Subfigure_Main_j_ImportLipid.top 

Writing log file (LOG)
