The following COBY arguments will be processed:
COBY(
    box = [
        10,
        10,
        10,
    ],
    membrane = "lipid:POPC",
    protein = "file:example_proteins/8BB6_martinized_with_2sucrose.pdb moleculetypes:8BB6_CG moleculetypes:SUCR:2",
    solvation = "default",
    itp_input = [
        "file:toppar/top_for_COBY.itp",
        "include:toppar/SugarTransporter/8BB6_martinized.itp",
        "include:toppar/solutes/SUCROSE/sucrose.itp",
    ],
    out_sys = "output_systems/Proteins3_ProteinWithLigands/output_Proteins3_ProteinWithLigands",
    out_top = "output_systems/Proteins3_ProteinWithLigands/topol_Proteins3_ProteinWithLigands.top",
    out_log = "output_systems/Proteins3_ProteinWithLigands/log_Proteins3_ProteinWithLigands.log",
    sn = "Proteins3_ProteinWithLigands",
)
Setting random seed to: 1749800536
-------------------------- PREPROCESSING DEFINITIONS ---------------------------
Loading topology file(s)
    Finished loading topologies. Number of moleculetypes found: 196 

Preprocessing lipid scaffolds
    Number of lipids preprocessed: 6109 

Preprocessing lipid definitions
    Number of lipids preprocessed: 0 

Preprocessing ion definitions
    Number of positive ions preprocessed: 8
    Number of negative ions preprocessed: 11 

Preprocessing solvent definitions
    Number of solvents preprocessed: 64
---------------------- DEFINITIONS PREPROCESSING COMPLETE ----------------------
                            (Time spent: 1.0904 [s])                            

---------------------------- PREPROCESSING COMMANDS ----------------------------
Preprocessing protein requests
    Starting protein: 1
    Number of molecule insertions preprocessed: 1
Preprocessing membrane requests
    Starting membrane argument: 1
    Number of membranes preprocessed: 1
Preprocessing solvation requests
    Starting solvation argument: 1
    Number of solvent commands preprocessed: 1
------------------------ COMMAND PREPROCESSING COMPLETE ------------------------
                            (Time spent: 0.0215 [s])                            

------------------------------ PROTEIN PLACEMENT -------------------------------
Starting protein nr 1
    Total charge of protein is: 16.0
    Centering protein using 'cog' at x/y/z: 43.333 42.651 57.191 (Input file coordinate system [Å])
    New protein center at x/y/z: 0 0 0 (Internal coordinate system [Å])
    Finished placing protein nr 1
-------------------------- PROTEIN PLACEMENT COMPLETE --------------------------
                            (Time spent: 0.0038 [s])                             

----------------------- CREATING LEAFLET BOUNDARY BOXES ------------------------
Starting membrane nr 1
    Starting upper leaflet
        Base parameters: x=10.0nm y=10.0nm APL=0.6nm^2
    Starting lower leaflet
        Base parameters: x=10.0nm y=10.0nm APL=0.6nm^2
------------------------ LEAFLET BOUNDARY BOXES CREATED ------------------------
                            (Time spent: 0.0009 [s])                             

------------------------ CREATING HOLED BOUNDARY BOXES -------------------------
Starting membrane nr 1
    Finding protein beads inside leaflets
        Starting upper leaflet
            413 protein beads found within leaflet

        Starting lower leaflet
            427 protein beads found within leaflet

    Calculating holed boundary box
        Starting upper leaflet
        Starting lower leaflet
------------------------- HOLED BOUNDARY BOXES CREATED -------------------------
                            (Time spent: 0.3789 [s])                             

--------------------------- CALCULATING LIPID RATIOS ---------------------------
Starting membrane nr 1
    Starting upper leaflet
        Lipid optimization 'lipid_optim' setting: force_fill
            Forcefully filling leaflet until all grid points have a lipid

            Maximum number of lipids allowed in subleaflet: 139
            
        Maximum number of lipids allowed in leaflet: 139
        Final deviations from expected ratios: Difference in %-values
            Maximum: 0.0
            Average: 0.0
            Minimum: 0.0
        Leaflet specific lipid data (Combined subleafs)
            Name : Final lipids : Final % : Expected % : Starting % : Starting lipids
            POPC : 139          : 100.0   : 100.0      : 100.0      : 139            

    Starting lower leaflet
        Lipid optimization 'lipid_optim' setting: force_fill
            Forcefully filling leaflet until all grid points have a lipid

            Maximum number of lipids allowed in subleaflet: 139
            
        Maximum number of lipids allowed in leaflet: 139
        Final deviations from expected ratios: Difference in %-values
            Maximum: 0.0
            Average: 0.0
            Minimum: 0.0
        Leaflet specific lipid data (Combined subleafs)
            Name : Final lipids : Final % : Expected % : Starting % : Starting lipids
            POPC : 139          : 100.0   : 100.0      : 100.0      : 139            

    Membrane-wide lipid data
            Name : Total lipids : Total %
            POPC : 278          : 100.0  
---------------------- LIPID RATIO CALCULATIONS COMPLETE -----------------------
                            (Time spent: 0.0007 [s])                             

----------------------------- CREATING LIPID GRID ------------------------------
Starting membrane nr 1
    Starting upper leaflet
            Total leaflet optimization time: 0.3621 [s]

    Starting lower leaflet
            Total leaflet optimization time: 0.2777 [s]
------------------------------ LIPID GRID CREATED ------------------------------
                            (Time spent: 0.6783 [s])                             

------------------------------- CREATING LIPIDS --------------------------------
Starting membrane nr 1
    Starting upper leaflet
    Starting lower leaflet
--------------------------- LIPID CREATION COMPLETE ----------------------------
                            (Time spent: 0.0647 [s])                             

------------------------------- SOLVATING SYSTEM -------------------------------
Starting solvation nr 1
    Calculating box volume: (all values in [nm^3])
        Bead radius used for volume calculations 'bead_radius': 0.264 [nm]
        Solvent box volume: 1000.0
        Excluded volume:    427.907
            Solute volume:  0.0
            Lipid volume:   257.114
            Protein volume: 85.397
        Free volume:        572.093
        Solvent volume:     574.476

    Solvent box charge information:
        Solvent box charge before solvent insertion: 16.0
            Prior solvent beads:  0
            Lipid beads:          0.0
            Protein beads:        16.0
        Solvent box charge after solvent insertion:  0.0
            New solvent beads: -16.0
                Solvent       (solv): 0
                Positive ions (pos):  52.0
                Negative ions (neg):  -68.0

    Calculating the number of available grid points
        Final number of 3D grid points available for molecule placement: 25492
        Inserting 4905 solvent molecules into random grid points:
            Currently at solvent number: 1
            Currently at solvent number: 4905

Solvent data for whole system
        Name : Totals : Total % : Molarity(box) : Molarity(free) : Molarity(solvent) : Charge
        W    : 4785   : 97.554  : 7.946         : 12.085         : 13.831            : 0     
        NA   : 52     : 1.06    : 0.086         : 0.131          : 0.15              : 1.0   
        CL   : 68     : 1.386   : 0.113         : 0.172          : 0.197             : -1.0  
------------------------------ SOLVATION COMPLETE ------------------------------
                            (Time spent: 0.048 [s])                              

                          +--------------------------+                          
--------------------------+ FINAL SYSTEM CHARGE: 0.0 +--------------------------
                          +--------------------------+                          

-------------------------------- WRITING FILES ---------------------------------
Writing structure files (PDB/GRO)
    PDB file written: output_systems/Proteins3_ProteinWithLigands/output_Proteins3_ProteinWithLigands.pdb
    GRO file written: output_systems/Proteins3_ProteinWithLigands/output_Proteins3_ProteinWithLigands.gro
    CIF file written: output_systems/Proteins3_ProteinWithLigands/output_Proteins3_ProteinWithLigands.cif

Writing topology file (TOP)
    TOP file written: output_systems/Proteins3_ProteinWithLigands/topol_Proteins3_ProteinWithLigands.top 

Writing log file (LOG)
