The following COBY arguments will be processed:
COBY(
    box = [
        30,
        30,
        30,
    ],
    solvation = [
        "params:IMPORTED kick:0 solv:DIM solv:BF4 solv_molarity:0.09090909090909091",
        "params:IMPORTED kick:0 solv:OIM solv:BF4 solv_molarity:0.36363636363636365",
        "params:IMPORTED kick:0 solv:BIM solv:BF4 solv_molarity:0.8181818181818182",
        "params:IMPORTED kick:0 solv:EIM:ratio:1 solv:MIM:ratio:1 solv:BF4:ratio:2 solv_molarity:3.7272727272727275",
    ],
    molecule_import = [
        "file:example_solutes/IonicLiquid/BF4.pdb moleculetype:BF4 params:IMPORTED",
        "file:example_solutes/IonicLiquid/C1.pdb moleculetype:MIM params:IMPORTED scale:x:0.5 scale:y:0.5",
        "file:example_solutes/IonicLiquid/C2.pdb moleculetype:EIM params:IMPORTED scale:x:0.5 scale:y:0.5",
        "file:example_solutes/IonicLiquid/C4.pdb moleculetype:BIM params:IMPORTED scale:x:0.5 scale:y:0.5",
        "file:example_solutes/IonicLiquid/C8.pdb moleculetype:OIM params:IMPORTED scale:x:0.5 scale:y:0.5",
        "file:example_solutes/IonicLiquid/C12.pdb moleculetype:DIM params:IMPORTED scale:x:0.5 scale:y:0.5",
    ],
    itp_input = [
        "include:toppar/martini_v3/martini_v3.0.0.itp",
        "include:toppar/IonicLiquid/cation_C12C1imin.itp",
        "include:toppar/IonicLiquid/cation_C8C1imin.itp",
        "include:toppar/IonicLiquid/cation_C4C1imin.itp",
        "include:toppar/IonicLiquid/cation_C2C1imin.itp",
        "include:toppar/IonicLiquid/cation_C1C1imin.itp",
        "include:toppar/IonicLiquid/anion.itp",
    ],
    out_sys = "output_systems/Paper_Subfigure_Main_k_IonicLiquid/output_Paper_Subfigure_Main_k_IonicLiquid",
    out_top = "output_systems/Paper_Subfigure_Main_k_IonicLiquid/topol_Paper_Subfigure_Main_k_IonicLiquid.top",
    out_log = "output_systems/Paper_Subfigure_Main_k_IonicLiquid/log_Paper_Subfigure_Main_k_IonicLiquid.log",
    sn = "Paper_Subfigure_Main_k_IonicLiquid",
)
Setting random seed to: 1749800741
-------------------------- PREPROCESSING DEFINITIONS ---------------------------
Loading topology file(s)
    Finished loading topologies. Number of moleculetypes found: 7 

Preprocessing lipid scaffolds
    Number of lipids preprocessed: 6109 

Preprocessing lipid definitions
    Number of lipids preprocessed: 6 

Preprocessing ion definitions
    Number of positive ions preprocessed: 14
    Number of negative ions preprocessed: 17 

Preprocessing solvent definitions
    Number of solvents preprocessed: 82
---------------------- DEFINITIONS PREPROCESSING COMPLETE ----------------------
                            (Time spent: 0.5833 [s])                            

---------------------------- PREPROCESSING COMMANDS ----------------------------
Preprocessing solvation requests
    Starting solvation argument: 1
    Starting solvation argument: 2
    Starting solvation argument: 3
    Starting solvation argument: 4
    Number of solvent commands preprocessed: 4
------------------------ COMMAND PREPROCESSING COMPLETE ------------------------
                            (Time spent: 0.0007 [s])                            

------------------------------- SOLVATING SYSTEM -------------------------------
Starting solvation nr 1
    Calculating box volume: (all values in [nm^3])
        Bead radius used for volume calculations 'bead_radius': 0.264 [nm]
        Solvent box volume: 27000.0
        Excluded volume:    0.0
            Solute volume:  0.0
            Lipid volume:   0.0
            Protein volume: 0.0
        Free volume:        27000.0
        Solvent volume:     0

    Solvent box charge information:
        Solvent box charge before solvent insertion: 0
            Prior solvent beads:  0
            Lipid beads:          0
            Protein beads:        0
        Solvent box charge after solvent insertion:  0.0
            New solvent beads: 0.0
                Solvent       (solv): 0.0
WARNING: Requested solvent is too large for the grid resolution. Adjusting grid resolution to prevent molecule overlaps.
WARNING: Original grid resolution was: 0.264 [nm]
WARNING: New grid resolution is:       0.9805 [nm]
WARNING: Calculation: (largest molecule size + 2 * particle kick value) * 1.2 


    Calculating the number of available grid points
        Final number of 3D grid points available for molecule placement: 27000
        Inserting 1478 solvent molecules into random grid points:
            Currently at solvent number: 1
            Currently at solvent number: 1478

    Solvent data for the the specific solvation command
        Name : Totals : Total % : Molarity(box) : Molarity(free) : Molarity(solvent) : Charge
        BF4  : 739    : 50.0    : 0.045         : 0.045          : NaN               : -1.0  
        DIM  : 739    : 50.0    : 0.045         : 0.045          : NaN               : 1.0   

Starting solvation nr 2
    Calculating box volume: (all values in [nm^3])
        Bead radius used for volume calculations 'bead_radius': 0.264 [nm]
        Solvent box volume: 27000.0
        Excluded volume:    0.0
            Solute volume:  398.697
            Lipid volume:   0.0
            Protein volume: 0.0
        Free volume:        27000.0
        Solvent volume:     0

    Solvent box charge information:
        Solvent box charge before solvent insertion: 0.0
            Prior solvent beads:  0.0
            Lipid beads:          0
            Protein beads:        0
        Solvent box charge after solvent insertion:  0.0
            New solvent beads: 0.0
                Solvent       (solv): 0.0
WARNING: Requested solvent is too large for the grid resolution. Adjusting grid resolution to prevent molecule overlaps.
WARNING: Original grid resolution was: 0.264 [nm]
WARNING: New grid resolution is:       1.2834 [nm]
WARNING: Calculation: (largest molecule size + 2 * particle kick value) * 1.2 


    Calculating the number of available grid points
        Final number of 3D grid points available for molecule placement: 8336
        Inserting 5912 solvent molecules into random grid points:
            Currently at solvent number: 1
            Currently at solvent number: 5912

    Solvent data for the the specific solvation command
        Name : Totals : Total % : Molarity(box) : Molarity(free) : Molarity(solvent) : Charge
        BF4  : 2956   : 50.0    : 0.182         : 0.182          : NaN               : -1.0  
        OIM  : 2956   : 50.0    : 0.182         : 0.182          : NaN               : 1.0   

Starting solvation nr 3
    Calculating box volume: (all values in [nm^3])
        Bead radius used for volume calculations 'bead_radius': 0.264 [nm]
        Solvent box volume: 27000.0
        Excluded volume:    0.0
            Solute volume:  1765.658
            Lipid volume:   0.0
            Protein volume: 0.0
        Free volume:        27000.0
        Solvent volume:     0

    Solvent box charge information:
        Solvent box charge before solvent insertion: 0.0
            Prior solvent beads:  0.0
            Lipid beads:          0
            Protein beads:        0
        Solvent box charge after solvent insertion:  0.0
            New solvent beads: 0.0
                Solvent       (solv): 0.0
WARNING: Requested solvent is too large for the grid resolution. Adjusting grid resolution to prevent molecule overlaps.
WARNING: Original grid resolution was: 0.264 [nm]
WARNING: New grid resolution is:       0.7574 [nm]
WARNING: Calculation: (largest molecule size + 2 * particle kick value) * 1.2 


    Calculating the number of available grid points
        Final number of 3D grid points available for molecule placement: 23424
        Inserting 13304 solvent molecules into random grid points:
            Currently at solvent number: 1
            Currently at solvent number: 13304

    Solvent data for the the specific solvation command
        Name : Totals : Total % : Molarity(box) : Molarity(free) : Molarity(solvent) : Charge
        BF4  : 6652   : 50.0    : 0.409         : 0.409          : NaN               : -1.0  
        BIM  : 6652   : 50.0    : 0.409         : 0.409          : NaN               : 1.0   

Starting solvation nr 4
    Calculating box volume: (all values in [nm^3])
        Bead radius used for volume calculations 'bead_radius': 0.264 [nm]
        Solvent box volume: 27000.0
        Excluded volume:    0.0
            Solute volume:  4329.095
            Lipid volume:   0.0
            Protein volume: 0.0
        Free volume:        27000.0
        Solvent volume:     0

    Solvent box charge information:
        Solvent box charge before solvent insertion: 0.0
            Prior solvent beads:  0.0
            Lipid beads:          0
            Protein beads:        0
        Solvent box charge after solvent insertion:  0.0
            New solvent beads: 0.0
                Solvent       (solv): 0.0
WARNING: Requested solvent is too large for the grid resolution. Adjusting grid resolution to prevent molecule overlaps.
WARNING: Original grid resolution was: 0.264 [nm]
WARNING: New grid resolution is:       0.4366 [nm]
WARNING: Calculation: (largest molecule size + 2 * particle kick value) * 1.2 


    Calculating the number of available grid points
        Final number of 3D grid points available for molecule placement: 126202
        Inserting 60604 solvent molecules into random grid points:
            Currently at solvent number: 1
            Currently at solvent number: 25000
            Currently at solvent number: 50000
            Currently at solvent number: 60604

    Solvent data for the the specific solvation command
        Name : Totals : Total % : Molarity(box) : Molarity(free) : Molarity(solvent) : Charge
        BF4  : 30302  : 50.0    : 1.864         : 1.864          : NaN               : -1.0  
        EIM  : 15151  : 25.0    : 0.932         : 0.932          : NaN               : 1.0   
        MIM  : 15151  : 25.0    : 0.932         : 0.932          : NaN               : 1.0   

Solvent data for whole system
        Name : Totals : Total % : Molarity(box) : Molarity(free) : Molarity(solvent) : Charge
        BF4  : 40649  : 50.0    : 2.5           : 2.5            : NaN               : -1.0  
        DIM  : 739    : 0.909   : 0.045         : 0.045          : NaN               : 1.0   
        OIM  : 2956   : 3.636   : 0.182         : 0.182          : NaN               : 1.0   
        BIM  : 6652   : 8.182   : 0.409         : 0.409          : NaN               : 1.0   
        EIM  : 15151  : 18.636  : 0.932         : 0.932          : NaN               : 1.0   
        MIM  : 15151  : 18.636  : 0.932         : 0.932          : NaN               : 1.0   
------------------------------ SOLVATION COMPLETE ------------------------------
                            (Time spent: 2.587 [s])                              

                          +--------------------------+                          
--------------------------+ FINAL SYSTEM CHARGE: 0.0 +--------------------------
                          +--------------------------+                          

-------------------------------- WRITING FILES ---------------------------------
Writing structure files (PDB/GRO)
    PDB file written: output_systems/Paper_Subfigure_Main_k_IonicLiquid/output_Paper_Subfigure_Main_k_IonicLiquid.pdb
    GRO file written: output_systems/Paper_Subfigure_Main_k_IonicLiquid/output_Paper_Subfigure_Main_k_IonicLiquid.gro
    CIF file written: output_systems/Paper_Subfigure_Main_k_IonicLiquid/output_Paper_Subfigure_Main_k_IonicLiquid.cif

Writing topology file (TOP)
    TOP file written: output_systems/Paper_Subfigure_Main_k_IonicLiquid/topol_Paper_Subfigure_Main_k_IonicLiquid.top 

Writing log file (LOG)
