The following COBY arguments will be processed:
COBY(
    box = [
        10,
        10,
        10,
    ],
    membrane = "lipid:POPC",
    solvation = "default solv_molarity:40",
    itp_input = "file:toppar/top_for_COBY.itp",
    out_sys = "output_systems/Solvation2_ChangeSolventConcentration/output_Solvation2_ChangeSolventConcentration",
    out_top = "output_systems/Solvation2_ChangeSolventConcentration/topol_Solvation2_ChangeSolventConcentration.top",
    out_log = "output_systems/Solvation2_ChangeSolventConcentration/log_Solvation2_ChangeSolventConcentration.log",
    sn = "Solvation2_ChangeSolventConcentration",
)
Setting random seed to: 1749800570
-------------------------- PREPROCESSING DEFINITIONS ---------------------------
Loading topology file(s)
    Finished loading topologies. Number of moleculetypes found: 194 

Preprocessing lipid scaffolds
    Number of lipids preprocessed: 6109 

Preprocessing lipid definitions
    Number of lipids preprocessed: 0 

Preprocessing ion definitions
    Number of positive ions preprocessed: 8
    Number of negative ions preprocessed: 11 

Preprocessing solvent definitions
    Number of solvents preprocessed: 64
---------------------- DEFINITIONS PREPROCESSING COMPLETE ----------------------
                            (Time spent: 0.6819 [s])                            

---------------------------- PREPROCESSING COMMANDS ----------------------------
Preprocessing membrane requests
    Starting membrane argument: 1
    Number of membranes preprocessed: 1
Preprocessing solvation requests
    Starting solvation argument: 1
    Number of solvent commands preprocessed: 1
------------------------ COMMAND PREPROCESSING COMPLETE ------------------------
                            (Time spent: 0.001 [s])                             

----------------------- CREATING LEAFLET BOUNDARY BOXES ------------------------
Starting membrane nr 1
    Starting upper leaflet
        Base parameters: x=10.0nm y=10.0nm APL=0.6nm^2
    Starting lower leaflet
        Base parameters: x=10.0nm y=10.0nm APL=0.6nm^2
------------------------ LEAFLET BOUNDARY BOXES CREATED ------------------------
                            (Time spent: 0.0009 [s])                             

------------------------ CREATING HOLED BOUNDARY BOXES -------------------------
Starting membrane nr 1
    Calculating holed boundary box
        Starting upper leaflet
        Starting lower leaflet
------------------------- HOLED BOUNDARY BOXES CREATED -------------------------
                            (Time spent: 0.0005 [s])                             

--------------------------- CALCULATING LIPID RATIOS ---------------------------
Starting membrane nr 1
    Starting upper leaflet
        Lipid optimization 'lipid_optim' setting: force_fill
            Forcefully filling leaflet until all grid points have a lipid

            Maximum number of lipids allowed in subleaflet: 167
            
        Maximum number of lipids allowed in leaflet: 167
        Final deviations from expected ratios: Difference in %-values
            Maximum: 0.0
            Average: 0.0
            Minimum: 0.0
        Leaflet specific lipid data (Combined subleafs)
            Name : Final lipids : Final % : Expected % : Starting % : Starting lipids
            POPC : 167          : 100.0   : 100.0      : 100.0      : 167            

    Starting lower leaflet
        Lipid optimization 'lipid_optim' setting: force_fill
            Forcefully filling leaflet until all grid points have a lipid

            Maximum number of lipids allowed in subleaflet: 167
            
        Maximum number of lipids allowed in leaflet: 167
        Final deviations from expected ratios: Difference in %-values
            Maximum: 0.0
            Average: 0.0
            Minimum: 0.0
        Leaflet specific lipid data (Combined subleafs)
            Name : Final lipids : Final % : Expected % : Starting % : Starting lipids
            POPC : 167          : 100.0   : 100.0      : 100.0      : 167            

    Membrane-wide lipid data
            Name : Total lipids : Total %
            POPC : 334          : 100.0  
---------------------- LIPID RATIO CALCULATIONS COMPLETE -----------------------
                            (Time spent: 0.0008 [s])                             

----------------------------- CREATING LIPID GRID ------------------------------
Starting membrane nr 1
    Starting upper leaflet
            Total leaflet optimization time: 0.0 [s]

    Starting lower leaflet
            Total leaflet optimization time: 0.0 [s]
------------------------------ LIPID GRID CREATED ------------------------------
                            (Time spent: 0.0279 [s])                             

------------------------------- CREATING LIPIDS --------------------------------
Starting membrane nr 1
    Starting upper leaflet
    Starting lower leaflet
--------------------------- LIPID CREATION COMPLETE ----------------------------
                            (Time spent: 0.0615 [s])                             

------------------------------- SOLVATING SYSTEM -------------------------------
Starting solvation nr 1
    Calculating box volume: (all values in [nm^3])
        Bead radius used for volume calculations 'bead_radius': 0.264 [nm]
        Solvent box volume: 1000.0
        Excluded volume:    308.907
            Solute volume:  0.0
            Lipid volume:   308.907
            Protein volume: 0.0
        Free volume:        691.093
        Solvent volume:     499.68

    Solvent box charge information:
        Solvent box charge before solvent insertion: 0.0
            Prior solvent beads:  0
            Lipid beads:          0.0
            Protein beads:        0
        Solvent box charge after solvent insertion:  0.0
            New solvent beads: 0.0
                Solvent       (solv): 0
                Positive ions (pos):  45.0
                Negative ions (neg):  -45.0

    Calculating the number of available grid points
        Final number of 3D grid points available for molecule placement: 27772
        Inserting 4252 solvent molecules into random grid points:
            Currently at solvent number: 1
            Currently at solvent number: 4252

Solvent data for whole system
        Name : Totals : Total % : Molarity(box) : Molarity(free) : Molarity(solvent) : Charge
        W    : 4162   : 97.883  : 6.911         : 10.0           : 13.831            : 0     
        NA   : 45     : 1.058   : 0.075         : 0.108          : 0.15              : 1.0   
        CL   : 45     : 1.058   : 0.075         : 0.108          : 0.15              : -1.0  
------------------------------ SOLVATION COMPLETE ------------------------------
                            (Time spent: 0.057 [s])                              

                          +--------------------------+                          
--------------------------+ FINAL SYSTEM CHARGE: 0.0 +--------------------------
                          +--------------------------+                          

-------------------------------- WRITING FILES ---------------------------------
Writing structure files (PDB/GRO)
    PDB file written: output_systems/Solvation2_ChangeSolventConcentration/output_Solvation2_ChangeSolventConcentration.pdb
    GRO file written: output_systems/Solvation2_ChangeSolventConcentration/output_Solvation2_ChangeSolventConcentration.gro
    CIF file written: output_systems/Solvation2_ChangeSolventConcentration/output_Solvation2_ChangeSolventConcentration.cif

Writing topology file (TOP)
    TOP file written: output_systems/Solvation2_ChangeSolventConcentration/topol_Solvation2_ChangeSolventConcentration.top 

Writing log file (LOG)
