The following COBY arguments will be processed:
COBY(
    box = [
        20,
        20,
        10,
    ],
    membrane = [
        "lipid:POPC patch:rectangle:xlength:6:ylength:14:cx:3:cy:3:rotate:45",
        "lipid:POPC patch:polygon:point:-2:-2:point:-4:-4:point:-2:-6:point:-5:-5:point:-5:-3:xscaling:3:yscaling:2",
    ],
    solvation = "default",
    itp_input = "file:toppar/top_for_COBY.itp",
    out_sys = "output_systems/HolesAndPatches2_ModifyingShapes/output_HolesAndPatches2_ModifyingShapes",
    out_top = "output_systems/HolesAndPatches2_ModifyingShapes/topol_HolesAndPatches2_ModifyingShapes.top",
    out_log = "output_systems/HolesAndPatches2_ModifyingShapes/log_HolesAndPatches2_ModifyingShapes.log",
    sn = "HolesAndPatches2_ModifyingShapes",
)
Setting random seed to: 1749800551
-------------------------- PREPROCESSING DEFINITIONS ---------------------------
Loading topology file(s)
    Finished loading topologies. Number of moleculetypes found: 194 

Preprocessing lipid scaffolds
    Number of lipids preprocessed: 6109 

Preprocessing lipid definitions
    Number of lipids preprocessed: 0 

Preprocessing ion definitions
    Number of positive ions preprocessed: 8
    Number of negative ions preprocessed: 11 

Preprocessing solvent definitions
    Number of solvents preprocessed: 64
---------------------- DEFINITIONS PREPROCESSING COMPLETE ----------------------
                            (Time spent: 0.5758 [s])                            

---------------------------- PREPROCESSING COMMANDS ----------------------------
Preprocessing membrane requests
    Starting membrane argument: 1
    Starting membrane argument: 2
    Number of membranes preprocessed: 2
Preprocessing solvation requests
    Starting solvation argument: 1
    Number of solvent commands preprocessed: 1
------------------------ COMMAND PREPROCESSING COMPLETE ------------------------
                            (Time spent: 0.0017 [s])                            

----------------------- CREATING LEAFLET BOUNDARY BOXES ------------------------
Starting membrane nr 1
    Starting upper leaflet
        Base parameters: x=20.0nm y=20.0nm APL=0.6nm^2
    Starting lower leaflet
        Base parameters: x=20.0nm y=20.0nm APL=0.6nm^2

Starting membrane nr 2
    Starting upper leaflet
        Base parameters: x=20.0nm y=20.0nm APL=0.6nm^2
    Starting lower leaflet
        Base parameters: x=20.0nm y=20.0nm APL=0.6nm^2
------------------------ LEAFLET BOUNDARY BOXES CREATED ------------------------
                            (Time spent: 0.0025 [s])                             

------------------------ CREATING HOLED BOUNDARY BOXES -------------------------
Starting membrane nr 1
    Calculating holed boundary box
        Starting upper leaflet
        Starting lower leaflet

Starting membrane nr 2
    Calculating holed boundary box
        Starting upper leaflet
        Starting lower leaflet
------------------------- HOLED BOUNDARY BOXES CREATED -------------------------
                            (Time spent: 0.0033 [s])                             

--------------------------- CALCULATING LIPID RATIOS ---------------------------
Starting membrane nr 1
    Starting upper leaflet
        Lipid optimization 'lipid_optim' setting: force_fill
            Forcefully filling leaflet until all grid points have a lipid

            Maximum number of lipids allowed in subleaflet: 140
            
        Maximum number of lipids allowed in leaflet: 140
        Final deviations from expected ratios: Difference in %-values
            Maximum: 0.0
            Average: 0.0
            Minimum: 0.0
        Leaflet specific lipid data (Combined subleafs)
            Name : Final lipids : Final % : Expected % : Starting % : Starting lipids
            POPC : 140          : 100.0   : 100.0      : 100.0      : 140            

    Starting lower leaflet
        Lipid optimization 'lipid_optim' setting: force_fill
            Forcefully filling leaflet until all grid points have a lipid

            Maximum number of lipids allowed in subleaflet: 140
            
        Maximum number of lipids allowed in leaflet: 140
        Final deviations from expected ratios: Difference in %-values
            Maximum: 0.0
            Average: 0.0
            Minimum: 0.0
        Leaflet specific lipid data (Combined subleafs)
            Name : Final lipids : Final % : Expected % : Starting % : Starting lipids
            POPC : 140          : 100.0   : 100.0      : 100.0      : 140            

    Membrane-wide lipid data
            Name : Total lipids : Total %
            POPC : 280          : 100.0  

Starting membrane nr 2
    Starting upper leaflet
        Lipid optimization 'lipid_optim' setting: force_fill
            Forcefully filling leaflet until all grid points have a lipid

            Maximum number of lipids allowed in subleaflet: 50
            
        Maximum number of lipids allowed in leaflet: 50
        Final deviations from expected ratios: Difference in %-values
            Maximum: 0.0
            Average: 0.0
            Minimum: 0.0
        Leaflet specific lipid data (Combined subleafs)
            Name : Final lipids : Final % : Expected % : Starting % : Starting lipids
            POPC : 50           : 100.0   : 100.0      : 100.0      : 50             

    Starting lower leaflet
        Lipid optimization 'lipid_optim' setting: force_fill
            Forcefully filling leaflet until all grid points have a lipid

            Maximum number of lipids allowed in subleaflet: 50
            
        Maximum number of lipids allowed in leaflet: 50
        Final deviations from expected ratios: Difference in %-values
            Maximum: 0.0
            Average: 0.0
            Minimum: 0.0
        Leaflet specific lipid data (Combined subleafs)
            Name : Final lipids : Final % : Expected % : Starting % : Starting lipids
            POPC : 50           : 100.0   : 100.0      : 100.0      : 50             

    Membrane-wide lipid data
            Name : Total lipids : Total %
            POPC : 100          : 100.0  


Lipid data for whole system
            Name : Total lipids : Total %
            POPC : 100          : 100.0  
---------------------- LIPID RATIO CALCULATIONS COMPLETE -----------------------
                            (Time spent: 0.0023 [s])                             

----------------------------- CREATING LIPID GRID ------------------------------
Starting membrane nr 1
    Starting upper leaflet
            Total leaflet optimization time: 0.2403 [s]

    Starting lower leaflet
            Total leaflet optimization time: 0.2949 [s]

Starting membrane nr 2
    Starting upper leaflet
            Total leaflet optimization time: 0.0532 [s]

    Starting lower leaflet
            Total leaflet optimization time: 0.0649 [s]
------------------------------ LIPID GRID CREATED ------------------------------
                            (Time spent: 0.7422 [s])                             

------------------------------- CREATING LIPIDS --------------------------------
Starting membrane nr 1
    Starting upper leaflet
    Starting lower leaflet
Starting membrane nr 2
    Starting upper leaflet
    Starting lower leaflet
--------------------------- LIPID CREATION COMPLETE ----------------------------
                            (Time spent: 0.0649 [s])                             

------------------------------- SOLVATING SYSTEM -------------------------------
Starting solvation nr 1
    Calculating box volume: (all values in [nm^3])
        Bead radius used for volume calculations 'bead_radius': 0.264 [nm]
        Solvent box volume: 4000.0
        Excluded volume:    351.451
            Solute volume:  0.0
            Lipid volume:   351.451
            Protein volume: 0.0
        Free volume:        3648.549
        Solvent volume:     3664.041

    Solvent box charge information:
        Solvent box charge before solvent insertion: 0.0
            Prior solvent beads:  0
            Lipid beads:          0.0
            Protein beads:        0
        Solvent box charge after solvent insertion:  0.0
            New solvent beads: 0.0
                Solvent       (solv): 0
                Positive ions (pos):  331.0
                Negative ions (neg):  -331.0

    Calculating the number of available grid points
        Final number of 3D grid points available for molecule placement: 171723
        Inserting 31181 solvent molecules into random grid points:
            Currently at solvent number: 1
            Currently at solvent number: 25000
            Currently at solvent number: 31181

Solvent data for whole system
        Name : Totals : Total % : Molarity(box) : Molarity(free) : Molarity(solvent) : Charge
        W    : 30519  : 97.877  : 12.669        : 13.89          : 13.831            : 0     
        NA   : 331    : 1.062   : 0.137         : 0.151          : 0.15              : 1.0   
        CL   : 331    : 1.062   : 0.137         : 0.151          : 0.15              : -1.0  
------------------------------ SOLVATION COMPLETE ------------------------------
                             (Time spent: 0.37 [s])                              

                          +--------------------------+                          
--------------------------+ FINAL SYSTEM CHARGE: 0.0 +--------------------------
                          +--------------------------+                          

-------------------------------- WRITING FILES ---------------------------------
Writing structure files (PDB/GRO)
    PDB file written: output_systems/HolesAndPatches2_ModifyingShapes/output_HolesAndPatches2_ModifyingShapes.pdb
    GRO file written: output_systems/HolesAndPatches2_ModifyingShapes/output_HolesAndPatches2_ModifyingShapes.gro
    CIF file written: output_systems/HolesAndPatches2_ModifyingShapes/output_HolesAndPatches2_ModifyingShapes.cif

Writing topology file (TOP)
    TOP file written: output_systems/HolesAndPatches2_ModifyingShapes/topol_HolesAndPatches2_ModifyingShapes.top 

Writing log file (LOG)
