The following COBY arguments will be processed:
COBY(
    box = [
        20,
        20,
        10,
    ],
    membrane = [
        "lipid:POPC hole:circle:radius:3:cx:0:cy:5",
        "lipid:CHOL patch:circle:radius:3:cx:0:cy:5",
    ],
    solvation = "default",
    itp_input = "file:toppar/top_for_COBY.itp",
    out_sys = "output_systems/HolesAndPatches1_PhaseSeparation/output_HolesAndPatches1_PhaseSeparation",
    out_top = "output_systems/HolesAndPatches1_PhaseSeparation/topol_HolesAndPatches1_PhaseSeparation.top",
    out_log = "output_systems/HolesAndPatches1_PhaseSeparation/log_HolesAndPatches1_PhaseSeparation.log",
    sn = "HolesAndPatches1_PhaseSeparation",
)
Setting random seed to: 1749800547
-------------------------- PREPROCESSING DEFINITIONS ---------------------------
Loading topology file(s)
    Finished loading topologies. Number of moleculetypes found: 194 

Preprocessing lipid scaffolds
    Number of lipids preprocessed: 6109 

Preprocessing lipid definitions
    Number of lipids preprocessed: 0 

Preprocessing ion definitions
    Number of positive ions preprocessed: 8
    Number of negative ions preprocessed: 11 

Preprocessing solvent definitions
    Number of solvents preprocessed: 64
---------------------- DEFINITIONS PREPROCESSING COMPLETE ----------------------
                            (Time spent: 0.5945 [s])                            

---------------------------- PREPROCESSING COMMANDS ----------------------------
Preprocessing membrane requests
    Starting membrane argument: 1
    Starting membrane argument: 2
    Number of membranes preprocessed: 2
Preprocessing solvation requests
    Starting solvation argument: 1
    Number of solvent commands preprocessed: 1
------------------------ COMMAND PREPROCESSING COMPLETE ------------------------
                            (Time spent: 0.0014 [s])                            

----------------------- CREATING LEAFLET BOUNDARY BOXES ------------------------
Starting membrane nr 1
    Starting upper leaflet
        Base parameters: x=20.0nm y=20.0nm APL=0.6nm^2
    Starting lower leaflet
        Base parameters: x=20.0nm y=20.0nm APL=0.6nm^2

Starting membrane nr 2
    Starting upper leaflet
        Base parameters: x=20.0nm y=20.0nm APL=0.6nm^2
    Starting lower leaflet
        Base parameters: x=20.0nm y=20.0nm APL=0.6nm^2
------------------------ LEAFLET BOUNDARY BOXES CREATED ------------------------
                            (Time spent: 0.0013 [s])                             

------------------------ CREATING HOLED BOUNDARY BOXES -------------------------
Starting membrane nr 1
    Calculating holed boundary box
        Starting upper leaflet
        Starting lower leaflet

Starting membrane nr 2
    Calculating holed boundary box
        Starting upper leaflet
        Starting lower leaflet
------------------------- HOLED BOUNDARY BOXES CREATED -------------------------
                            (Time spent: 0.0022 [s])                             

--------------------------- CALCULATING LIPID RATIOS ---------------------------
Starting membrane nr 1
    Starting upper leaflet
        Lipid optimization 'lipid_optim' setting: force_fill
            Forcefully filling leaflet until all grid points have a lipid

            Maximum number of lipids allowed in subleaflet: 620
            
        Maximum number of lipids allowed in leaflet: 620
        Final deviations from expected ratios: Difference in %-values
            Maximum: 0.0
            Average: 0.0
            Minimum: 0.0
        Leaflet specific lipid data (Combined subleafs)
            Name : Final lipids : Final % : Expected % : Starting % : Starting lipids
            POPC : 620          : 100.0   : 100.0      : 100.0      : 620            

    Starting lower leaflet
        Lipid optimization 'lipid_optim' setting: force_fill
            Forcefully filling leaflet until all grid points have a lipid

            Maximum number of lipids allowed in subleaflet: 620
            
        Maximum number of lipids allowed in leaflet: 620
        Final deviations from expected ratios: Difference in %-values
            Maximum: 0.0
            Average: 0.0
            Minimum: 0.0
        Leaflet specific lipid data (Combined subleafs)
            Name : Final lipids : Final % : Expected % : Starting % : Starting lipids
            POPC : 620          : 100.0   : 100.0      : 100.0      : 620            

    Membrane-wide lipid data
            Name : Total lipids : Total %
            POPC : 1240         : 100.0  

Starting membrane nr 2
    Starting upper leaflet
        Lipid optimization 'lipid_optim' setting: force_fill
            Forcefully filling leaflet until all grid points have a lipid

            Maximum number of lipids allowed in subleaflet: 47
            
        Maximum number of lipids allowed in leaflet: 47
        Final deviations from expected ratios: Difference in %-values
            Maximum: 0.0
            Average: 0.0
            Minimum: 0.0
        Leaflet specific lipid data (Combined subleafs)
            Name : Final lipids : Final % : Expected % : Starting % : Starting lipids
            CHOL : 47           : 100.0   : 100.0      : 100.0      : 47             

    Starting lower leaflet
        Lipid optimization 'lipid_optim' setting: force_fill
            Forcefully filling leaflet until all grid points have a lipid

            Maximum number of lipids allowed in subleaflet: 47
            
        Maximum number of lipids allowed in leaflet: 47
        Final deviations from expected ratios: Difference in %-values
            Maximum: 0.0
            Average: 0.0
            Minimum: 0.0
        Leaflet specific lipid data (Combined subleafs)
            Name : Final lipids : Final % : Expected % : Starting % : Starting lipids
            CHOL : 47           : 100.0   : 100.0      : 100.0      : 47             

    Membrane-wide lipid data
            Name : Total lipids : Total %
            CHOL : 94           : 100.0  


Lipid data for whole system
            Name : Total lipids : Total %
            POPC : 1240         : 92.954 
            CHOL : 94           : 7.046  
---------------------- LIPID RATIO CALCULATIONS COMPLETE -----------------------
                            (Time spent: 0.0014 [s])                             

----------------------------- CREATING LIPID GRID ------------------------------
Starting membrane nr 1
    Starting upper leaflet
            Total leaflet optimization time: 0.4936 [s]

    Starting lower leaflet
            Total leaflet optimization time: 0.4736 [s]

Starting membrane nr 2
    Starting upper leaflet
            Total leaflet optimization time: 0.0805 [s]

    Starting lower leaflet
            Total leaflet optimization time: 0.0824 [s]
------------------------------ LIPID GRID CREATED ------------------------------
                            (Time spent: 1.2495 [s])                             

------------------------------- CREATING LIPIDS --------------------------------
Starting membrane nr 1
    Starting upper leaflet
    Starting lower leaflet
Starting membrane nr 2
    Starting upper leaflet
    Starting lower leaflet
--------------------------- LIPID CREATION COMPLETE ----------------------------
                            (Time spent: 0.2242 [s])                             

------------------------------- SOLVATING SYSTEM -------------------------------
Starting solvation nr 1
    Calculating box volume: (all values in [nm^3])
        Bead radius used for volume calculations 'bead_radius': 0.264 [nm]
        Solvent box volume: 4000.0
        Excluded volume:    1212.045
            Solute volume:  0.0
            Lipid volume:   1212.045
            Protein volume: 0.0
        Free volume:        2787.955
        Solvent volume:     2799.866

    Solvent box charge information:
        Solvent box charge before solvent insertion: 0.0
            Prior solvent beads:  0
            Lipid beads:          0.0
            Protein beads:        0
        Solvent box charge after solvent insertion:  0.0
            New solvent beads: 0.0
                Solvent       (solv): 0
                Positive ions (pos):  253.0
                Negative ions (neg):  -253.0

    Calculating the number of available grid points
        Final number of 3D grid points available for molecule placement: 114715
        Inserting 23827 solvent molecules into random grid points:
            Currently at solvent number: 1
            Currently at solvent number: 23827

Solvent data for whole system
        Name : Totals : Total % : Molarity(box) : Molarity(free) : Molarity(solvent) : Charge
        W    : 23321  : 97.876  : 9.681         : 13.89          : 13.831            : 0     
        NA   : 253    : 1.062   : 0.105         : 0.151          : 0.15              : 1.0   
        CL   : 253    : 1.062   : 0.105         : 0.151          : 0.15              : -1.0  
------------------------------ SOLVATION COMPLETE ------------------------------
                            (Time spent: 1.007 [s])                              

                          +--------------------------+                          
--------------------------+ FINAL SYSTEM CHARGE: 0.0 +--------------------------
                          +--------------------------+                          

-------------------------------- WRITING FILES ---------------------------------
Writing structure files (PDB/GRO)
    PDB file written: output_systems/HolesAndPatches1_PhaseSeparation/output_HolesAndPatches1_PhaseSeparation.pdb
    GRO file written: output_systems/HolesAndPatches1_PhaseSeparation/output_HolesAndPatches1_PhaseSeparation.gro
    CIF file written: output_systems/HolesAndPatches1_PhaseSeparation/output_HolesAndPatches1_PhaseSeparation.cif

Writing topology file (TOP)
    TOP file written: output_systems/HolesAndPatches1_PhaseSeparation/topol_HolesAndPatches1_PhaseSeparation.top 

Writing log file (LOG)
