The following COBY arguments will be processed:
COBY(
    box = [
        10,
        10,
        11,
    ],
    membrane = "lipid:POPC",
    protein = "file:example_proteins/8BB6_martinized.pdb moleculetypes:8BB6_CG",
    molecule_import = [
        "file:example_solutes/SUCROSE/sucrose.pdb moleculetype:SUCR",
        "file:example_solutes/M3_small_molecules/BENZENE/BENZ.gro moleculetype:BENZ",
        "file:example_solutes/M3_small_molecules/TOLUENE/TOLU.gro moleculetype:TOLU",
        "file:example_solutes/M3_small_molecules/ETHYLNAPHTHALENE/ENAPH.gro moleculetype:ENAPH",
    ],
    flooding = "solute:SUCR:10 solute:BENZ:10 solute:TOLU:10 solute:ENAPH:10",
    solvation = "default",
    itp_input = [
        "file:toppar/top_for_COBY.itp",
        "include:toppar/SugarTransporter/8BB6_martinized.itp",
        "include:toppar/solutes/SUCROSE/sucrose.itp",
        "include:toppar/solutes/M3_small_molecules/BENZENE/BENZ_cog.itp",
        "include:toppar/solutes/M3_small_molecules/TOLUENE/TOLU_cog.itp",
        "include:toppar/solutes/M3_small_molecules/ETHYLNAPHTHALENE/ENAPH_cog.itp",
    ],
    out_sys = "output_systems/Flooding3_ImportMultipleSolutes/output_Flooding3_ImportMultipleSolutes",
    out_top = "output_systems/Flooding3_ImportMultipleSolutes/topol_Flooding3_ImportMultipleSolutes.top",
    out_log = "output_systems/Flooding3_ImportMultipleSolutes/log_Flooding3_ImportMultipleSolutes.log",
    sn = "Flooding3_ImportMultipleSolutes",
)
Setting random seed to: 1749800582
-------------------------- PREPROCESSING DEFINITIONS ---------------------------
Loading topology file(s)
    Finished loading topologies. Number of moleculetypes found: 199 

Preprocessing lipid scaffolds
    Number of lipids preprocessed: 6109 

Preprocessing lipid definitions
    Number of lipids preprocessed: 4 

Preprocessing ion definitions
    Number of positive ions preprocessed: 12
    Number of negative ions preprocessed: 15 

Preprocessing solvent definitions
    Number of solvents preprocessed: 76
---------------------- DEFINITIONS PREPROCESSING COMPLETE ----------------------
                            (Time spent: 0.7485 [s])                            

---------------------------- PREPROCESSING COMMANDS ----------------------------
Preprocessing protein requests
    Starting protein: 1
    Number of molecule insertions preprocessed: 1
Preprocessing membrane requests
    Starting membrane argument: 1
    Number of membranes preprocessed: 1
Preprocessing solvation requests
    Starting solvation argument: 1
    Starting solvation argument: 2
    Number of solvent commands preprocessed: 2
------------------------ COMMAND PREPROCESSING COMPLETE ------------------------
                            (Time spent: 0.008 [s])                             

------------------------------ PROTEIN PLACEMENT -------------------------------
Starting protein nr 1
    Total charge of protein is: 16.0
    Centering protein using 'cog' at x/y/z: 43.358 42.68 56.995 (Input file coordinate system [Å])
    New protein center at x/y/z: 0 0 0 (Internal coordinate system [Å])
    Finished placing protein nr 1
-------------------------- PROTEIN PLACEMENT COMPLETE --------------------------
                            (Time spent: 0.0041 [s])                             

----------------------- CREATING LEAFLET BOUNDARY BOXES ------------------------
Starting membrane nr 1
    Starting upper leaflet
        Base parameters: x=10.0nm y=10.0nm APL=0.6nm^2
    Starting lower leaflet
        Base parameters: x=10.0nm y=10.0nm APL=0.6nm^2
------------------------ LEAFLET BOUNDARY BOXES CREATED ------------------------
                            (Time spent: 0.0008 [s])                             

------------------------ CREATING HOLED BOUNDARY BOXES -------------------------
Starting membrane nr 1
    Finding protein beads inside leaflets
        Starting upper leaflet
            395 protein beads found within leaflet

        Starting lower leaflet
            428 protein beads found within leaflet

    Calculating holed boundary box
        Starting upper leaflet
        Starting lower leaflet
------------------------- HOLED BOUNDARY BOXES CREATED -------------------------
                            (Time spent: 0.3491 [s])                             

--------------------------- CALCULATING LIPID RATIOS ---------------------------
Starting membrane nr 1
    Starting upper leaflet
        Lipid optimization 'lipid_optim' setting: force_fill
            Forcefully filling leaflet until all grid points have a lipid

            Maximum number of lipids allowed in subleaflet: 139
            
        Maximum number of lipids allowed in leaflet: 139
        Final deviations from expected ratios: Difference in %-values
            Maximum: 0.0
            Average: 0.0
            Minimum: 0.0
        Leaflet specific lipid data (Combined subleafs)
            Name : Final lipids : Final % : Expected % : Starting % : Starting lipids
            POPC : 139          : 100.0   : 100.0      : 100.0      : 139            

    Starting lower leaflet
        Lipid optimization 'lipid_optim' setting: force_fill
            Forcefully filling leaflet until all grid points have a lipid

            Maximum number of lipids allowed in subleaflet: 139
            
        Maximum number of lipids allowed in leaflet: 139
        Final deviations from expected ratios: Difference in %-values
            Maximum: 0.0
            Average: 0.0
            Minimum: 0.0
        Leaflet specific lipid data (Combined subleafs)
            Name : Final lipids : Final % : Expected % : Starting % : Starting lipids
            POPC : 139          : 100.0   : 100.0      : 100.0      : 139            

    Membrane-wide lipid data
            Name : Total lipids : Total %
            POPC : 278          : 100.0  
---------------------- LIPID RATIO CALCULATIONS COMPLETE -----------------------
                            (Time spent: 0.0007 [s])                             

----------------------------- CREATING LIPID GRID ------------------------------
Starting membrane nr 1
    Starting upper leaflet
            Total leaflet optimization time: 0.3051 [s]

    Starting lower leaflet
            Total leaflet optimization time: 0.1968 [s]
------------------------------ LIPID GRID CREATED ------------------------------
                            (Time spent: 0.5389 [s])                             

------------------------------- CREATING LIPIDS --------------------------------
Starting membrane nr 1
    Starting upper leaflet
    Starting lower leaflet
--------------------------- LIPID CREATION COMPLETE ----------------------------
                            (Time spent: 0.0474 [s])                             

------------------------------- SOLVATING SYSTEM -------------------------------
Starting solvation nr 1
    Calculating box volume: (all values in [nm^3])
        Bead radius used for volume calculations 'bead_radius': 0.264 [nm]
        Solvent box volume: 1100.0
        Excluded volume:    425.441
            Solute volume:  0.0
            Lipid volume:   257.114
            Protein volume: 84.163
        Free volume:        674.559
        Solvent volume:     0

    Solvent box charge information:
        Solvent box charge before solvent insertion: 16.0
            Prior solvent beads:  0
            Lipid beads:          0.0
            Protein beads:        16.0
        Solvent box charge after solvent insertion:  16.0
            New solvent beads: 0.0
                Solvent       (solv): 0.0
WARNING: Requested solvent is too large for the grid resolution. Adjusting grid resolution to prevent molecule overlaps.
WARNING: Original grid resolution was: 0.264 [nm]
WARNING: New grid resolution is:       1.1612 [nm]
WARNING: Calculation: (largest molecule size + 2 * particle kick value) * 1.2 


    Calculating the number of available grid points
        Final number of 3D grid points available for molecule placement: 225
        Inserting 40 solvent molecules into random grid points:
            Currently at solvent number: 1
            Currently at solvent number: 40

    Solvent data for the the specific solvation command
        Name  : Totals : Total % : Molarity(box) : Molarity(free) : Molarity(solvent) : Charge
        BENZ  : 10     : 25.0    : 0.015         : 0.025          : NaN               : 0     
        ENAPH : 10     : 25.0    : 0.015         : 0.025          : NaN               : 0     
        SUCR  : 10     : 25.0    : 0.015         : 0.025          : NaN               : 0.0   
        TOLU  : 10     : 25.0    : 0.015         : 0.025          : NaN               : 0     

Starting solvation nr 2
    Calculating box volume: (all values in [nm^3])
        Bead radius used for volume calculations 'bead_radius': 0.264 [nm]
        Solvent box volume: 1100.0
        Excluded volume:    425.441
            Solute volume:  15.415
            Lipid volume:   257.114
            Protein volume: 84.163
        Free volume:        674.559
        Solvent volume:     677.486

    Solvent box charge information:
        Solvent box charge before solvent insertion: 16.0
            Prior solvent beads:  0.0
            Lipid beads:          0.0
            Protein beads:        16.0
        Solvent box charge after solvent insertion:  0.0
            New solvent beads: -16.0
                Solvent       (solv): 0
                Positive ions (pos):  61.0
                Negative ions (neg):  -77.0

    Calculating the number of available grid points
        Final number of 3D grid points available for molecule placement: 29070
        Inserting 5781 solvent molecules into random grid points:
            Currently at solvent number: 1
            Currently at solvent number: 5781

    Solvent data for the the specific solvation command
        Name : Totals : Total % : Molarity(box) : Molarity(free) : Molarity(solvent) : Charge
        W    : 5643   : 97.613  : 8.519         : 13.891         : 13.831            : 0     
        NA   : 61     : 1.055   : 0.092         : 0.15           : 0.15              : 1.0   
        CL   : 77     : 1.332   : 0.116         : 0.19           : 0.189             : -1.0  

Solvent data for whole system
        Name  : Totals : Total % : Molarity(box) : Molarity(free) : Molarity(solvent) : Charge
        BENZ  : 10     : 0.172   : 0.015         : 0.022          : 0.025             : 0     
        ENAPH : 10     : 0.172   : 0.015         : 0.022          : 0.025             : 0     
        SUCR  : 10     : 0.172   : 0.015         : 0.022          : 0.025             : 0.0   
        TOLU  : 10     : 0.172   : 0.015         : 0.022          : 0.025             : 0     
        W     : 5643   : 96.942  : 8.519         : 12.35          : 13.831            : 0     
        NA    : 61     : 1.048   : 0.092         : 0.134          : 0.15              : 1.0   
        CL    : 77     : 1.323   : 0.116         : 0.169          : 0.189             : -1.0  
------------------------------ SOLVATION COMPLETE ------------------------------
                            (Time spent: 0.067 [s])                              

                          +--------------------------+                          
--------------------------+ FINAL SYSTEM CHARGE: 0.0 +--------------------------
                          +--------------------------+                          

-------------------------------- WRITING FILES ---------------------------------
Writing structure files (PDB/GRO)
    PDB file written: output_systems/Flooding3_ImportMultipleSolutes/output_Flooding3_ImportMultipleSolutes.pdb
    GRO file written: output_systems/Flooding3_ImportMultipleSolutes/output_Flooding3_ImportMultipleSolutes.gro
    CIF file written: output_systems/Flooding3_ImportMultipleSolutes/output_Flooding3_ImportMultipleSolutes.cif

Writing topology file (TOP)
    TOP file written: output_systems/Flooding3_ImportMultipleSolutes/topol_Flooding3_ImportMultipleSolutes.top 

Writing log file (LOG)
