The following COBY arguments will be processed:
COBY(
    box = [
        10,
    ],
    protein = [
        "file:example_proteins/4obe_martinized_withMG.pdb moleculetypes:4obe:MG",
    ],
    solvation = [
        "solvent:BENZ solv_molarity:0.1",
        "default",
    ],
    molecule_import = [
        "file:example_solutes/M3_small_molecules/BENZENE/BENZ.gro moleculetype:BENZ",
    ],
    itp_input = [
        "file:toppar/top_for_COBY.itp",
        "include:toppar/KRAS/4obe_martinized.itp",
        "include:toppar/extra_ions/martini3_Mg_ion.itp",
        "include:toppar/solutes/M3_small_molecules/BENZENE/BENZ_cog.itp",
    ],
    out_sys = "output_systems/Paper_Subfigure_Main_e_KRAS/output_Paper_Subfigure_Main_e_KRAS",
    out_top = "output_systems/Paper_Subfigure_Main_e_KRAS/topol_Paper_Subfigure_Main_e_KRAS.top",
    out_log = "output_systems/Paper_Subfigure_Main_e_KRAS/log_Paper_Subfigure_Main_e_KRAS.log",
    sn = "Paper_Subfigure_Main_e_KRAS",
)
Setting random seed to: 1749800734
-------------------------- PREPROCESSING DEFINITIONS ---------------------------
Loading topology file(s)
    Finished loading topologies. Number of moleculetypes found: 197 

Preprocessing lipid scaffolds
    Number of lipids preprocessed: 6109 

Preprocessing lipid definitions
    Number of lipids preprocessed: 1 

Preprocessing ion definitions
    Number of positive ions preprocessed: 9
    Number of negative ions preprocessed: 12 

Preprocessing solvent definitions
    Number of solvents preprocessed: 67
---------------------- DEFINITIONS PREPROCESSING COMPLETE ----------------------
                            (Time spent: 0.6176 [s])                            

---------------------------- PREPROCESSING COMMANDS ----------------------------
Preprocessing protein requests
    Starting protein: 1
    Number of molecule insertions preprocessed: 1
Preprocessing solvation requests
    Starting solvation argument: 1
    Starting solvation argument: 2
    Number of solvent commands preprocessed: 2
------------------------ COMMAND PREPROCESSING COMPLETE ------------------------
                            (Time spent: 0.0675 [s])                            

------------------------------ PROTEIN PLACEMENT -------------------------------
Starting protein nr 1
    Total charge of protein is: -4.0
    Centering protein using 'cog' at x/y/z: -4.289 -22.349 42.231 (Input file coordinate system [Å])
    New protein center at x/y/z: 0 0 0 (Internal coordinate system [Å])
    Finished placing protein nr 1
-------------------------- PROTEIN PLACEMENT COMPLETE --------------------------
                            (Time spent: 0.0013 [s])                             

------------------------------- SOLVATING SYSTEM -------------------------------
Starting solvation nr 1
    Calculating box volume: (all values in [nm^3])
        Bead radius used for volume calculations 'bead_radius': 0.264 [nm]
        Solvent box volume: 1000.0
        Excluded volume:    60.733
            Solute volume:  0.0
            Lipid volume:   0.0
            Protein volume: 30.367
        Free volume:        939.267
        Solvent volume:     0

    Solvent box charge information:
        Solvent box charge before solvent insertion: -4.0
            Prior solvent beads:  0
            Lipid beads:          0
            Protein beads:        -4.0
        Solvent box charge after solvent insertion:  -4.0
            New solvent beads: 0
                Solvent       (solv): 0
WARNING: Requested solvent is too large for the grid resolution. Adjusting grid resolution to prevent molecule overlaps.
WARNING: Original grid resolution was: 0.264 [nm]
WARNING: New grid resolution is:       0.5931 [nm]
WARNING: Calculation: (largest molecule size + 2 * particle kick value) * 1.2 


    Calculating the number of available grid points
        Final number of 3D grid points available for molecule placement: 3757
        Inserting 57 solvent molecules into random grid points:
            Currently at solvent number: 1
            Currently at solvent number: 57

    Solvent data for the the specific solvation command
        Name : Totals : Total % : Molarity(box) : Molarity(free) : Molarity(solvent) : Charge
        BENZ : 57     : 100.0   : 0.095         : 0.101          : NaN               : 0     

Starting solvation nr 2
    Calculating box volume: (all values in [nm^3])
        Bead radius used for volume calculations 'bead_radius': 0.264 [nm]
        Solvent box volume: 1000.0
        Excluded volume:    60.733
            Solute volume:  13.179
            Lipid volume:   0.0
            Protein volume: 30.367
        Free volume:        939.267
        Solvent volume:     943.293

    Solvent box charge information:
        Solvent box charge before solvent insertion: -4.0
            Prior solvent beads:  0
            Lipid beads:          0
            Protein beads:        -4.0
        Solvent box charge after solvent insertion:  0.0
            New solvent beads: 4.0
                Solvent       (solv): 0
                Positive ions (pos):  89.0
                Negative ions (neg):  -85.0

    Calculating the number of available grid points
        Final number of 3D grid points available for molecule placement: 46116
        Inserting 8031 solvent molecules into random grid points:
            Currently at solvent number: 1
            Currently at solvent number: 8031

    Solvent data for the the specific solvation command
        Name : Totals : Total % : Molarity(box) : Molarity(free) : Molarity(solvent) : Charge
        W    : 7857   : 97.833  : 13.047        : 13.89          : 13.831            : 0     
        NA   : 89     : 1.108   : 0.148         : 0.157          : 0.157             : 1.0   
        CL   : 85     : 1.058   : 0.141         : 0.15           : 0.15              : -1.0  

Solvent data for whole system
        Name : Totals : Total % : Molarity(box) : Molarity(free) : Molarity(solvent) : Charge
        BENZ : 57     : 0.705   : 0.095         : 0.098          : 0.1               : 0     
        W    : 7857   : 97.144  : 13.047        : 13.455         : 13.831            : 0     
        NA   : 89     : 1.1     : 0.148         : 0.152          : 0.157             : 1.0   
        CL   : 85     : 1.051   : 0.141         : 0.146          : 0.15              : -1.0  
------------------------------ SOLVATION COMPLETE ------------------------------
                            (Time spent: 0.064 [s])                              

                          +--------------------------+                          
--------------------------+ FINAL SYSTEM CHARGE: 0.0 +--------------------------
                          +--------------------------+                          

-------------------------------- WRITING FILES ---------------------------------
Writing structure files (PDB/GRO)
    PDB file written: output_systems/Paper_Subfigure_Main_e_KRAS/output_Paper_Subfigure_Main_e_KRAS.pdb
    GRO file written: output_systems/Paper_Subfigure_Main_e_KRAS/output_Paper_Subfigure_Main_e_KRAS.gro
    CIF file written: output_systems/Paper_Subfigure_Main_e_KRAS/output_Paper_Subfigure_Main_e_KRAS.cif

Writing topology file (TOP)
    TOP file written: output_systems/Paper_Subfigure_Main_e_KRAS/topol_Paper_Subfigure_Main_e_KRAS.top 

Writing log file (LOG)
