The following COBY arguments will be processed:
COBY(
    box = [
        20,
        20,
        10,
    ],
    membrane = "lipid:POPC patch:ellipse:xradius:3:yradius:4:cx:0:cy:1 patch:rectangle:xlength:10:ylength:4:cx:0:cy:6 patch:polygon:point:0:0:point:7:-7:point:-7:-7 patch:square:length:4:cx:-7:cy:0 patch:circle:radius:2:cx:7:cy:0",
    solvation = "default",
    itp_input = "file:toppar/top_for_COBY.itp",
    out_sys = "output_systems/Patches3_MultiplePatches/output_Patches3_MultiplePatches",
    out_top = "output_systems/Patches3_MultiplePatches/topol_Patches3_MultiplePatches.top",
    out_log = "output_systems/Patches3_MultiplePatches/log_Patches3_MultiplePatches.log",
    sn = "Patches3_MultiplePatches",
)
Setting random seed to: 1749800544
-------------------------- PREPROCESSING DEFINITIONS ---------------------------
Loading topology file(s)
    Finished loading topologies. Number of moleculetypes found: 194 

Preprocessing lipid scaffolds
    Number of lipids preprocessed: 6109 

Preprocessing lipid definitions
    Number of lipids preprocessed: 0 

Preprocessing ion definitions
    Number of positive ions preprocessed: 8
    Number of negative ions preprocessed: 11 

Preprocessing solvent definitions
    Number of solvents preprocessed: 64
---------------------- DEFINITIONS PREPROCESSING COMPLETE ----------------------
                            (Time spent: 0.6635 [s])                            

---------------------------- PREPROCESSING COMMANDS ----------------------------
Preprocessing membrane requests
    Starting membrane argument: 1
    Number of membranes preprocessed: 1
Preprocessing solvation requests
    Starting solvation argument: 1
    Number of solvent commands preprocessed: 1
------------------------ COMMAND PREPROCESSING COMPLETE ------------------------
                            (Time spent: 0.0011 [s])                            

----------------------- CREATING LEAFLET BOUNDARY BOXES ------------------------
Starting membrane nr 1
    Starting upper leaflet
        Base parameters: x=20.0nm y=20.0nm APL=0.6nm^2
    Starting lower leaflet
        Base parameters: x=20.0nm y=20.0nm APL=0.6nm^2
------------------------ LEAFLET BOUNDARY BOXES CREATED ------------------------
                            (Time spent: 0.001 [s])                              

------------------------ CREATING HOLED BOUNDARY BOXES -------------------------
Starting membrane nr 1
    Calculating holed boundary box
        Starting upper leaflet
        Starting lower leaflet
------------------------- HOLED BOUNDARY BOXES CREATED -------------------------
                            (Time spent: 0.0027 [s])                             

--------------------------- CALCULATING LIPID RATIOS ---------------------------
Starting membrane nr 1
    Starting upper leaflet
        Lipid optimization 'lipid_optim' setting: force_fill
            Forcefully filling leaflet until all grid points have a lipid

        Starting subleaflet 1/3
            Maximum number of lipids allowed in subleaflet: 195

        Starting subleaflet 2/3
            Maximum number of lipids allowed in subleaflet: 27

        Starting subleaflet 3/3
            Maximum number of lipids allowed in subleaflet: 21
            
        Maximum number of lipids allowed in leaflet: 243
        Final deviations from expected ratios: Difference in %-values
            Maximum: 0.0
            Average: 0.0
            Minimum: 0.0
        Leaflet specific lipid data (Combined subleafs)
            Name : Total lipids : Final % : Expected %
            POPC : 243          : 100.0   : 100.0     

    Starting lower leaflet
        Lipid optimization 'lipid_optim' setting: force_fill
            Forcefully filling leaflet until all grid points have a lipid

        Starting subleaflet 1/3
            Maximum number of lipids allowed in subleaflet: 195

        Starting subleaflet 2/3
            Maximum number of lipids allowed in subleaflet: 27

        Starting subleaflet 3/3
            Maximum number of lipids allowed in subleaflet: 21
            
        Maximum number of lipids allowed in leaflet: 243
        Final deviations from expected ratios: Difference in %-values
            Maximum: 0.0
            Average: 0.0
            Minimum: 0.0
        Leaflet specific lipid data (Combined subleafs)
            Name : Total lipids : Final % : Expected %
            POPC : 243          : 100.0   : 100.0     

    Membrane-wide lipid data
            Name : Total lipids : Total %
            POPC : 486          : 100.0  
---------------------- LIPID RATIO CALCULATIONS COMPLETE -----------------------
                            (Time spent: 0.0014 [s])                             

----------------------------- CREATING LIPID GRID ------------------------------
Starting membrane nr 1
    Starting upper leaflet
            Total leaflet optimization time: 0.051 [s]

    Starting lower leaflet
            Total leaflet optimization time: 0.0523 [s]
------------------------------ LIPID GRID CREATED ------------------------------
                            (Time spent: 0.9686 [s])                             

------------------------------- CREATING LIPIDS --------------------------------
Starting membrane nr 1
    Starting upper leaflet
    Starting lower leaflet
--------------------------- LIPID CREATION COMPLETE ----------------------------
                            (Time spent: 0.0961 [s])                             

------------------------------- SOLVATING SYSTEM -------------------------------
Starting solvation nr 1
    Calculating box volume: (all values in [nm^3])
        Bead radius used for volume calculations 'bead_radius': 0.264 [nm]
        Solvent box volume: 4000.0
        Excluded volume:    449.488
            Solute volume:  0.0
            Lipid volume:   449.488
            Protein volume: 0.0
        Free volume:        3550.512
        Solvent volume:     3565.594

    Solvent box charge information:
        Solvent box charge before solvent insertion: 0.0
            Prior solvent beads:  0
            Lipid beads:          0.0
            Protein beads:        0
        Solvent box charge after solvent insertion:  0.0
            New solvent beads: 0.0
                Solvent       (solv): 0
                Positive ions (pos):  322.0
                Negative ions (neg):  -322.0

    Calculating the number of available grid points
        Final number of 3D grid points available for molecule placement: 163900
        Inserting 30343 solvent molecules into random grid points:
            Currently at solvent number: 1
            Currently at solvent number: 25000
            Currently at solvent number: 30343

Solvent data for whole system
        Name : Totals : Total % : Molarity(box) : Molarity(free) : Molarity(solvent) : Charge
        W    : 29699  : 97.878  : 12.329        : 13.89          : 13.831            : 0     
        NA   : 322    : 1.061   : 0.134         : 0.151          : 0.15              : 1.0   
        CL   : 322    : 1.061   : 0.134         : 0.151          : 0.15              : -1.0  
------------------------------ SOLVATION COMPLETE ------------------------------
                            (Time spent: 0.389 [s])                              

                          +--------------------------+                          
--------------------------+ FINAL SYSTEM CHARGE: 0.0 +--------------------------
                          +--------------------------+                          

-------------------------------- WRITING FILES ---------------------------------
Writing structure files (PDB/GRO)
    PDB file written: output_systems/Patches3_MultiplePatches/output_Patches3_MultiplePatches.pdb
    GRO file written: output_systems/Patches3_MultiplePatches/output_Patches3_MultiplePatches.gro
    CIF file written: output_systems/Patches3_MultiplePatches/output_Patches3_MultiplePatches.cif

Writing topology file (TOP)
    TOP file written: output_systems/Patches3_MultiplePatches/topol_Patches3_MultiplePatches.top 

Writing log file (LOG)
