The following COBY arguments will be processed:
COBY(
    box = [
        20,
        20,
        10,
    ],
    membrane = [
        "lipid:POPC:5 lipid:CHOL:2 center:+5:+5:0 xlength:10 ylength:10",
        "lipid:POPC:5 lipid:POPI:2 center:-5:+5:0 xlength:10 ylength:10",
        "lipid:POPC:5 lipid:POPI:2 center:+5:-5:0 xlength:10 ylength:10",
        "lipid:POPC:5 lipid:CHOL:2 center:-5:-5:0 xlength:10 ylength:10",
    ],
    solvation = "default",
    itp_input = [
        "file:toppar/top_for_COBY.itp",
        "include:toppar/m3_phosphoinositides/martini_v3.0_phosphoinositides_v1.0.itp",
    ],
    out_sys = "output_systems/Membranes4_PhaseSeparation/output_Membranes4_PhaseSeparation",
    out_top = "output_systems/Membranes4_PhaseSeparation/topol_Membranes4_PhaseSeparation.top",
    out_log = "output_systems/Membranes4_PhaseSeparation/log_Membranes4_PhaseSeparation.log",
    sn = "Membranes4_PhaseSeparation",
)
Setting random seed to: 1749800506
-------------------------- PREPROCESSING DEFINITIONS ---------------------------
Loading topology file(s)
    Finished loading topologies. Number of moleculetypes found: 219 

Preprocessing lipid scaffolds
    Number of lipids preprocessed: 6109 

Preprocessing lipid definitions
    Number of lipids preprocessed: 0 

Preprocessing ion definitions
    Number of positive ions preprocessed: 8
    Number of negative ions preprocessed: 11 

Preprocessing solvent definitions
    Number of solvents preprocessed: 64
---------------------- DEFINITIONS PREPROCESSING COMPLETE ----------------------
                            (Time spent: 0.7322 [s])                            

---------------------------- PREPROCESSING COMMANDS ----------------------------
Preprocessing membrane requests
    Starting membrane argument: 1
    Starting membrane argument: 2
    Starting membrane argument: 3
    Starting membrane argument: 4
    Number of membranes preprocessed: 4
Preprocessing solvation requests
    Starting solvation argument: 1
    Number of solvent commands preprocessed: 1
------------------------ COMMAND PREPROCESSING COMPLETE ------------------------
                            (Time spent: 0.0054 [s])                            

----------------------- CREATING LEAFLET BOUNDARY BOXES ------------------------
Starting membrane nr 1
    Starting upper leaflet
        Base parameters: x=10.0nm y=10.0nm APL=0.6nm^2
    Starting lower leaflet
        Base parameters: x=10.0nm y=10.0nm APL=0.6nm^2

Starting membrane nr 2
    Starting upper leaflet
        Base parameters: x=10.0nm y=10.0nm APL=0.6nm^2
    Starting lower leaflet
        Base parameters: x=10.0nm y=10.0nm APL=0.6nm^2

Starting membrane nr 3
    Starting upper leaflet
        Base parameters: x=10.0nm y=10.0nm APL=0.6nm^2
    Starting lower leaflet
        Base parameters: x=10.0nm y=10.0nm APL=0.6nm^2

Starting membrane nr 4
    Starting upper leaflet
        Base parameters: x=10.0nm y=10.0nm APL=0.6nm^2
    Starting lower leaflet
        Base parameters: x=10.0nm y=10.0nm APL=0.6nm^2
------------------------ LEAFLET BOUNDARY BOXES CREATED ------------------------
                            (Time spent: 0.0021 [s])                             

------------------------ CREATING HOLED BOUNDARY BOXES -------------------------
Starting membrane nr 1
    Calculating holed boundary box
        Starting upper leaflet
        Starting lower leaflet

Starting membrane nr 2
    Calculating holed boundary box
        Starting upper leaflet
        Starting lower leaflet

Starting membrane nr 3
    Calculating holed boundary box
        Starting upper leaflet
        Starting lower leaflet

Starting membrane nr 4
    Calculating holed boundary box
        Starting upper leaflet
        Starting lower leaflet
------------------------- HOLED BOUNDARY BOXES CREATED -------------------------
                            (Time spent: 0.0015 [s])                             

--------------------------- CALCULATING LIPID RATIOS ---------------------------
Starting membrane nr 1
    Starting upper leaflet
        Lipid optimization 'lipid_optim' setting: force_fill
            Forcefully filling leaflet until all grid points have a lipid

            Maximum number of lipids allowed in subleaflet: 167
            
        Maximum number of lipids allowed in leaflet: 167
        Final deviations from expected ratios: Difference in %-values
            Maximum: 0.172
            Average: 0.172
            Minimum: 0.172
        Leaflet specific lipid data (Combined subleafs)
            Name : Final lipids : Final % : Expected % : Starting % : Starting lipids
            POPC : 119          : 71.257  : 71.429     : 71.687     : 119            
            CHOL : 48           : 28.743  : 28.571     : 28.313     : 47             

    Starting lower leaflet
        Lipid optimization 'lipid_optim' setting: force_fill
            Forcefully filling leaflet until all grid points have a lipid

            Maximum number of lipids allowed in subleaflet: 167
            
        Maximum number of lipids allowed in leaflet: 167
        Final deviations from expected ratios: Difference in %-values
            Maximum: 0.172
            Average: 0.172
            Minimum: 0.172
        Leaflet specific lipid data (Combined subleafs)
            Name : Final lipids : Final % : Expected % : Starting % : Starting lipids
            POPC : 119          : 71.257  : 71.429     : 71.687     : 119            
            CHOL : 48           : 28.743  : 28.571     : 28.313     : 47             

    Membrane-wide lipid data
            Name : Total lipids : Total %
            POPC : 238          : 71.257 
            CHOL : 96           : 28.743 

Starting membrane nr 2
    Starting upper leaflet
        Lipid optimization 'lipid_optim' setting: force_fill
            Forcefully filling leaflet until all grid points have a lipid

            Maximum number of lipids allowed in subleaflet: 167
            
        Maximum number of lipids allowed in leaflet: 167
        Final deviations from expected ratios: Difference in %-values
            Maximum: 0.172
            Average: 0.172
            Minimum: 0.172
        Leaflet specific lipid data (Combined subleafs)
            Name : Final lipids : Final % : Expected % : Starting % : Starting lipids
            POPC : 119          : 71.257  : 71.429     : 71.687     : 119            
            POPI : 48           : 28.743  : 28.571     : 28.313     : 47             

    Starting lower leaflet
        Lipid optimization 'lipid_optim' setting: force_fill
            Forcefully filling leaflet until all grid points have a lipid

            Maximum number of lipids allowed in subleaflet: 167
            
        Maximum number of lipids allowed in leaflet: 167
        Final deviations from expected ratios: Difference in %-values
            Maximum: 0.172
            Average: 0.172
            Minimum: 0.172
        Leaflet specific lipid data (Combined subleafs)
            Name : Final lipids : Final % : Expected % : Starting % : Starting lipids
            POPC : 119          : 71.257  : 71.429     : 71.687     : 119            
            POPI : 48           : 28.743  : 28.571     : 28.313     : 47             

    Membrane-wide lipid data
            Name : Total lipids : Total %
            POPC : 238          : 71.257 
            POPI : 96           : 28.743 

Starting membrane nr 3
    Starting upper leaflet
        Lipid optimization 'lipid_optim' setting: force_fill
            Forcefully filling leaflet until all grid points have a lipid

            Maximum number of lipids allowed in subleaflet: 167
            
        Maximum number of lipids allowed in leaflet: 167
        Final deviations from expected ratios: Difference in %-values
            Maximum: 0.172
            Average: 0.172
            Minimum: 0.172
        Leaflet specific lipid data (Combined subleafs)
            Name : Final lipids : Final % : Expected % : Starting % : Starting lipids
            POPC : 119          : 71.257  : 71.429     : 71.687     : 119            
            POPI : 48           : 28.743  : 28.571     : 28.313     : 47             

    Starting lower leaflet
        Lipid optimization 'lipid_optim' setting: force_fill
            Forcefully filling leaflet until all grid points have a lipid

            Maximum number of lipids allowed in subleaflet: 167
            
        Maximum number of lipids allowed in leaflet: 167
        Final deviations from expected ratios: Difference in %-values
            Maximum: 0.172
            Average: 0.172
            Minimum: 0.172
        Leaflet specific lipid data (Combined subleafs)
            Name : Final lipids : Final % : Expected % : Starting % : Starting lipids
            POPC : 119          : 71.257  : 71.429     : 71.687     : 119            
            POPI : 48           : 28.743  : 28.571     : 28.313     : 47             

    Membrane-wide lipid data
            Name : Total lipids : Total %
            POPC : 238          : 71.257 
            POPI : 96           : 28.743 

Starting membrane nr 4
    Starting upper leaflet
        Lipid optimization 'lipid_optim' setting: force_fill
            Forcefully filling leaflet until all grid points have a lipid

            Maximum number of lipids allowed in subleaflet: 167
            
        Maximum number of lipids allowed in leaflet: 167
        Final deviations from expected ratios: Difference in %-values
            Maximum: 0.172
            Average: 0.172
            Minimum: 0.172
        Leaflet specific lipid data (Combined subleafs)
            Name : Final lipids : Final % : Expected % : Starting % : Starting lipids
            POPC : 119          : 71.257  : 71.429     : 71.687     : 119            
            CHOL : 48           : 28.743  : 28.571     : 28.313     : 47             

    Starting lower leaflet
        Lipid optimization 'lipid_optim' setting: force_fill
            Forcefully filling leaflet until all grid points have a lipid

            Maximum number of lipids allowed in subleaflet: 167
            
        Maximum number of lipids allowed in leaflet: 167
        Final deviations from expected ratios: Difference in %-values
            Maximum: 0.172
            Average: 0.172
            Minimum: 0.172
        Leaflet specific lipid data (Combined subleafs)
            Name : Final lipids : Final % : Expected % : Starting % : Starting lipids
            POPC : 119          : 71.257  : 71.429     : 71.687     : 119            
            CHOL : 48           : 28.743  : 28.571     : 28.313     : 47             

    Membrane-wide lipid data
            Name : Total lipids : Total %
            POPC : 238          : 71.257 
            CHOL : 96           : 28.743 


Lipid data for whole system
            Name : Total lipids : Total %
            POPC : 238          : 55.349 
            CHOL : 96           : 22.326 
            POPI : 96           : 22.326 
---------------------- LIPID RATIO CALCULATIONS COMPLETE -----------------------
                            (Time spent: 0.0043 [s])                             

----------------------------- CREATING LIPID GRID ------------------------------
Starting membrane nr 1
    Starting upper leaflet
            Total leaflet optimization time: 0.0 [s]

    Starting lower leaflet
            Total leaflet optimization time: 0.0 [s]

Starting membrane nr 2
    Starting upper leaflet
            Total leaflet optimization time: 0.5839 [s]

    Starting lower leaflet
            Total leaflet optimization time: 0.4904 [s]

Starting membrane nr 3
    Starting upper leaflet
            Total leaflet optimization time: 0.5411 [s]

    Starting lower leaflet
            Total leaflet optimization time: 0.5559 [s]

Starting membrane nr 4
    Starting upper leaflet
            Total leaflet optimization time: 0.0 [s]

    Starting lower leaflet
            Total leaflet optimization time: 0.0 [s]
------------------------------ LIPID GRID CREATED ------------------------------
                            (Time spent: 2.478 [s])                              

------------------------------- CREATING LIPIDS --------------------------------
Starting membrane nr 1
    Starting upper leaflet
    Starting lower leaflet
Starting membrane nr 2
    Starting upper leaflet
    Starting lower leaflet
Starting membrane nr 3
    Starting upper leaflet
    Starting lower leaflet
Starting membrane nr 4
    Starting upper leaflet
    Starting lower leaflet
--------------------------- LIPID CREATION COMPLETE ----------------------------
                            (Time spent: 0.2278 [s])                             

------------------------------- SOLVATING SYSTEM -------------------------------
Starting solvation nr 1
    Calculating box volume: (all values in [nm^3])
        Bead radius used for volume calculations 'bead_radius': 0.264 [nm]
        Solvent box volume: 4000.0
        Excluded volume:    1235.629
            Solute volume:  0.0
            Lipid volume:   1235.629
            Protein volume: 0.0
        Free volume:        2764.371
        Solvent volume:     2776.094

    Solvent box charge information:
        Solvent box charge before solvent insertion: -192.0
            Prior solvent beads:  0
            Lipid beads:          -192.0
            Protein beads:        0
        Solvent box charge after solvent insertion:  0.0
            New solvent beads: 192.0
                Solvent       (solv): 0
                Positive ions (pos):  443.0
                Negative ions (neg):  -251.0

    Calculating the number of available grid points
        Final number of 3D grid points available for molecule placement: 114124
        Inserting 23817 solvent molecules into random grid points:
            Currently at solvent number: 1
            Currently at solvent number: 23817

Solvent data for whole system
        Name : Totals : Total % : Molarity(box) : Molarity(free) : Molarity(solvent) : Charge
        W    : 23123  : 97.086  : 9.599         : 13.89          : 13.831            : 0     
        NA   : 443    : 1.86    : 0.184         : 0.266          : 0.265             : 1.0   
        CL   : 251    : 1.054   : 0.104         : 0.151          : 0.15              : -1.0  
------------------------------ SOLVATION COMPLETE ------------------------------
                            (Time spent: 0.298 [s])                              

                          +--------------------------+                          
--------------------------+ FINAL SYSTEM CHARGE: 0.0 +--------------------------
                          +--------------------------+                          

-------------------------------- WRITING FILES ---------------------------------
Writing structure files (PDB/GRO)
    PDB file written: output_systems/Membranes4_PhaseSeparation/output_Membranes4_PhaseSeparation.pdb
    GRO file written: output_systems/Membranes4_PhaseSeparation/output_Membranes4_PhaseSeparation.gro
    CIF file written: output_systems/Membranes4_PhaseSeparation/output_Membranes4_PhaseSeparation.cif

Writing topology file (TOP)
    TOP file written: output_systems/Membranes4_PhaseSeparation/topol_Membranes4_PhaseSeparation.top 

Writing log file (LOG)
