The following COBY arguments will be processed:
COBY(
    stacked_membranes = "number:3 distance:3:5:5 distance_type:surface membrane_argument:positions:1:3 lipid:POPC:5 lipid:CHOL:1 membrane_argument:positions:2   lipid:POPE:3 lipid:CHOL:2 solvation_argument:positions:1   default solv_per_lipid:20 solvation_argument:positions:2:3 default solv_per_lipid:10",
    itp_input = "file:toppar/top_for_COBY.itp",
    out_sys = "output_systems/StackedMembranes1_ThreeBilayers/output_StackedMembranes1_ThreeBilayers",
    out_top = "output_systems/StackedMembranes1_ThreeBilayers/topol_StackedMembranes1_ThreeBilayers.top",
    out_log = "output_systems/StackedMembranes1_ThreeBilayers/log_StackedMembranes1_ThreeBilayers.log",
    sn = "StackedMembranes1_ThreeBilayers",
)
Setting random seed to: 1749800567
-------------------------- PREPROCESSING DEFINITIONS ---------------------------
Loading topology file(s)
    Finished loading topologies. Number of moleculetypes found: 194 

Preprocessing lipid scaffolds
    Number of lipids preprocessed: 6109 

Preprocessing lipid definitions
    Number of lipids preprocessed: 0 

Preprocessing ion definitions
    Number of positive ions preprocessed: 8
    Number of negative ions preprocessed: 11 

Preprocessing solvent definitions
    Number of solvents preprocessed: 64
---------------------- DEFINITIONS PREPROCESSING COMPLETE ----------------------
                            (Time spent: 0.5705 [s])                            

----------------- PRE-PREPROCESSING STACKED MEMBRANE COMMANDS ------------------
Prepreprocessing stacked membranes request:
    Starting argument: 1
Preprocessing membrane requests
    Starting membrane argument: 1
Preprocessing membrane requests
    Starting membrane argument: 1
Preprocessing membrane requests
    Starting membrane argument: 1
Number of membranes preprocessed: 1
----------------- STACKED MEMBRANE PRE-PREPROCESSING COMPLETE ------------------
                            (Time spent: 0.0035 [s])                            

---------------------------- PREPROCESSING COMMANDS ----------------------------
Preprocessing membrane requests
    Starting membrane argument: 1
    Starting membrane argument: 2
    Starting membrane argument: 3
    Number of membranes preprocessed: 3
Preprocessing solvation requests
    Starting solvation argument: 1
    Starting solvation argument: 2
    Starting solvation argument: 3
    Starting solvation argument: 4
    Starting solvation argument: 5
    Starting solvation argument: 6
    Number of solvent commands preprocessed: 6
------------------------ COMMAND PREPROCESSING COMPLETE ------------------------
                            (Time spent: 0.0041 [s])                            

----------------------- CREATING LEAFLET BOUNDARY BOXES ------------------------
Starting membrane nr 1
    Starting upper leaflet
        Base parameters: x=20.0nm y=10.0nm APL=0.6nm^2
    Starting lower leaflet
        Base parameters: x=20.0nm y=10.0nm APL=0.6nm^2

Starting membrane nr 2
    Starting upper leaflet
        Base parameters: x=20.0nm y=10.0nm APL=0.6nm^2
    Starting lower leaflet
        Base parameters: x=20.0nm y=10.0nm APL=0.6nm^2

Starting membrane nr 3
    Starting upper leaflet
        Base parameters: x=20.0nm y=10.0nm APL=0.6nm^2
    Starting lower leaflet
        Base parameters: x=20.0nm y=10.0nm APL=0.6nm^2
------------------------ LEAFLET BOUNDARY BOXES CREATED ------------------------
                            (Time spent: 0.0017 [s])                             

------------------------ CREATING HOLED BOUNDARY BOXES -------------------------
Starting membrane nr 1
    Calculating holed boundary box
        Starting upper leaflet
        Starting lower leaflet

Starting membrane nr 2
    Calculating holed boundary box
        Starting upper leaflet
        Starting lower leaflet

Starting membrane nr 3
    Calculating holed boundary box
        Starting upper leaflet
        Starting lower leaflet
------------------------- HOLED BOUNDARY BOXES CREATED -------------------------
                            (Time spent: 0.0011 [s])                             

--------------------------- CALCULATING LIPID RATIOS ---------------------------
Starting membrane nr 1
    Starting upper leaflet
        Lipid optimization 'lipid_optim' setting: force_fill
            Forcefully filling leaflet until all grid points have a lipid

            Maximum number of lipids allowed in subleaflet: 333
            
        Maximum number of lipids allowed in leaflet: 333
        Final deviations from expected ratios: Difference in %-values
            Maximum: 0.15
            Average: 0.15
            Minimum: 0.15
        Leaflet specific lipid data (Combined subleafs)
            Name : Final lipids : Final % : Expected % : Starting % : Starting lipids
            POPC : 277          : 83.183  : 83.333     : 83.434     : 277            
            CHOL : 56           : 16.817  : 16.667     : 16.566     : 55             

    Starting lower leaflet
        Lipid optimization 'lipid_optim' setting: force_fill
            Forcefully filling leaflet until all grid points have a lipid

            Maximum number of lipids allowed in subleaflet: 333
            
        Maximum number of lipids allowed in leaflet: 333
        Final deviations from expected ratios: Difference in %-values
            Maximum: 0.15
            Average: 0.15
            Minimum: 0.15
        Leaflet specific lipid data (Combined subleafs)
            Name : Final lipids : Final % : Expected % : Starting % : Starting lipids
            POPC : 277          : 83.183  : 83.333     : 83.434     : 277            
            CHOL : 56           : 16.817  : 16.667     : 16.566     : 55             

    Membrane-wide lipid data
            Name : Total lipids : Total %
            POPC : 554          : 83.183 
            CHOL : 112          : 16.817 

Starting membrane nr 2
    Starting upper leaflet
        Lipid optimization 'lipid_optim' setting: force_fill
            Forcefully filling leaflet until all grid points have a lipid

            Maximum number of lipids allowed in subleaflet: 333
            
        Maximum number of lipids allowed in leaflet: 333
        Final deviations from expected ratios: Difference in %-values
            Maximum: 0.06
            Average: 0.06
            Minimum: 0.06
        Leaflet specific lipid data (Combined subleafs)
            Name : Final lipids : Final % : Expected % : Starting % : Starting lipids
            POPE : 200          : 60.06   : 60.0       : 59.94      : 199            
            CHOL : 133          : 39.94   : 40.0       : 40.06      : 133            

    Starting lower leaflet
        Lipid optimization 'lipid_optim' setting: force_fill
            Forcefully filling leaflet until all grid points have a lipid

            Maximum number of lipids allowed in subleaflet: 333
            
        Maximum number of lipids allowed in leaflet: 333
        Final deviations from expected ratios: Difference in %-values
            Maximum: 0.06
            Average: 0.06
            Minimum: 0.06
        Leaflet specific lipid data (Combined subleafs)
            Name : Final lipids : Final % : Expected % : Starting % : Starting lipids
            POPE : 200          : 60.06   : 60.0       : 59.94      : 199            
            CHOL : 133          : 39.94   : 40.0       : 40.06      : 133            

    Membrane-wide lipid data
            Name : Total lipids : Total %
            POPE : 400          : 60.06  
            CHOL : 266          : 39.94  

Starting membrane nr 3
    Starting upper leaflet
        Lipid optimization 'lipid_optim' setting: force_fill
            Forcefully filling leaflet until all grid points have a lipid

            Maximum number of lipids allowed in subleaflet: 333
            
        Maximum number of lipids allowed in leaflet: 333
        Final deviations from expected ratios: Difference in %-values
            Maximum: 0.15
            Average: 0.15
            Minimum: 0.15
        Leaflet specific lipid data (Combined subleafs)
            Name : Final lipids : Final % : Expected % : Starting % : Starting lipids
            POPC : 277          : 83.183  : 83.333     : 83.434     : 277            
            CHOL : 56           : 16.817  : 16.667     : 16.566     : 55             

    Starting lower leaflet
        Lipid optimization 'lipid_optim' setting: force_fill
            Forcefully filling leaflet until all grid points have a lipid

            Maximum number of lipids allowed in subleaflet: 333
            
        Maximum number of lipids allowed in leaflet: 333
        Final deviations from expected ratios: Difference in %-values
            Maximum: 0.15
            Average: 0.15
            Minimum: 0.15
        Leaflet specific lipid data (Combined subleafs)
            Name : Final lipids : Final % : Expected % : Starting % : Starting lipids
            POPC : 277          : 83.183  : 83.333     : 83.434     : 277            
            CHOL : 56           : 16.817  : 16.667     : 16.566     : 55             

    Membrane-wide lipid data
            Name : Total lipids : Total %
            POPC : 554          : 83.183 
            CHOL : 112          : 16.817 


Lipid data for whole system
            Name : Total lipids : Total %
            POPC : 554          : 51.97  
            CHOL : 112          : 10.507 
            POPE : 400          : 37.523 
---------------------- LIPID RATIO CALCULATIONS COMPLETE -----------------------
                            (Time spent: 0.0031 [s])                             

----------------------------- CREATING LIPID GRID ------------------------------
Starting membrane nr 1
    Starting upper leaflet
            Total leaflet optimization time: 0.0 [s]

    Starting lower leaflet
            Total leaflet optimization time: 0.0 [s]

Starting membrane nr 2
    Starting upper leaflet
            Total leaflet optimization time: 0.0 [s]

    Starting lower leaflet
            Total leaflet optimization time: 0.0 [s]

Starting membrane nr 3
    Starting upper leaflet
            Total leaflet optimization time: 0.0 [s]

    Starting lower leaflet
            Total leaflet optimization time: 0.0 [s]
------------------------------ LIPID GRID CREATED ------------------------------
                            (Time spent: 0.1601 [s])                             

------------------------------- CREATING LIPIDS --------------------------------
Starting membrane nr 1
    Starting upper leaflet
    Starting lower leaflet
Starting membrane nr 2
    Starting upper leaflet
    Starting lower leaflet
Starting membrane nr 3
    Starting upper leaflet
    Starting lower leaflet
--------------------------- LIPID CREATION COMPLETE ----------------------------
                            (Time spent: 0.3403 [s])                             

------------------------------- SOLVATING SYSTEM -------------------------------
Starting solvation nr 1
    Calculating box volume: (all values in [nm^3])
        Bead radius used for volume calculations 'bead_radius': 0.264 [nm]
        Solvent box volume: 716.4
        Excluded volume:    295.034
            Solute volume:  0.0
            Lipid volume:   295.034
            Protein volume: 0.0
        Free volume:        421.366
        Solvent volume:     799.584

    Solvent box charge information:
        Solvent box charge before solvent insertion: 0.0
            Prior solvent beads:  0
            Lipid beads:          0.0
            Protein beads:        0
        Solvent box charge after solvent insertion:  0.0
            New solvent beads: 0.0
                Solvent       (solv): 0
                Positive ions (pos):  72.0
                Negative ions (neg):  -72.0

    Calculating the number of available grid points
        Final number of 3D grid points available for molecule placement: 14737
        Inserting 6804 solvent molecules into random grid points:
            Currently at solvent number: 1
            Currently at solvent number: 6804

    Solvent data for the the specific solvation command
        Name : Totals : Total % : Molarity(box) : Molarity(free) : Molarity(solvent) : Charge
        W    : 6660   : 97.884  : 15.437        : 26.246         : 13.831            : 0     
        NA   : 72     : 1.058   : 0.167         : 0.284          : 0.15              : 1.0   
        CL   : 72     : 1.058   : 0.167         : 0.284          : 0.15              : -1.0  

Starting solvation nr 2
    Calculating box volume: (all values in [nm^3])
        Bead radius used for volume calculations 'bead_radius': 0.264 [nm]
        Solvent box volume: 716.4
        Excluded volume:    295.034
            Solute volume:  0.0
            Lipid volume:   295.034
            Protein volume: 0.0
        Free volume:        421.366
        Solvent volume:     799.584

    Solvent box charge information:
        Solvent box charge before solvent insertion: 0.0
            Prior solvent beads:  0
            Lipid beads:          0.0
            Protein beads:        0
        Solvent box charge after solvent insertion:  0.0
            New solvent beads: 0.0
                Solvent       (solv): 0
                Positive ions (pos):  72.0
                Negative ions (neg):  -72.0

    Calculating the number of available grid points
        Final number of 3D grid points available for molecule placement: 14798
        Inserting 6804 solvent molecules into random grid points:
            Currently at solvent number: 1
            Currently at solvent number: 6804

    Solvent data for the the specific solvation command
        Name : Totals : Total % : Molarity(box) : Molarity(free) : Molarity(solvent) : Charge
        W    : 6660   : 97.884  : 15.437        : 26.246         : 13.831            : 0     
        NA   : 72     : 1.058   : 0.167         : 0.284          : 0.15              : 1.0   
        CL   : 72     : 1.058   : 0.167         : 0.284          : 0.15              : -1.0  

Starting solvation nr 3
    Calculating box volume: (all values in [nm^3])
        Bead radius used for volume calculations 'bead_radius': 0.264 [nm]
        Solvent box volume: 916.4
        Excluded volume:    295.034
            Solute volume:  0.0
            Lipid volume:   295.034
            Protein volume: 0.0
        Free volume:        621.366
        Solvent volume:     399.792

    Solvent box charge information:
        Solvent box charge before solvent insertion: 0.0
            Prior solvent beads:  0
            Lipid beads:          0.0
            Protein beads:        0
        Solvent box charge after solvent insertion:  0.0
            New solvent beads: 0.0
                Solvent       (solv): 0
                Positive ions (pos):  36.0
                Negative ions (neg):  -36.0

    Calculating the number of available grid points
        Final number of 3D grid points available for molecule placement: 25072
        Inserting 3402 solvent molecules into random grid points:
            Currently at solvent number: 1
            Currently at solvent number: 3402

    Solvent data for the the specific solvation command
        Name : Totals : Total % : Molarity(box) : Molarity(free) : Molarity(solvent) : Charge
        W    : 3330   : 97.884  : 6.034         : 8.899          : 13.831            : 0     
        NA   : 36     : 1.058   : 0.065         : 0.096          : 0.15              : 1.0   
        CL   : 36     : 1.058   : 0.065         : 0.096          : 0.15              : -1.0  

Starting solvation nr 4
    Calculating box volume: (all values in [nm^3])
        Bead radius used for volume calculations 'bead_radius': 0.264 [nm]
        Solvent box volume: 916.4
        Excluded volume:    277.23
            Solute volume:  0.0
            Lipid volume:   277.23
            Protein volume: 0.0
        Free volume:        639.17
        Solvent volume:     399.792

    Solvent box charge information:
        Solvent box charge before solvent insertion: 0.0
            Prior solvent beads:  0
            Lipid beads:          0.0
            Protein beads:        0
        Solvent box charge after solvent insertion:  0.0
            New solvent beads: 0.0
                Solvent       (solv): 0
                Positive ions (pos):  36.0
                Negative ions (neg):  -36.0

    Calculating the number of available grid points
        Final number of 3D grid points available for molecule placement: 25482
        Inserting 3402 solvent molecules into random grid points:
            Currently at solvent number: 1
            Currently at solvent number: 3402

    Solvent data for the the specific solvation command
        Name : Totals : Total % : Molarity(box) : Molarity(free) : Molarity(solvent) : Charge
        W    : 3330   : 97.884  : 6.034         : 8.651          : 13.831            : 0     
        NA   : 36     : 1.058   : 0.065         : 0.094          : 0.15              : 1.0   
        CL   : 36     : 1.058   : 0.065         : 0.094          : 0.15              : -1.0  

Starting solvation nr 5
    Calculating box volume: (all values in [nm^3])
        Bead radius used for volume calculations 'bead_radius': 0.264 [nm]
        Solvent box volume: 916.4
        Excluded volume:    277.23
            Solute volume:  0.0
            Lipid volume:   277.23
            Protein volume: 0.0
        Free volume:        639.17
        Solvent volume:     399.792

    Solvent box charge information:
        Solvent box charge before solvent insertion: 0.0
            Prior solvent beads:  0
            Lipid beads:          0.0
            Protein beads:        0
        Solvent box charge after solvent insertion:  0.0
            New solvent beads: 0.0
                Solvent       (solv): 0
                Positive ions (pos):  36.0
                Negative ions (neg):  -36.0

    Calculating the number of available grid points
        Final number of 3D grid points available for molecule placement: 25136
        Inserting 3402 solvent molecules into random grid points:
            Currently at solvent number: 1
            Currently at solvent number: 3402

    Solvent data for the the specific solvation command
        Name : Totals : Total % : Molarity(box) : Molarity(free) : Molarity(solvent) : Charge
        W    : 3330   : 97.884  : 6.034         : 8.651          : 13.831            : 0     
        NA   : 36     : 1.058   : 0.065         : 0.094          : 0.15              : 1.0   
        CL   : 36     : 1.058   : 0.065         : 0.094          : 0.15              : -1.0  

Starting solvation nr 6
    Calculating box volume: (all values in [nm^3])
        Bead radius used for volume calculations 'bead_radius': 0.264 [nm]
        Solvent box volume: 916.4
        Excluded volume:    295.034
            Solute volume:  0.0
            Lipid volume:   295.034
            Protein volume: 0.0
        Free volume:        621.366
        Solvent volume:     399.792

    Solvent box charge information:
        Solvent box charge before solvent insertion: 0.0
            Prior solvent beads:  0
            Lipid beads:          0.0
            Protein beads:        0
        Solvent box charge after solvent insertion:  0.0
            New solvent beads: 0.0
                Solvent       (solv): 0
                Positive ions (pos):  36.0
                Negative ions (neg):  -36.0

    Calculating the number of available grid points
        Final number of 3D grid points available for molecule placement: 25298
        Inserting 3402 solvent molecules into random grid points:
            Currently at solvent number: 1
            Currently at solvent number: 3402

    Solvent data for the the specific solvation command
        Name : Totals : Total % : Molarity(box) : Molarity(free) : Molarity(solvent) : Charge
        W    : 3330   : 97.884  : 6.034         : 8.899          : 13.831            : 0     
        NA   : 36     : 1.058   : 0.065         : 0.096          : 0.15              : 1.0   
        CL   : 36     : 1.058   : 0.065         : 0.096          : 0.15              : -1.0  

Solvent data for whole system
        Name : Totals : Total % : Molarity(box) : Molarity(free) : Molarity(solvent) : Charge
        W    : 26640  : 97.884  : 8.677         : 9.21           : 13.831            : 0     
        NA   : 288    : 1.058   : 0.094         : 0.1            : 0.15              : 1.0   
        CL   : 288    : 1.058   : 0.094         : 0.1            : 0.15              : -1.0  
------------------------------ SOLVATION COMPLETE ------------------------------
                            (Time spent: 0.407 [s])                              

                          +--------------------------+                          
--------------------------+ FINAL SYSTEM CHARGE: 0.0 +--------------------------
                          +--------------------------+                          

-------------------------------- WRITING FILES ---------------------------------
Writing structure files (PDB/GRO)
    PDB file written: output_systems/StackedMembranes1_ThreeBilayers/output_StackedMembranes1_ThreeBilayers.pdb
    GRO file written: output_systems/StackedMembranes1_ThreeBilayers/output_StackedMembranes1_ThreeBilayers.gro
    CIF file written: output_systems/StackedMembranes1_ThreeBilayers/output_StackedMembranes1_ThreeBilayers.cif

Writing topology file (TOP)
    TOP file written: output_systems/StackedMembranes1_ThreeBilayers/topol_StackedMembranes1_ThreeBilayers.top 

Writing log file (LOG)
