The following COBY arguments will be processed:
COBY(
    box = [
        20,
        20,
        20,
    ],
    membrane = "lipid:POPC",
    solvation = [
        "default center:+5:0:0 xlength:10",
        "default center:-5:0:0 xlength:10 salt_molarity:0.6",
    ],
    itp_input = "file:toppar/top_for_COBY.itp",
    out_sys = "output_systems/Solvation5_PhaseSeparatedSolvent/output_Solvation5_PhaseSeparatedSolvent",
    out_top = "output_systems/Solvation5_PhaseSeparatedSolvent/topol_Solvation5_PhaseSeparatedSolvent.top",
    out_log = "output_systems/Solvation5_PhaseSeparatedSolvent/log_Solvation5_PhaseSeparatedSolvent.log",
    sn = "Solvation5_PhaseSeparatedSolvent",
)
Setting random seed to: 1749800573
-------------------------- PREPROCESSING DEFINITIONS ---------------------------
Loading topology file(s)
    Finished loading topologies. Number of moleculetypes found: 194 

Preprocessing lipid scaffolds
    Number of lipids preprocessed: 6109 

Preprocessing lipid definitions
    Number of lipids preprocessed: 0 

Preprocessing ion definitions
    Number of positive ions preprocessed: 8
    Number of negative ions preprocessed: 11 

Preprocessing solvent definitions
    Number of solvents preprocessed: 64
---------------------- DEFINITIONS PREPROCESSING COMPLETE ----------------------
                            (Time spent: 1.3165 [s])                            

---------------------------- PREPROCESSING COMMANDS ----------------------------
Preprocessing membrane requests
    Starting membrane argument: 1
    Number of membranes preprocessed: 1
Preprocessing solvation requests
    Starting solvation argument: 1
    Starting solvation argument: 2
    Number of solvent commands preprocessed: 2
------------------------ COMMAND PREPROCESSING COMPLETE ------------------------
                            (Time spent: 0.001 [s])                             

----------------------- CREATING LEAFLET BOUNDARY BOXES ------------------------
Starting membrane nr 1
    Starting upper leaflet
        Base parameters: x=20.0nm y=20.0nm APL=0.6nm^2
    Starting lower leaflet
        Base parameters: x=20.0nm y=20.0nm APL=0.6nm^2
------------------------ LEAFLET BOUNDARY BOXES CREATED ------------------------
                            (Time spent: 0.001 [s])                              

------------------------ CREATING HOLED BOUNDARY BOXES -------------------------
Starting membrane nr 1
    Calculating holed boundary box
        Starting upper leaflet
        Starting lower leaflet
------------------------- HOLED BOUNDARY BOXES CREATED -------------------------
                            (Time spent: 0.0004 [s])                             

--------------------------- CALCULATING LIPID RATIOS ---------------------------
Starting membrane nr 1
    Starting upper leaflet
        Lipid optimization 'lipid_optim' setting: force_fill
            Forcefully filling leaflet until all grid points have a lipid

            Maximum number of lipids allowed in subleaflet: 667
            
        Maximum number of lipids allowed in leaflet: 667
        Final deviations from expected ratios: Difference in %-values
            Maximum: 0.0
            Average: 0.0
            Minimum: 0.0
        Leaflet specific lipid data (Combined subleafs)
            Name : Final lipids : Final % : Expected % : Starting % : Starting lipids
            POPC : 667          : 100.0   : 100.0      : 100.0      : 667            

    Starting lower leaflet
        Lipid optimization 'lipid_optim' setting: force_fill
            Forcefully filling leaflet until all grid points have a lipid

            Maximum number of lipids allowed in subleaflet: 667
            
        Maximum number of lipids allowed in leaflet: 667
        Final deviations from expected ratios: Difference in %-values
            Maximum: 0.0
            Average: 0.0
            Minimum: 0.0
        Leaflet specific lipid data (Combined subleafs)
            Name : Final lipids : Final % : Expected % : Starting % : Starting lipids
            POPC : 667          : 100.0   : 100.0      : 100.0      : 667            

    Membrane-wide lipid data
            Name : Total lipids : Total %
            POPC : 1334         : 100.0  
---------------------- LIPID RATIO CALCULATIONS COMPLETE -----------------------
                            (Time spent: 0.0012 [s])                             

----------------------------- CREATING LIPID GRID ------------------------------
Starting membrane nr 1
    Starting upper leaflet
            Total leaflet optimization time: 0.0 [s]

    Starting lower leaflet
            Total leaflet optimization time: 0.0 [s]
------------------------------ LIPID GRID CREATED ------------------------------
                            (Time spent: 0.1153 [s])                             

------------------------------- CREATING LIPIDS --------------------------------
Starting membrane nr 1
    Starting upper leaflet
    Starting lower leaflet
--------------------------- LIPID CREATION COMPLETE ----------------------------
                            (Time spent: 0.2273 [s])                             

------------------------------- SOLVATING SYSTEM -------------------------------
Starting solvation nr 1
    Calculating box volume: (all values in [nm^3])
        Bead radius used for volume calculations 'bead_radius': 0.264 [nm]
        Solvent box volume: 4000.0
        Excluded volume:    626.061
            Solute volume:  0.0
            Lipid volume:   626.061
            Protein volume: 0.0
        Free volume:        3373.939
        Solvent volume:     3388.268

    Solvent box charge information:
        Solvent box charge before solvent insertion: 0.0
            Prior solvent beads:  0
            Lipid beads:          0.0
            Protein beads:        0
        Solvent box charge after solvent insertion:  0.0
            New solvent beads: 0.0
                Solvent       (solv): 0
                Positive ions (pos):  306.0
                Negative ions (neg):  -306.0

    Calculating the number of available grid points
        Final number of 3D grid points available for molecule placement: 160950
        Inserting 28834 solvent molecules into random grid points:
            Currently at solvent number: 1
            Currently at solvent number: 25000
            Currently at solvent number: 28834

    Solvent data for the the specific solvation command
        Name : Totals : Total % : Molarity(box) : Molarity(free) : Molarity(solvent) : Charge
        W    : 28222  : 97.878  : 11.716        : 13.89          : 13.831            : 0     
        NA   : 306    : 1.061   : 0.127         : 0.151          : 0.15              : 1.0   
        CL   : 306    : 1.061   : 0.127         : 0.151          : 0.15              : -1.0  

Starting solvation nr 2
    Calculating box volume: (all values in [nm^3])
        Bead radius used for volume calculations 'bead_radius': 0.264 [nm]
        Solvent box volume: 4000.0
        Excluded volume:    607.718
            Solute volume:  0.0
            Lipid volume:   607.718
            Protein volume: 0.0
        Free volume:        3392.282
        Solvent volume:     3406.757

    Solvent box charge information:
        Solvent box charge before solvent insertion: 0.0
            Prior solvent beads:  0
            Lipid beads:          0.0
            Protein beads:        0
        Solvent box charge after solvent insertion:  0.0
            New solvent beads: 0.0
                Solvent       (solv): 0
                Positive ions (pos):  1231.0
                Negative ions (neg):  -1231.0

    Calculating the number of available grid points
        Final number of 3D grid points available for molecule placement: 160950
        Inserting 30838 solvent molecules into random grid points:
            Currently at solvent number: 1
            Currently at solvent number: 25000
            Currently at solvent number: 30838

    Solvent data for the the specific solvation command
        Name : Totals : Total % : Molarity(box) : Molarity(free) : Molarity(solvent) : Charge
        W    : 28376  : 92.016  : 11.78         : 13.89          : 13.831            : 0     
        NA   : 1231   : 3.992   : 0.511         : 0.603          : 0.6               : 1.0   
        CL   : 1231   : 3.992   : 0.511         : 0.603          : 0.6               : -1.0  

Solvent data for whole system
        Name : Totals : Total % : Molarity(box) : Molarity(free) : Molarity(solvent) : Charge
        W    : 56598  : 94.849  : 11.748        : 12.714         : 13.831            : 0     
        NA   : 1537   : 2.576   : 0.319         : 0.345          : 0.376             : 1.0   
        CL   : 1537   : 2.576   : 0.319         : 0.345          : 0.376             : -1.0  
------------------------------ SOLVATION COMPLETE ------------------------------
                             (Time spent: 0.51 [s])                              

                          +--------------------------+                          
--------------------------+ FINAL SYSTEM CHARGE: 0.0 +--------------------------
                          +--------------------------+                          

-------------------------------- WRITING FILES ---------------------------------
Writing structure files (PDB/GRO)
    PDB file written: output_systems/Solvation5_PhaseSeparatedSolvent/output_Solvation5_PhaseSeparatedSolvent.pdb
    GRO file written: output_systems/Solvation5_PhaseSeparatedSolvent/output_Solvation5_PhaseSeparatedSolvent.gro
    CIF file written: output_systems/Solvation5_PhaseSeparatedSolvent/output_Solvation5_PhaseSeparatedSolvent.cif

Writing topology file (TOP)
    TOP file written: output_systems/Solvation5_PhaseSeparatedSolvent/topol_Solvation5_PhaseSeparatedSolvent.top 

Writing log file (LOG)
