The following COBY arguments will be processed:
COBY(
    box = [
        20,
        20,
        20,
    ],
    protein = [
        "file:example_proteins/8BB6_martinized.pdb moleculetypes:8BB6_CG cx:5 cy:5",
        "file:example_proteins/8BB6_martinized.pdb moleculetypes:8BB6_CG cx:-5 cy:5 rz:180",
        "file:example_proteins/8BB6_martinized.pdb moleculetypes:8BB6_CG cx:5 cy:-5 rx:180",
        "file:example_proteins/8BB6_martinized.pdb moleculetypes:8BB6_CG cx:-5 cy:-5 rx:45 ry:45 rz:45",
    ],
    solvation = "default",
    itp_input = [
        "file:toppar/top_for_COBY.itp",
        "include:toppar/SugarTransporter/8BB6_martinized.itp",
    ],
    out_sys = "output_systems/Proteins1_MoveAndRotate/output_Proteins1_MoveAndRotate",
    out_top = "output_systems/Proteins1_MoveAndRotate/topol_Proteins1_MoveAndRotate.top",
    out_log = "output_systems/Proteins1_MoveAndRotate/log_Proteins1_MoveAndRotate.log",
    sn = "Proteins1_MoveAndRotate",
)
Setting random seed to: 1749800529
-------------------------- PREPROCESSING DEFINITIONS ---------------------------
Loading topology file(s)
    Finished loading topologies. Number of moleculetypes found: 195 

Preprocessing lipid scaffolds
    Number of lipids preprocessed: 6109 

Preprocessing lipid definitions
    Number of lipids preprocessed: 0 

Preprocessing ion definitions
    Number of positive ions preprocessed: 8
    Number of negative ions preprocessed: 11 

Preprocessing solvent definitions
    Number of solvents preprocessed: 64
---------------------- DEFINITIONS PREPROCESSING COMPLETE ----------------------
                            (Time spent: 0.9077 [s])                            

---------------------------- PREPROCESSING COMMANDS ----------------------------
Preprocessing protein requests
    Starting protein: 1
    Starting protein: 2
    Starting protein: 3
    Starting protein: 4
    Number of molecule insertions preprocessed: 4
Preprocessing solvation requests
    Starting solvation argument: 1
    Number of solvent commands preprocessed: 1
------------------------ COMMAND PREPROCESSING COMPLETE ------------------------
                            (Time spent: 0.0315 [s])                            

------------------------------ PROTEIN PLACEMENT -------------------------------
Starting protein nr 1
    Total charge of protein is: 16.0
    Centering protein using 'cog' at x/y/z: 43.358 42.68 56.995 (Input file coordinate system [Å])
    New protein center at x/y/z: 50 50 0 (Internal coordinate system [Å])
    Finished placing protein nr 1

Starting protein nr 2
    Total charge of protein is: 16.0
    Centering protein using 'cog' at x/y/z: 43.358 42.68 56.995 (Input file coordinate system [Å])
    New protein center at x/y/z: -50 50 0 (Internal coordinate system [Å])
    Finished placing protein nr 2

Starting protein nr 3
    Total charge of protein is: 16.0
    Centering protein using 'cog' at x/y/z: 43.358 42.68 56.995 (Input file coordinate system [Å])
    New protein center at x/y/z: 50 -50 0 (Internal coordinate system [Å])
    Finished placing protein nr 3

Starting protein nr 4
    Total charge of protein is: 16.0
    Centering protein using 'cog' at x/y/z: 43.358 42.68 56.995 (Input file coordinate system [Å])
    New protein center at x/y/z: -50 -50 0 (Internal coordinate system [Å])
    Finished placing protein nr 4
-------------------------- PROTEIN PLACEMENT COMPLETE --------------------------
                            (Time spent: 0.0561 [s])                             

------------------------------- SOLVATING SYSTEM -------------------------------
Starting solvation nr 1
    Calculating box volume: (all values in [nm^3])
        Bead radius used for volume calculations 'bead_radius': 0.264 [nm]
        Solvent box volume: 8000.0
        Excluded volume:    673.307
            Solute volume:  0.0
            Lipid volume:   0.0
            Protein volume: 336.653
        Free volume:        7326.693
        Solvent volume:     7357.856

    Solvent box charge information:
        Solvent box charge before solvent insertion: 64.0
            Prior solvent beads:  0
            Lipid beads:          0
            Protein beads:        64.0
        Solvent box charge after solvent insertion:  0.0
            New solvent beads: -64.0
                Solvent       (solv): 0
                Positive ions (pos):  665.0
                Negative ions (neg):  -729.0

    Calculating the number of available grid points
        Final number of 3D grid points available for molecule placement: 390608
        Inserting 62680 solvent molecules into random grid points:
            Currently at solvent number: 1
            Currently at solvent number: 25000
            Currently at solvent number: 50000
            Currently at solvent number: 62680

Solvent data for whole system
        Name : Totals : Total % : Molarity(box) : Molarity(free) : Molarity(solvent) : Charge
        W    : 61286  : 97.776  : 12.721        : 13.28          : 13.831            : 0     
        NA   : 665    : 1.061   : 0.138         : 0.144          : 0.15              : 1.0   
        CL   : 729    : 1.163   : 0.151         : 0.158          : 0.165             : -1.0  
------------------------------ SOLVATION COMPLETE ------------------------------
                            (Time spent: 0.677 [s])                              

                          +--------------------------+                          
--------------------------+ FINAL SYSTEM CHARGE: 0.0 +--------------------------
                          +--------------------------+                          

-------------------------------- WRITING FILES ---------------------------------
Writing structure files (PDB/GRO)
    PDB file written: output_systems/Proteins1_MoveAndRotate/output_Proteins1_MoveAndRotate.pdb
    GRO file written: output_systems/Proteins1_MoveAndRotate/output_Proteins1_MoveAndRotate.gro
    CIF file written: output_systems/Proteins1_MoveAndRotate/output_Proteins1_MoveAndRotate.cif

Writing topology file (TOP)
    TOP file written: output_systems/Proteins1_MoveAndRotate/topol_Proteins1_MoveAndRotate.top 

Writing log file (LOG)
