The following COBY arguments will be processed:
COBY(
    box = [
        50,
        50,
        20,
    ],
    membrane = [
        "params:IngolfssonMembranes lipid:DOPC:44.1 lipid:DOPG:4.9 lipid:DPSM:19 lipid:CHOL:30 lipid:DPG1:2 hole:ellipse:xradius:8:yradius:16:cx:0:cy:0:rotate:45 gridsplits:False optimize_push_tolerance:0.1 optimize_run:True",
        "params:IngolfssonMembranes lipid:DOPC:9 lipid:DOPG:1 lipid:DPSM:53 lipid:CHOL:35 lipid:DPG1:2 patch:ellipse:xradius:8:yradius:16:cx:0:cy:0:rotate:45 gridsplits:False optimize_push_tolerance:0.1 optimize_run:True",
    ],
    solvation = "default",
    import_library = "example_molecule_definitions/NeuronalPlasmaMembraneAverage_lipid_scaffolds.py",
    itp_input = [
        "include:toppar/NeuronalPlasmaMembraneBrain/martini_v2.2.itp",
        "include:toppar/NeuronalPlasmaMembraneBrain/martini_v2.0_brain_complex_b5-GMs_old.itp",
        "include:toppar/NeuronalPlasmaMembraneBrain/DPPX_Martini_v2.0_lipid.itp",
        "include:toppar/NeuronalPlasmaMembraneBrain/POPX_Martini_v2.0_lipid.itp",
        "include:toppar/NeuronalPlasmaMembraneBrain/martini_v2.0_DOPG_02.itp.txt",
        "include:toppar/NeuronalPlasmaMembraneBrain/martini_v2.0_ions.itp",
    ],
    out_sys = "output_systems/Paper_Subfigure_Main_i_LoLdPhaseSeparation/output_Paper_Subfigure_Main_i_LoLdPhaseSeparation",
    out_top = "output_systems/Paper_Subfigure_Main_i_LoLdPhaseSeparation/topol_Paper_Subfigure_Main_i_LoLdPhaseSeparation.top",
    out_log = "output_systems/Paper_Subfigure_Main_i_LoLdPhaseSeparation/log_Paper_Subfigure_Main_i_LoLdPhaseSeparation.log",
    sn = "Paper_Subfigure_Main_i_LoLdPhaseSeparation",
)
Setting random seed to: 1749800595
-------------------------- PREPROCESSING DEFINITIONS ---------------------------
Loading topology file(s)
    Finished loading topologies. Number of moleculetypes found: 69 

Preprocessing lipid scaffolds
    Number of lipids preprocessed: 6208 

Preprocessing lipid definitions
    Number of lipids preprocessed: 0 

Preprocessing ion definitions
    Number of positive ions preprocessed: 8
    Number of negative ions preprocessed: 11 

Preprocessing solvent definitions
    Number of solvents preprocessed: 64
---------------------- DEFINITIONS PREPROCESSING COMPLETE ----------------------
                            (Time spent: 0.2261 [s])                            

---------------------------- PREPROCESSING COMMANDS ----------------------------
Preprocessing membrane requests
    Starting membrane argument: 1
    Starting membrane argument: 2
    Number of membranes preprocessed: 2
Preprocessing solvation requests
    Starting solvation argument: 1
    Number of solvent commands preprocessed: 1
------------------------ COMMAND PREPROCESSING COMPLETE ------------------------
                            (Time spent: 0.0063 [s])                            

----------------------- CREATING LEAFLET BOUNDARY BOXES ------------------------
Starting membrane nr 1
    Starting upper leaflet
        Base parameters: x=50.0nm y=50.0nm APL=0.6nm^2
    Starting lower leaflet
        Base parameters: x=50.0nm y=50.0nm APL=0.6nm^2

Starting membrane nr 2
    Starting upper leaflet
        Base parameters: x=50.0nm y=50.0nm APL=0.6nm^2
    Starting lower leaflet
        Base parameters: x=50.0nm y=50.0nm APL=0.6nm^2
------------------------ LEAFLET BOUNDARY BOXES CREATED ------------------------
                            (Time spent: 0.0011 [s])                             

------------------------ CREATING HOLED BOUNDARY BOXES -------------------------
Starting membrane nr 1
    Calculating holed boundary box
        Starting upper leaflet
        Starting lower leaflet

Starting membrane nr 2
    Calculating holed boundary box
        Starting upper leaflet
        Starting lower leaflet
------------------------- HOLED BOUNDARY BOXES CREATED -------------------------
                            (Time spent: 0.0026 [s])                             

--------------------------- CALCULATING LIPID RATIOS ---------------------------
Starting membrane nr 1
    Starting upper leaflet
        Lipid optimization 'lipid_optim' setting: force_fill
            Forcefully filling leaflet until all grid points have a lipid

            Maximum number of lipids allowed in subleaflet: 3498
            
        Maximum number of lipids allowed in leaflet: 3498
        Final deviations from expected ratios: Difference in %-values
            Maximum: 0.018
            Average: 0.0116
            Minimum: 0.001
        Leaflet specific lipid data (Combined subleafs)
            Name : Final lipids : Final % : Expected % : Starting % : Starting lipids
            DOPC : 1542         : 44.082  : 44.1       : 44.12      : 1542           
            CHOL : 1049         : 29.989  : 30.0       : 30.014     : 1049           
            DPSM : 665          : 19.011  : 19.0       : 18.999     : 664            
            DOPG : 172          : 4.917   : 4.9        : 4.893      : 171            
            DPG1 : 70           : 2.001   : 2.0        : 1.974      : 69             

    Starting lower leaflet
        Lipid optimization 'lipid_optim' setting: force_fill
            Forcefully filling leaflet until all grid points have a lipid

            Maximum number of lipids allowed in subleaflet: 3498
            
        Maximum number of lipids allowed in leaflet: 3498
        Final deviations from expected ratios: Difference in %-values
            Maximum: 0.018
            Average: 0.0116
            Minimum: 0.001
        Leaflet specific lipid data (Combined subleafs)
            Name : Final lipids : Final % : Expected % : Starting % : Starting lipids
            DOPC : 1542         : 44.082  : 44.1       : 44.12      : 1542           
            CHOL : 1049         : 29.989  : 30.0       : 30.014     : 1049           
            DPSM : 665          : 19.011  : 19.0       : 18.999     : 664            
            DOPG : 172          : 4.917   : 4.9        : 4.893      : 171            
            DPG1 : 70           : 2.001   : 2.0        : 1.974      : 69             

    Membrane-wide lipid data
            Name : Total lipids : Total %
            DOPC : 3084         : 44.082 
            CHOL : 2098         : 29.989 
            DPSM : 1330         : 19.011 
            DOPG : 344          : 4.917  
            DPG1 : 140          : 2.001  

Starting membrane nr 2
    Starting upper leaflet
        Lipid optimization 'lipid_optim' setting: force_fill
            Forcefully filling leaflet until all grid points have a lipid

            Maximum number of lipids allowed in subleaflet: 669
            
        Maximum number of lipids allowed in leaflet: 669
        Final deviations from expected ratios: Difference in %-values
            Maximum: 0.093
            Average: 0.0554
            Minimum: 0.022
        Leaflet specific lipid data (Combined subleafs)
            Name : Final lipids : Final % : Expected % : Starting % : Starting lipids
            DPSM : 354          : 52.915  : 53.0       : 53.073     : 354            
            CHOL : 234          : 34.978  : 35.0       : 35.082     : 234            
            DOPC : 60           : 8.969   : 9.0        : 8.996      : 60             
            DPG1 : 14           : 2.093   : 2.0        : 1.949      : 13             
            DOPG : 7            : 1.046   : 1.0        : 0.9        : 6              

    Starting lower leaflet
        Lipid optimization 'lipid_optim' setting: force_fill
            Forcefully filling leaflet until all grid points have a lipid

            Maximum number of lipids allowed in subleaflet: 669
            
        Maximum number of lipids allowed in leaflet: 669
        Final deviations from expected ratios: Difference in %-values
            Maximum: 0.093
            Average: 0.0554
            Minimum: 0.022
        Leaflet specific lipid data (Combined subleafs)
            Name : Final lipids : Final % : Expected % : Starting % : Starting lipids
            DPSM : 354          : 52.915  : 53.0       : 53.073     : 354            
            CHOL : 234          : 34.978  : 35.0       : 35.082     : 234            
            DOPC : 60           : 8.969   : 9.0        : 8.996      : 60             
            DPG1 : 14           : 2.093   : 2.0        : 1.949      : 13             
            DOPG : 7            : 1.046   : 1.0        : 0.9        : 6              

    Membrane-wide lipid data
            Name : Total lipids : Total %
            DPSM : 708          : 52.915 
            CHOL : 468          : 34.978 
            DOPC : 120          : 8.969  
            DPG1 : 28           : 2.093  
            DOPG : 14           : 1.046  


Lipid data for whole system
            Name : Total lipids : Total %
            DOPC : 120          : 8.969  
            DOPG : 14           : 1.046  
            DPSM : 708          : 52.915 
            CHOL : 468          : 34.978 
            DPG1 : 28           : 2.093  
---------------------- LIPID RATIO CALCULATIONS COMPLETE -----------------------
                            (Time spent: 0.005 [s])                              

----------------------------- CREATING LIPID GRID ------------------------------
Starting membrane nr 1
    Starting upper leaflet
            Total leaflet optimization time: 17.5532 [s]

    Starting lower leaflet
            Total leaflet optimization time: 17.6732 [s]

Starting membrane nr 2
    Starting upper leaflet
            Total leaflet optimization time: 7.9267 [s]

    Starting lower leaflet
            Total leaflet optimization time: 3.1977 [s]
------------------------------ LIPID GRID CREATED ------------------------------
                            (Time spent: 49.476 [s])                             

------------------------------- CREATING LIPIDS --------------------------------
Starting membrane nr 1
    Starting upper leaflet
    Starting lower leaflet
Starting membrane nr 2
    Starting upper leaflet
    Starting lower leaflet
--------------------------- LIPID CREATION COMPLETE ----------------------------
                            (Time spent: 1.3097 [s])                             

------------------------------- SOLVATING SYSTEM -------------------------------
Starting solvation nr 1
    Calculating box volume: (all values in [nm^3])
        Bead radius used for volume calculations 'bead_radius': 0.264 [nm]
        Solvent box volume: 50000.0
        Excluded volume:    6941.01
            Solute volume:  0.0
            Lipid volume:   6941.01
            Protein volume: 0.0
        Free volume:        43058.99
        Solvent volume:     43242.141

    Solvent box charge information:
        Solvent box charge before solvent insertion: -526.0
            Prior solvent beads:  0
            Lipid beads:          -526.0
            Protein beads:        0
        Solvent box charge after solvent insertion:  0.0
            New solvent beads: 526.0
                Solvent       (solv): 0
                Positive ions (pos):  4432.0
                Negative ions (neg):  -3906.0

    Calculating the number of available grid points
        Final number of 3D grid points available for molecule placement: 2096202
        Inserting 368516 solvent molecules into random grid points:
            Currently at solvent number: 1
            Currently at solvent number: 25000
            Currently at solvent number: 50000
            Currently at solvent number: 75000
            Currently at solvent number: 100000
            Currently at solvent number: 125000
            Currently at solvent number: 150000
            Currently at solvent number: 175000
            Currently at solvent number: 200000
            Currently at solvent number: 225000
            Currently at solvent number: 250000
            Currently at solvent number: 275000
            Currently at solvent number: 300000
            Currently at solvent number: 325000
            Currently at solvent number: 350000
            Currently at solvent number: 368516

Solvent data for whole system
        Name : Totals : Total % : Molarity(box) : Molarity(free) : Molarity(solvent) : Charge
        W    : 360178 : 97.737  : 11.962        : 13.89          : 13.831            : 0     
        NA   : 4432   : 1.203   : 0.147         : 0.171          : 0.17              : 1.0   
        CL   : 3906   : 1.06    : 0.13          : 0.151          : 0.15              : -1.0  
------------------------------ SOLVATION COMPLETE ------------------------------
                            (Time spent: 6.681 [s])                              

                          +--------------------------+                          
--------------------------+ FINAL SYSTEM CHARGE: 0.0 +--------------------------
                          +--------------------------+                          

-------------------------------- WRITING FILES ---------------------------------
Writing structure files (PDB/GRO)
    PDB file written: output_systems/Paper_Subfigure_Main_i_LoLdPhaseSeparation/output_Paper_Subfigure_Main_i_LoLdPhaseSeparation.pdb
    GRO file written: output_systems/Paper_Subfigure_Main_i_LoLdPhaseSeparation/output_Paper_Subfigure_Main_i_LoLdPhaseSeparation.gro
    CIF file written: output_systems/Paper_Subfigure_Main_i_LoLdPhaseSeparation/output_Paper_Subfigure_Main_i_LoLdPhaseSeparation.cif

Writing topology file (TOP)
    TOP file written: output_systems/Paper_Subfigure_Main_i_LoLdPhaseSeparation/topol_Paper_Subfigure_Main_i_LoLdPhaseSeparation.top 

Writing log file (LOG)
