The following COBY arguments will be processed:
COBY(
    box = [
        13.86879,
        12.44112,
        20,
    ],
    membrane = "cz:2 gridsplits:False optimize_push_tolerance:0.1 optimize_run:True leaflet:lower lipid:name:POPE:ratio:90:params:IngolfssonMembranes lipid:name:POPG:ratio:5:params:IngolfssonMembranes lipid:name:CDL0:ratio:5:params:MOLBUILDER apl:0.644 leaflet:upper lipid:name:RAMP:params:IMPORTED solvate_hydrophobic_volume:True apl:1.660",
    molecule_builder = [
        "moltype:m2_cardiolipin tail11:CCDCC tail21:CCDCC tail12:CCDCC tail22:CCDCC name:CDL0 params:MOLBUILDER",
    ],
    protein = [
        "file:example_proteins/M2_BacterialMembrane/Proteins/BLP_RCSB1eq7_martini22.pdb moleculetypes:BLP_RCSB1eq7_0_martini22:BLP_RCSB1eq7_1_martini22:BLP_RCSB1eq7_2_martini22 cx:2.9343950000000003 cy:2.22056 cz:-4.5 rx:-30 ry:30",
        "file:example_proteins/M2_BacterialMembrane/Proteins/BLP_RCSB1eq7_martini22.pdb moleculetypes:BLP_RCSB1eq7_0_martini22:BLP_RCSB1eq7_1_martini22:BLP_RCSB1eq7_2_martini22 cx:2.9343950000000003 cy:-2.22056 cz:-4.5 ry:30",
        "file:example_proteins/M2_BacterialMembrane/Proteins/BLP_RCSB1eq7_martini22.pdb moleculetypes:BLP_RCSB1eq7_0_martini22:BLP_RCSB1eq7_1_martini22:BLP_RCSB1eq7_2_martini22 cx:-2.9343950000000003 cy:-2.22056 cz:-4.5 rx:30 ry:-30",
        "file:example_proteins/M2_BacterialMembrane/Proteins/BLP_RCSB1eq7_martini22.pdb moleculetypes:BLP_RCSB1eq7_0_martini22:BLP_RCSB1eq7_1_martini22:BLP_RCSB1eq7_2_martini22 cx:-3.9343950000000003 cy:3.22056 cz:-4.5",
        "file:example_proteins/M2_BacterialMembrane/Proteins/LolB_RCSB1wlm_martini22.pdb moleculetypes:LolB_RCSB1wlm_0_martini22 cx:-1.73359875 cy:1.2441119999999999 cz:-4.5 rotate:ry:45:rx:100 rotate:rz:-15",
        "file:example_proteins/M2_BacterialMembrane/Proteins/Pal_RCSB2w8b_martini22.pdb moleculetypes:Pal_RCSB2w8b_0_martini22 cx:0 cy:-3.11028 cz:-2 rotate:rz:-45",
        "file:example_proteins/M2_BacterialMembrane/Proteins/OmpA_ZENODO1636577_martini22.pdb moleculetypes:OmpA_ZENODO1636577_0_martini22 cx:0 cy:0 cz:1.5 rotate:rz:90",
    ],
    solvation = [
        "solvent:name:SPER:params:IMPORTED solv_molarity:0.020 center:0:0:-5.0 zlength:10",
        "solvent:name:PUT:params:IMPORTED  solv_molarity:0.030 center:0:0:-5.0 zlength:10",
        "solvent:name:GLYL:params:IMPORTED solv_molarity:0.035 center:0:0:-5.0 zlength:10",
        "solvent:name:UREA:params:IMPORTED solv_molarity:0.030 center:0:0:-5.0 zlength:10",
        "params:IMPORTED solv:MG solv_per_lipid:10 solv_per_lipid_cutoff:0 kick:0 gridres:0.05 buffer:0.001 protein_extra_buffer:1 solvate_hydrophobic_volume:True center:0:0:5.5 zlength:1",
        "params:M2 solv:W:99 solv:WF:1 pos:NA neg:CL salt_molarity:0.2",
    ],
    molecule_import = [
        "file:example_lipids/M2_RAMP_RaLPS.pdb moleculetype:RAMP params:IMPORTED scale:x:0.5 scale:y:0.5",
        "file:example_solutes/M2_BacterialMembrane/GLYL.gro moleculetype:GLYL params:IMPORTED",
        "file:example_solutes/M2_BacterialMembrane/PUT.gro moleculetype:PUT params:IMPORTED",
        "file:example_solutes/M2_BacterialMembrane/SPER.gro moleculetype:SPER params:IMPORTED",
        "file:example_solutes/M2_BacterialMembrane/UREA.gro moleculetype:UREA params:IMPORTED",
        "file:example_solutes/M2_BacterialMembrane/MG_ion.gro moleculetype:MG params:IMPORTED",
    ],
    import_library = [
        "example_molecule_definitions/NeuronalPlasmaMembraneAverage_lipid_scaffolds.py",
        "example_molecule_definitions/fragment_defs_cardiolipins_m2.py",
    ],
    itp_input = [
        "include:toppar/M2_BacterialMembrane/Other/martiniforcefield.itp",
        "include:toppar/M2_BacterialMembrane/Other/martini_v2.2_solvents.itp",
        "include:toppar/M2_BacterialMembrane/Other/martini_v2.0_ions.itp",
        "include:toppar/M2_BacterialMembrane/Other/martini_v2.0_MG.itp",
        "include:toppar/M2_BacterialMembrane/Lipids/martini_v2.0_POPE_02.itp",
        "include:toppar/M2_BacterialMembrane/Lipids/martini_v2.0_POPG_02.itp",
        "include:toppar/M2_BacterialMembrane/Lipids/martini_v2.0_CDL0_01.itp",
        "include:toppar/M2_BacterialMembrane/Lipids/martini_v2.0_RAMP.itp",
        "include:toppar/M2_BacterialMembrane/Proteins/BLP_RCSB1eq7_0_martini22.itp",
        "include:toppar/M2_BacterialMembrane/Proteins/BLP_RCSB1eq7_1_martini22.itp",
        "include:toppar/M2_BacterialMembrane/Proteins/BLP_RCSB1eq7_2_martini22.itp",
        "include:toppar/M2_BacterialMembrane/Proteins/LolB_RCSB1wlm_0_martini22.itp",
        "include:toppar/M2_BacterialMembrane/Proteins/OmpA_ZENODO1636577_0_martini22.itp",
        "include:toppar/M2_BacterialMembrane/Proteins/Pal_RCSB2w8b_0_martini22.itp",
        "include:toppar/M2_BacterialMembrane/Osmolytes/GLYL.itp",
        "include:toppar/M2_BacterialMembrane/Osmolytes/PUT.itp",
        "include:toppar/M2_BacterialMembrane/Osmolytes/SPER.itp",
        "include:toppar/M2_BacterialMembrane/Osmolytes/UREA.itp",
    ],
    out_sys = "output_systems/Paper_Subfigure_Main_b_CrowdedSystem/output_Paper_Subfigure_Main_b_CrowdedSystem",
    out_top = "output_systems/Paper_Subfigure_Main_b_CrowdedSystem/topol_Paper_Subfigure_Main_b_CrowdedSystem.top",
    out_log = "output_systems/Paper_Subfigure_Main_b_CrowdedSystem/log_Paper_Subfigure_Main_b_CrowdedSystem.log",
    sn = "Paper_Subfigure_Main_b_CrowdedSystem",
)
Setting random seed to: 1749800698
-------------------------- PREPROCESSING DEFINITIONS ---------------------------
Loading topology file(s)
    Finished loading topologies. Number of moleculetypes found: 21 

Preprocessing lipid scaffolds
    Number of lipids preprocessed: 6208 

Building molecules from fragments
    Number of molecules built: 1 

Preprocessing lipid definitions
    Number of lipids preprocessed: 7 

Preprocessing ion definitions
    Number of positive ions preprocessed: 15
    Number of negative ions preprocessed: 18 

Preprocessing solvent definitions
    Number of solvents preprocessed: 85
---------------------- DEFINITIONS PREPROCESSING COMPLETE ----------------------
                            (Time spent: 0.5561 [s])                            

---------------------------- PREPROCESSING COMMANDS ----------------------------
Preprocessing protein requests
    Starting protein: 1
    Starting protein: 2
    Starting protein: 3
    Starting protein: 4
    Starting protein: 5
    Starting protein: 6
    Starting protein: 7
    Number of molecule insertions preprocessed: 7
Preprocessing membrane requests
    Starting membrane argument: 1
    Number of membranes preprocessed: 1
Preprocessing solvation requests
    Starting solvation argument: 1
    Starting solvation argument: 2
    Starting solvation argument: 3
    Starting solvation argument: 4
    Starting solvation argument: 5
    Starting solvation argument: 6
    Number of solvent commands preprocessed: 6
------------------------ COMMAND PREPROCESSING COMPLETE ------------------------
                            (Time spent: 0.1298 [s])                            

------------------------------ PROTEIN PLACEMENT -------------------------------
Starting protein nr 1
    Total charge of protein is: 0.0
    Centering protein using 'cog' at x/y/z: 17.182 9.919 113.705 (Input file coordinate system [Å])
    New protein center at x/y/z: 29.344 22.206 -45.0 (Internal coordinate system [Å])
    Finished placing protein nr 1

Starting protein nr 2
    Total charge of protein is: 0.0
    Centering protein using 'cog' at x/y/z: 17.182 9.919 113.705 (Input file coordinate system [Å])
    New protein center at x/y/z: 29.344 -22.206 -45.0 (Internal coordinate system [Å])
    Finished placing protein nr 2

Starting protein nr 3
    Total charge of protein is: 0.0
    Centering protein using 'cog' at x/y/z: 17.182 9.919 113.705 (Input file coordinate system [Å])
    New protein center at x/y/z: -29.344 -22.206 -45.0 (Internal coordinate system [Å])
    Finished placing protein nr 3

Starting protein nr 4
    Total charge of protein is: 0.0
    Centering protein using 'cog' at x/y/z: 17.182 9.919 113.705 (Input file coordinate system [Å])
    New protein center at x/y/z: -39.344 32.206 -45.0 (Internal coordinate system [Å])
    Finished placing protein nr 4

Starting protein nr 5
    Total charge of protein is: 6.0
    Centering protein using 'cog' at x/y/z: -11.587 5.785 -3.831 (Input file coordinate system [Å])
    New protein center at x/y/z: -17.336 12.441 -45.0 (Internal coordinate system [Å])
    Finished placing protein nr 5

Starting protein nr 6
    Total charge of protein is: -1.0
    Centering protein using 'cog' at x/y/z: -23.234 -4.873 -12.564 (Input file coordinate system [Å])
    New protein center at x/y/z: 0 -31.103 -20 (Internal coordinate system [Å])
    Finished placing protein nr 6

Starting protein nr 7
    Total charge of protein is: -5.0
    Centering protein using 'cog' at x/y/z: 67.095 49.838 197.37 (Input file coordinate system [Å])
    New protein center at x/y/z: 0 0 15.0 (Internal coordinate system [Å])
    Finished placing protein nr 7
-------------------------- PROTEIN PLACEMENT COMPLETE --------------------------
                            (Time spent: 0.047 [s])                              

----------------------- CREATING LEAFLET BOUNDARY BOXES ------------------------
Starting membrane nr 1
    Starting upper leaflet
        Base parameters: x=13.86879nm y=12.44112nm APL=1.66nm^2
    Starting lower leaflet
        Base parameters: x=13.86879nm y=12.44112nm APL=0.644nm^2
------------------------ LEAFLET BOUNDARY BOXES CREATED ------------------------
                            (Time spent: 0.0008 [s])                             

------------------------ CREATING HOLED BOUNDARY BOXES -------------------------
Starting membrane nr 1
    Finding protein beads inside leaflets
        Starting upper leaflet
            310 protein beads found within leaflet

        Starting lower leaflet
            140 protein beads found within leaflet

    Calculating holed boundary box
        Starting upper leaflet
        Starting lower leaflet
------------------------- HOLED BOUNDARY BOXES CREATED -------------------------
                            (Time spent: 0.2645 [s])                             

--------------------------- CALCULATING LIPID RATIOS ---------------------------
Starting membrane nr 1
    Starting upper leaflet
        Lipid optimization 'lipid_optim' setting: force_fill
            Forcefully filling leaflet until all grid points have a lipid

            Maximum number of lipids allowed in subleaflet: 99
            
        Maximum number of lipids allowed in leaflet: 99
        Final deviations from expected ratios: Difference in %-values
            Maximum: 0.0
            Average: 0.0
            Minimum: 0.0
        Leaflet specific lipid data (Combined subleafs)
            Name : Final lipids : Final % : Expected % : Starting % : Starting lipids
            RAMP : 99           : 100.0   : 100.0      : 100.0      : 99             

    Starting lower leaflet
        Lipid optimization 'lipid_optim' setting: force_fill
            Forcefully filling leaflet until all grid points have a lipid

            Maximum number of lipids allowed in subleaflet: 253
            
        Maximum number of lipids allowed in leaflet: 253
        Final deviations from expected ratios: Difference in %-values
            Maximum: 0.277
            Average: 0.18433
            Minimum: 0.138
        Leaflet specific lipid data (Combined subleafs)
            Name : Final lipids : Final % : Expected % : Starting % : Starting lipids
            POPE : 227          : 89.723  : 90.0       : 90.438     : 227            
            POPG : 13           : 5.138   : 5.0        : 4.781      : 12             
            CDL0 : 13           : 5.138   : 5.0        : 4.781      : 12             

    Membrane-wide lipid data
            Name : Total lipids : Total %
            POPE : 227          : 64.489 
            RAMP : 99           : 28.125 
            POPG : 13           : 3.693  
            CDL0 : 13           : 3.693  
---------------------- LIPID RATIO CALCULATIONS COMPLETE -----------------------
                            (Time spent: 0.002 [s])                              

----------------------------- CREATING LIPID GRID ------------------------------
Starting membrane nr 1
    Starting upper leaflet
WARNING: Chosen apl (1.66 [nm^2]) and buffer (0.099 [nm]) cause lipids to be very closely packed. Optimization may be slow and some lipid overlaps may not be avoidable. Consider increasing the apl using the subargument 'apl' or decreasing the plane buffer using the subargument 'plane_buffer'
            Total leaflet optimization time: 1.2317 [s]

    Starting lower leaflet
            Total leaflet optimization time: 19.9111 [s]
------------------------------ LIPID GRID CREATED ------------------------------
                           (Time spent: 21.2006 [s])                             

------------------------------- CREATING LIPIDS --------------------------------
Starting membrane nr 1
    Starting upper leaflet
    Starting lower leaflet
--------------------------- LIPID CREATION COMPLETE ----------------------------
                            (Time spent: 0.1759 [s])                             

------------------------------- SOLVATING SYSTEM -------------------------------
Starting solvation nr 1
    Calculating box volume: (all values in [nm^3])
        Bead radius used for volume calculations 'bead_radius': 0.264 [nm]
        Solvent box volume: 1725.433
        Excluded volume:    340.122
            Solute volume:  0.0
            Lipid volume:   2.698
            Protein volume: 168.712
        Free volume:        1385.311
        Solvent volume:     0

    Solvent box charge information:
        Solvent box charge before solvent insertion: 6.0
            Prior solvent beads:  0
            Lipid beads:          0.0
            Protein beads:        6.0
        Solvent box charge after solvent insertion:  6.0
            New solvent beads: 0
                Solvent       (solv): 0
WARNING: Requested solvent is too large for the grid resolution. Adjusting grid resolution to prevent molecule overlaps.
WARNING: Original grid resolution was: 0.264 [nm]
WARNING: New grid resolution is:       0.7643 [nm]
WARNING: Calculation: (largest molecule size + 2 * particle kick value) * 1.2 


    Calculating the number of available grid points
        Final number of 3D grid points available for molecule placement: 2242
        Inserting 17 solvent molecules into random grid points:
            Currently at solvent number: 1
            Currently at solvent number: 17

    Solvent data for the the specific solvation command
        Name : Totals : Total % : Molarity(box) : Molarity(free) : Molarity(solvent) : Charge
        SPER : 17     : 100.0   : 0.016         : 0.02           : NaN               : 0     

Starting solvation nr 2
    Calculating box volume: (all values in [nm^3])
        Bead radius used for volume calculations 'bead_radius': 0.264 [nm]
        Solvent box volume: 1725.433
        Excluded volume:    340.122
            Solute volume:  3.931
            Lipid volume:   2.698
            Protein volume: 168.712
        Free volume:        1385.311
        Solvent volume:     0

    Solvent box charge information:
        Solvent box charge before solvent insertion: 6.0
            Prior solvent beads:  0
            Lipid beads:          0.0
            Protein beads:        6.0
        Solvent box charge after solvent insertion:  6.0
            New solvent beads: 0
                Solvent       (solv): 0
WARNING: Requested solvent is too large for the grid resolution. Adjusting grid resolution to prevent molecule overlaps.
WARNING: Original grid resolution was: 0.264 [nm]
WARNING: New grid resolution is:       0.5369 [nm]
WARNING: Calculation: (largest molecule size + 2 * particle kick value) * 1.2 


    Calculating the number of available grid points
        Final number of 3D grid points available for molecule placement: 6649
        Inserting 25 solvent molecules into random grid points:
            Currently at solvent number: 1
            Currently at solvent number: 25

    Solvent data for the the specific solvation command
        Name : Totals : Total % : Molarity(box) : Molarity(free) : Molarity(solvent) : Charge
        PUT  : 25     : 100.0   : 0.024         : 0.03           : NaN               : 0     

Starting solvation nr 3
    Calculating box volume: (all values in [nm^3])
        Bead radius used for volume calculations 'bead_radius': 0.264 [nm]
        Solvent box volume: 1725.433
        Excluded volume:    340.122
            Solute volume:  7.784
            Lipid volume:   2.698
            Protein volume: 168.712
        Free volume:        1385.311
        Solvent volume:     0

    Solvent box charge information:
        Solvent box charge before solvent insertion: 6.0
            Prior solvent beads:  0
            Lipid beads:          0.0
            Protein beads:        6.0
        Solvent box charge after solvent insertion:  6.0
            New solvent beads: 0
                Solvent       (solv): 0

    Calculating the number of available grid points
        Final number of 3D grid points available for molecule placement: 65859
        Inserting 29 solvent molecules into random grid points:
            Currently at solvent number: 1
            Currently at solvent number: 29

    Solvent data for the the specific solvation command
        Name : Totals : Total % : Molarity(box) : Molarity(free) : Molarity(solvent) : Charge
        GLYL : 29     : 100.0   : 0.028         : 0.035          : NaN               : 0     

Starting solvation nr 4
    Calculating box volume: (all values in [nm^3])
        Bead radius used for volume calculations 'bead_radius': 0.264 [nm]
        Solvent box volume: 1725.433
        Excluded volume:    340.122
            Solute volume:  10.019
            Lipid volume:   2.698
            Protein volume: 168.712
        Free volume:        1385.311
        Solvent volume:     0

    Solvent box charge information:
        Solvent box charge before solvent insertion: 6.0
            Prior solvent beads:  0
            Lipid beads:          0.0
            Protein beads:        6.0
        Solvent box charge after solvent insertion:  6.0
            New solvent beads: 0
                Solvent       (solv): 0

    Calculating the number of available grid points
        Final number of 3D grid points available for molecule placement: 65176
        Inserting 25 solvent molecules into random grid points:
            Currently at solvent number: 1
            Currently at solvent number: 25

    Solvent data for the the specific solvation command
        Name : Totals : Total % : Molarity(box) : Molarity(free) : Molarity(solvent) : Charge
        UREA : 25     : 100.0   : 0.024         : 0.03           : NaN               : 0     

Starting solvation nr 5
    Calculating box volume: (all values in [nm^3])
        Bead radius used for volume calculations 'bead_radius': 0.264 [nm]
        Solvent box volume: 172.543
        Excluded volume:    98.345
            Solute volume:  0.0
            Lipid volume:   88.479
            Protein volume: 4.933
        Free volume:        74.199
        Solvent volume:     0

    Solvent box charge information:
        Solvent box charge before solvent insertion: -397.0
            Prior solvent beads:  0
            Lipid beads:          -396.0
            Protein beads:        -1.0
        Solvent box charge after solvent insertion:  593.0
            New solvent beads: 990.0
                Solvent       (solv): 990.0

    Calculating the number of available grid points
        Final number of 3D grid points available for molecule placement: 1193981
        Inserting 990 solvent molecules into random grid points:
            Currently at solvent number: 1
            Currently at solvent number: 990

    Solvent data for the the specific solvation command
        Name : Totals : Total % : Molarity(box) : Molarity(free) : Molarity(solvent) : Charge
        MG   : 990    : 100.0   : 9.528         : 22.156         : NaN               : 1.0   

Starting solvation nr 6
    Calculating box volume: (all values in [nm^3])
        Bead radius used for volume calculations 'bead_radius': 0.264 [nm]
        Solvent box volume: 3450.866
        Excluded volume:    1190.156
            Solute volume:  88.248
            Lipid volume:   790.766
            Protein volume: 199.695
        Free volume:        2260.709
        Solvent volume:     2270.291

    Solvent box charge information:
        Solvent box charge before solvent insertion: -13.0
            Prior solvent beads:  990.0
            Lipid beads:          -1003.0
            Protein beads:        0.0
        Solvent box charge after solvent insertion:  0.0
            New solvent beads: 13.0
                Solvent       (solv): 0
                Positive ions (pos):  286.0
                Negative ions (neg):  -273.0

    Calculating the number of available grid points
        Final number of 3D grid points available for molecule placement: 84995
        Inserting 19469 solvent molecules into random grid points:
            Currently at solvent number: 1
            Currently at solvent number: 19469

    Solvent data for the the specific solvation command
        Name : Totals : Total % : Molarity(box) : Molarity(free) : Molarity(solvent) : Charge
        W    : 18721  : 96.158  : 9.008         : 13.751         : 13.693            : 0     
        WF   : 189    : 0.971   : 0.091         : 0.139          : 0.138             : 0     
        NA   : 286    : 1.469   : 0.138         : 0.21           : 0.209             : 1.0   
        CL   : 273    : 1.402   : 0.131         : 0.201          : 0.2               : -1.0  

Solvent data for whole system
        Name : Totals : Total % : Molarity(box) : Molarity(free) : Molarity(solvent) : Charge
        SPER : 17     : 0.083   : 0.008         : 0.011          : 0.012             : 0     
        PUT  : 25     : 0.122   : 0.012         : 0.017          : 0.018             : 0     
        GLYL : 29     : 0.141   : 0.014         : 0.02           : 0.021             : 0     
        UREA : 25     : 0.122   : 0.012         : 0.017          : 0.018             : 0     
        MG   : 990    : 4.816   : 0.476         : 0.668          : 0.724             : 1.0   
        W    : 18721  : 91.078  : 9.008         : 12.635         : 13.693            : 0     
        WF   : 189    : 0.919   : 0.091         : 0.128          : 0.138             : 0     
        NA   : 286    : 1.391   : 0.138         : 0.193          : 0.209             : 1.0   
        CL   : 273    : 1.328   : 0.131         : 0.184          : 0.2               : -1.0  
------------------------------ SOLVATION COMPLETE ------------------------------
                            (Time spent: 0.667 [s])                              

                          +--------------------------+                          
--------------------------+ FINAL SYSTEM CHARGE: 0.0 +--------------------------
                          +--------------------------+                          

-------------------------------- WRITING FILES ---------------------------------
Writing structure files (PDB/GRO)
    PDB file written: output_systems/Paper_Subfigure_Main_b_CrowdedSystem/output_Paper_Subfigure_Main_b_CrowdedSystem.pdb
    GRO file written: output_systems/Paper_Subfigure_Main_b_CrowdedSystem/output_Paper_Subfigure_Main_b_CrowdedSystem.gro
    CIF file written: output_systems/Paper_Subfigure_Main_b_CrowdedSystem/output_Paper_Subfigure_Main_b_CrowdedSystem.cif

Writing topology file (TOP)
    TOP file written: output_systems/Paper_Subfigure_Main_b_CrowdedSystem/topol_Paper_Subfigure_Main_b_CrowdedSystem.top 

Writing log file (LOG)
