The following COBY arguments will be processed:
COBY(
    pdb_unitcell = [
        15,
        15,
        15,
        60,
        60,
        90,
    ],
    protein = "file:example_proteins/8BB6_martinized.pdb moleculetypes:8BB6_CG",
    solvation = "default",
    itp_input = [
        "file:toppar/top_for_COBY.itp",
        "include:toppar/SugarTransporter/8BB6_martinized.itp",
    ],
    out_sys = "output_systems/CustomUnitCell/output_CustomUnitCell",
    out_top = "output_systems/CustomUnitCell/topol_CustomUnitCell.top",
    out_log = "output_systems/CustomUnitCell/log_CustomUnitCell.log",
    sn = "CustomUnitCell",
)
Setting random seed to: 1749800585
-------------------------- PREPROCESSING DEFINITIONS ---------------------------
Loading topology file(s)
    Finished loading topologies. Number of moleculetypes found: 195 

Preprocessing lipid scaffolds
    Number of lipids preprocessed: 6109 

Preprocessing lipid definitions
    Number of lipids preprocessed: 0 

Preprocessing ion definitions
    Number of positive ions preprocessed: 8
    Number of negative ions preprocessed: 11 

Preprocessing solvent definitions
    Number of solvents preprocessed: 64
---------------------- DEFINITIONS PREPROCESSING COMPLETE ----------------------
                            (Time spent: 1.6476 [s])                            

---------------------------- PREPROCESSING COMMANDS ----------------------------
Preprocessing protein requests
    Starting protein: 1
    Number of molecule insertions preprocessed: 1
Preprocessing solvation requests
    Starting solvation argument: 1
    Number of solvent commands preprocessed: 1
------------------------ COMMAND PREPROCESSING COMPLETE ------------------------
                            (Time spent: 0.0091 [s])                            

------------------------------ PROTEIN PLACEMENT -------------------------------
Starting protein nr 1
    Total charge of protein is: 16.0
    Centering protein using 'cog' at x/y/z: 43.358 42.68 56.995 (Input file coordinate system [Å])
    New protein center at x/y/z: 0 0 0 (Internal coordinate system [Å])
    Finished placing protein nr 1
-------------------------- PROTEIN PLACEMENT COMPLETE --------------------------
                            (Time spent: 0.0042 [s])                             

------------------------------- SOLVATING SYSTEM -------------------------------
Starting solvation nr 1
    Calculating box volume: (all values in [nm^3])
        Bead radius used for volume calculations 'bead_radius': 0.264 [nm]
        Solvent box volume: 2386.485
        Excluded volume:    168.327
            Solute volume:  0.0
            Lipid volume:   0.0
            Protein volume: 84.163
        Free volume:        2218.159
        Solvent volume:     2227.55

    Solvent box charge information:
        Solvent box charge before solvent insertion: 16.0
            Prior solvent beads:  0
            Lipid beads:          0
            Protein beads:        16.0
        Solvent box charge after solvent insertion:  0.0
            New solvent beads: -16.0
                Solvent       (solv): 0
                Positive ions (pos):  201.0
                Negative ions (neg):  -217.0

    Calculating the number of available grid points
        Final number of 3D grid points available for molecule placement: 117689
        Inserting 18972 solvent molecules into random grid points:
            Currently at solvent number: 1
            Currently at solvent number: 18972

Solvent data for whole system
        Name : Totals : Total % : Molarity(box) : Molarity(free) : Molarity(solvent) : Charge
        W    : 18554  : 97.797  : 12.91         : 13.382         : 13.831            : 0     
        NA   : 201    : 1.059   : 0.14          : 0.145          : 0.15              : 1.0   
        CL   : 217    : 1.144   : 0.151         : 0.157          : 0.162             : -1.0  
------------------------------ SOLVATION COMPLETE ------------------------------
                            (Time spent: 0.154 [s])                              

                          +--------------------------+                          
--------------------------+ FINAL SYSTEM CHARGE: 0.0 +--------------------------
                          +--------------------------+                          

-------------------------------- WRITING FILES ---------------------------------
Writing structure files (PDB/GRO)
    PDB file written: output_systems/CustomUnitCell/output_CustomUnitCell.pdb
    GRO file written: output_systems/CustomUnitCell/output_CustomUnitCell.gro
    CIF file written: output_systems/CustomUnitCell/output_CustomUnitCell.cif

Writing topology file (TOP)
    TOP file written: output_systems/CustomUnitCell/topol_CustomUnitCell.top 

Writing log file (LOG)
