The following COBY arguments will be processed:
COBY(
    box = [
        10,
        10,
        11,
    ],
    membrane = "lipid:POPC:params:IMPORTED",
    solvation = "default",
    molecule_import = "file:example_lipids/POPC_rotated.pdb moleculetype:POPC params:IMPORTED upbead:bead:0:res:0 downbead:bead:7:res:0 downbead:bead:11:res:0",
    itp_input = "file:toppar/top_for_COBY.itp",
    out_sys = "output_systems/LipidImport/output_LipidImport",
    out_top = "output_systems/LipidImport/topol_LipidImport.top",
    out_log = "output_systems/LipidImport/log_LipidImport.log",
    sn = "LipidImport",
)
Setting random seed to: 1749800584
-------------------------- PREPROCESSING DEFINITIONS ---------------------------
Loading topology file(s)
    Finished loading topologies. Number of moleculetypes found: 194 

Preprocessing lipid scaffolds
    Number of lipids preprocessed: 6109 

Preprocessing lipid definitions
    Number of lipids preprocessed: 1 

Preprocessing ion definitions
    Number of positive ions preprocessed: 9
    Number of negative ions preprocessed: 12 

Preprocessing solvent definitions
    Number of solvents preprocessed: 67
---------------------- DEFINITIONS PREPROCESSING COMPLETE ----------------------
                            (Time spent: 0.6548 [s])                            

---------------------------- PREPROCESSING COMMANDS ----------------------------
Preprocessing membrane requests
    Starting membrane argument: 1
    Number of membranes preprocessed: 1
Preprocessing solvation requests
    Starting solvation argument: 1
    Number of solvent commands preprocessed: 1
------------------------ COMMAND PREPROCESSING COMPLETE ------------------------
                            (Time spent: 0.0012 [s])                            

----------------------- CREATING LEAFLET BOUNDARY BOXES ------------------------
Starting membrane nr 1
    Starting upper leaflet
        Base parameters: x=10.0nm y=10.0nm APL=0.6nm^2
    Starting lower leaflet
        Base parameters: x=10.0nm y=10.0nm APL=0.6nm^2
------------------------ LEAFLET BOUNDARY BOXES CREATED ------------------------
                            (Time spent: 0.0011 [s])                             

------------------------ CREATING HOLED BOUNDARY BOXES -------------------------
Starting membrane nr 1
    Calculating holed boundary box
        Starting upper leaflet
        Starting lower leaflet
------------------------- HOLED BOUNDARY BOXES CREATED -------------------------
                            (Time spent: 0.0005 [s])                             

--------------------------- CALCULATING LIPID RATIOS ---------------------------
Starting membrane nr 1
    Starting upper leaflet
        Lipid optimization 'lipid_optim' setting: force_fill
            Forcefully filling leaflet until all grid points have a lipid

            Maximum number of lipids allowed in subleaflet: 167
            
        Maximum number of lipids allowed in leaflet: 167
        Final deviations from expected ratios: Difference in %-values
            Maximum: 0.0
            Average: 0.0
            Minimum: 0.0
        Leaflet specific lipid data (Combined subleafs)
            Name : Final lipids : Final % : Expected % : Starting % : Starting lipids
            POPC : 167          : 100.0   : 100.0      : 100.0      : 167            

    Starting lower leaflet
        Lipid optimization 'lipid_optim' setting: force_fill
            Forcefully filling leaflet until all grid points have a lipid

            Maximum number of lipids allowed in subleaflet: 167
            
        Maximum number of lipids allowed in leaflet: 167
        Final deviations from expected ratios: Difference in %-values
            Maximum: 0.0
            Average: 0.0
            Minimum: 0.0
        Leaflet specific lipid data (Combined subleafs)
            Name : Final lipids : Final % : Expected % : Starting % : Starting lipids
            POPC : 167          : 100.0   : 100.0      : 100.0      : 167            

    Membrane-wide lipid data
            Name : Total lipids : Total %
            POPC : 334          : 100.0  
---------------------- LIPID RATIO CALCULATIONS COMPLETE -----------------------
                            (Time spent: 0.001 [s])                              

----------------------------- CREATING LIPID GRID ------------------------------
Starting membrane nr 1
    Starting upper leaflet
            Total leaflet optimization time: 0.0 [s]

    Starting lower leaflet
            Total leaflet optimization time: 0.0 [s]
------------------------------ LIPID GRID CREATED ------------------------------
                            (Time spent: 0.0288 [s])                             

------------------------------- CREATING LIPIDS --------------------------------
Starting membrane nr 1
    Starting upper leaflet
    Starting lower leaflet
--------------------------- LIPID CREATION COMPLETE ----------------------------
                             (Time spent: 0.07 [s])                              

------------------------------- SOLVATING SYSTEM -------------------------------
Starting solvation nr 1
    Calculating box volume: (all values in [nm^3])
        Bead radius used for volume calculations 'bead_radius': 0.264 [nm]
        Solvent box volume: 1100.0
        Excluded volume:    308.907
            Solute volume:  0.0
            Lipid volume:   308.907
            Protein volume: 0.0
        Free volume:        791.093
        Solvent volume:     794.422

    Solvent box charge information:
        Solvent box charge before solvent insertion: 0.0
            Prior solvent beads:  0
            Lipid beads:          0.0
            Protein beads:        0
        Solvent box charge after solvent insertion:  0.0
            New solvent beads: 0.0
                Solvent       (solv): 0
                Positive ions (pos):  72.0
                Negative ions (neg):  -72.0

    Calculating the number of available grid points
        Final number of 3D grid points available for molecule placement: 32856
        Inserting 6761 solvent molecules into random grid points:
            Currently at solvent number: 1
            Currently at solvent number: 6761

Solvent data for whole system
        Name : Totals : Total % : Molarity(box) : Molarity(free) : Molarity(solvent) : Charge
        W    : 6617   : 97.87   : 9.989         : 13.889         : 13.831            : 0     
        NA   : 72     : 1.065   : 0.109         : 0.151          : 0.15              : 1.0   
        CL   : 72     : 1.065   : 0.109         : 0.151          : 0.15              : -1.0  
------------------------------ SOLVATION COMPLETE ------------------------------
                            (Time spent: 0.065 [s])                              

                          +--------------------------+                          
--------------------------+ FINAL SYSTEM CHARGE: 0.0 +--------------------------
                          +--------------------------+                          

-------------------------------- WRITING FILES ---------------------------------
Writing structure files (PDB/GRO)
    PDB file written: output_systems/LipidImport/output_LipidImport.pdb
    GRO file written: output_systems/LipidImport/output_LipidImport.gro
    CIF file written: output_systems/LipidImport/output_LipidImport.cif

Writing topology file (TOP)
    TOP file written: output_systems/LipidImport/topol_LipidImport.top 

Writing log file (LOG)
