The following COBY arguments will be processed:
COBY(
    box = [
        15,
        15,
        10,
    ],
    membrane = "lipid:POPC:7.15 lipid:POPE:3.3 lipid:DLPC:3.1 lipid:DLPE:4.4 lipid:CHOL:1.85 apl:0.6 lipid_optim:force_fill",
    solvation = "default",
    itp_input = "file:toppar/top_for_COBY.itp",
    out_sys = "output_systems/Membranes6_LipidOptimization/output_Membranes6_LipidOptimization",
    out_top = "output_systems/Membranes6_LipidOptimization/topol_Membranes6_LipidOptimization.top",
    out_log = "output_systems/Membranes6_LipidOptimization/log_Membranes6_LipidOptimization.log",
    sn = "Membranes6_LipidOptimization",
)
Setting random seed to: 1749800512
-------------------------- PREPROCESSING DEFINITIONS ---------------------------
Loading topology file(s)
    Finished loading topologies. Number of moleculetypes found: 194 

Preprocessing lipid scaffolds
    Number of lipids preprocessed: 6109 

Preprocessing lipid definitions
    Number of lipids preprocessed: 0 

Preprocessing ion definitions
    Number of positive ions preprocessed: 8
    Number of negative ions preprocessed: 11 

Preprocessing solvent definitions
    Number of solvents preprocessed: 64
---------------------- DEFINITIONS PREPROCESSING COMPLETE ----------------------
                            (Time spent: 0.7171 [s])                            

---------------------------- PREPROCESSING COMMANDS ----------------------------
Preprocessing membrane requests
    Starting membrane argument: 1
    Number of membranes preprocessed: 1
Preprocessing solvation requests
    Starting solvation argument: 1
    Number of solvent commands preprocessed: 1
------------------------ COMMAND PREPROCESSING COMPLETE ------------------------
                            (Time spent: 0.0028 [s])                            

----------------------- CREATING LEAFLET BOUNDARY BOXES ------------------------
Starting membrane nr 1
    Starting upper leaflet
        Base parameters: x=15.0nm y=15.0nm APL=0.6nm^2
    Starting lower leaflet
        Base parameters: x=15.0nm y=15.0nm APL=0.6nm^2
------------------------ LEAFLET BOUNDARY BOXES CREATED ------------------------
                            (Time spent: 0.0008 [s])                             

------------------------ CREATING HOLED BOUNDARY BOXES -------------------------
Starting membrane nr 1
    Calculating holed boundary box
        Starting upper leaflet
        Starting lower leaflet
------------------------- HOLED BOUNDARY BOXES CREATED -------------------------
                            (Time spent: 0.0005 [s])                             

--------------------------- CALCULATING LIPID RATIOS ---------------------------
Starting membrane nr 1
    Starting upper leaflet
        Lipid optimization 'lipid_optim' setting: force_fill
            Forcefully filling leaflet until all grid points have a lipid

            Maximum number of lipids allowed in subleaflet: 375
            
        Maximum number of lipids allowed in leaflet: 375
        Final deviations from expected ratios: Difference in %-values
            Maximum: 0.133
            Average: 0.0838
            Minimum: 0.01
        Leaflet specific lipid data (Combined subleafs)
            Name : Final lipids : Final % : Expected % : Starting % : Starting lipids
            POPC : 135          : 36.0    : 36.111     : 36.193     : 135            
            DLPE : 83           : 22.133  : 22.222     : 22.252     : 83             
            POPE : 63           : 16.8    : 16.667     : 16.622     : 62             
            DLPC : 59           : 15.733  : 15.657     : 15.55      : 58             
            CHOL : 35           : 9.333   : 9.343      : 9.383      : 35             

    Starting lower leaflet
        Lipid optimization 'lipid_optim' setting: force_fill
            Forcefully filling leaflet until all grid points have a lipid

            Maximum number of lipids allowed in subleaflet: 375
            
        Maximum number of lipids allowed in leaflet: 375
        Final deviations from expected ratios: Difference in %-values
            Maximum: 0.133
            Average: 0.0838
            Minimum: 0.01
        Leaflet specific lipid data (Combined subleafs)
            Name : Final lipids : Final % : Expected % : Starting % : Starting lipids
            POPC : 135          : 36.0    : 36.111     : 36.193     : 135            
            DLPE : 83           : 22.133  : 22.222     : 22.252     : 83             
            POPE : 63           : 16.8    : 16.667     : 16.622     : 62             
            DLPC : 59           : 15.733  : 15.657     : 15.55      : 58             
            CHOL : 35           : 9.333   : 9.343      : 9.383      : 35             

    Membrane-wide lipid data
            Name : Total lipids : Total %
            POPC : 270          : 36.0   
            DLPE : 166          : 22.133 
            POPE : 126          : 16.8   
            DLPC : 118          : 15.733 
            CHOL : 70           : 9.333  
---------------------- LIPID RATIO CALCULATIONS COMPLETE -----------------------
                            (Time spent: 0.0024 [s])                             

----------------------------- CREATING LIPID GRID ------------------------------
Starting membrane nr 1
    Starting upper leaflet
            Initial grid creation time: 0.0315 [s]

    Starting lower leaflet
            Initial grid creation time: 0.0319 [s]
------------------------------ LIPID GRID CREATED ------------------------------
                            (Time spent: 0.0641 [s])                             

------------------------------- CREATING LIPIDS --------------------------------
Starting membrane nr 1
    Starting upper leaflet
    Starting lower leaflet
--------------------------- LIPID CREATION COMPLETE ----------------------------
                            (Time spent: 0.1189 [s])                             

------------------------------- SOLVATING SYSTEM -------------------------------
Starting solvation nr 1
    Calculating box volume: (all values in [nm^3])
        Bead radius used for volume calculations 'bead_radius': 0.264 [nm]
        Solvent box volume: 2250.0
        Excluded volume:    633.691
            Solute volume:  0.0
            Lipid volume:   633.691
            Protein volume: 0.0
        Free volume:        1616.309
        Solvent volume:     1623.18

    Solvent box charge information:
        Solvent box charge before solvent insertion: 0.0
            Prior solvent beads:  0
            Lipid beads:          0.0
            Protein beads:        0
        Solvent box charge after solvent insertion:  0.0
            New solvent beads: 0.0
                Solvent       (solv): 0
                Positive ions (pos):  147.0
                Negative ions (neg):  -147.0

    Calculating the number of available grid points
        Final number of 3D grid points available for molecule placement: 68434
        Inserting 13814 solvent molecules into random grid points:
            Currently at solvent number: 1
            Currently at solvent number: 13814

Solvent data for whole system
        Name : Totals : Total % : Molarity(box) : Molarity(free) : Molarity(solvent) : Charge
        W    : 13520  : 97.872  : 9.978         : 13.89          : 13.831            : 0     
        NA   : 147    : 1.064   : 0.108         : 0.151          : 0.15              : 1.0   
        CL   : 147    : 1.064   : 0.108         : 0.151          : 0.15              : -1.0  
------------------------------ SOLVATION COMPLETE ------------------------------
                            (Time spent: 0.121 [s])                              

                          +--------------------------+                          
--------------------------+ FINAL SYSTEM CHARGE: 0.0 +--------------------------
                          +--------------------------+                          

-------------------------------- WRITING FILES ---------------------------------
Writing structure files (PDB/GRO)
    PDB file written: output_systems/Membranes6_LipidOptimization/output_Membranes6_LipidOptimization.pdb
    GRO file written: output_systems/Membranes6_LipidOptimization/output_Membranes6_LipidOptimization.gro
    CIF file written: output_systems/Membranes6_LipidOptimization/output_Membranes6_LipidOptimization.cif

Writing topology file (TOP)
    TOP file written: output_systems/Membranes6_LipidOptimization/topol_Membranes6_LipidOptimization.top 

Writing log file (LOG)
